#
# There is insufficient memory for the Java Runtime Environment to continue.
# Native memory allocation (malloc) failed to allocate 2451696 bytes for Chunk::new
# Possible reasons:
#   The system is out of physical RAM or swap space
#   The process is running with CompressedOops enabled, and the Java Heap may be blocking the growth of the native heap
# Possible solutions:
#   Reduce memory load on the system
#   Increase physical memory or swap space
#   Check if swap backing store is full
#   Decrease Java heap size (-Xmx/-Xms)
#   Decrease number of Java threads
#   Decrease Java thread stack sizes (-Xss)
#   Set larger code cache with -XX:ReservedCodeCacheSize=
#   JVM is running with Unscaled Compressed Oops mode in which the Java heap is
#     placed in the first 4GB address space. The Java Heap base address is the
#     maximum limit for the native heap growth. Please use -XX:HeapBaseMinAddress
#     to set the Java Heap base and to place the Java Heap above 4GB virtual address.
# This output file may be truncated or incomplete.
#
#  Out of Memory Error (./src/hotspot/share/memory/arena.cpp:197), pid=11208, tid=10180
#
# JRE version: OpenJDK Runtime Environment (11.0.12+7) (build 11.0.12+7-b1504.28-7817840)
# Java VM: OpenJDK 64-Bit Server VM (11.0.12+7-b1504.28-7817840, mixed mode, tiered, compressed oops, g1 gc, windows-amd64)
# No core dump will be written. Minidumps are not enabled by default on client versions of Windows
#

---------------  S U M M A R Y ------------

Command Line: --add-opens=java.base/java.util=ALL-UNNAMED --add-opens=java.base/java.lang=ALL-UNNAMED --add-opens=java.base/java.lang.invoke=ALL-UNNAMED --add-opens=java.base/java.util=ALL-UNNAMED --add-opens=java.prefs/java.util.prefs=ALL-UNNAMED --add-opens=java.prefs/java.util.prefs=ALL-UNNAMED --add-opens=java.base/java.nio.charset=ALL-UNNAMED --add-opens=java.base/java.net=ALL-UNNAMED --add-opens=java.base/java.util.concurrent.atomic=ALL-UNNAMED -Xmx2048m -Dfile.encoding=UTF-8 -Duser.country=KR -Duser.language=ko -Duser.variant org.gradle.launcher.daemon.bootstrap.GradleDaemon 7.3.3

Host: Intel(R) Core(TM) i5-8265U CPU @ 1.60GHz, 8 cores, 7G,  Windows 10 , 64 bit Build 22000 (10.0.22000.1219)
Time: Tue Nov 22 17:14:21 2022 대한민국 표준시 elapsed time: 1098.164605 seconds (0d 0h 18m 18s)

---------------  T H R E A D  ---------------

Current thread (0x0000022a56bfb800):  JavaThread "C2 CompilerThread0" daemon [_thread_in_native, id=10180, stack(0x0000009b8d400000,0x0000009b8d500000)]


Current CompileTask:
C2:1098165 22939   !   4       com.sun.tools.javac.jvm.ClassReader::classSigToType (498 bytes)

Stack: [0x0000009b8d400000,0x0000009b8d500000]
Native frames: (J=compiled Java code, j=interpreted, Vv=VM code, C=native code)
V  [jvm.dll+0x5fbcea]
V  [jvm.dll+0x731905]
V  [jvm.dll+0x732f1d]
V  [jvm.dll+0x7335d3]
V  [jvm.dll+0x247bf8]
V  [jvm.dll+0xc018c]
V  [jvm.dll+0xc06cc]
V  [jvm.dll+0x35b2db]
V  [jvm.dll+0x328803]
V  [jvm.dll+0x327cfa]
V  [jvm.dll+0x200602]
V  [jvm.dll+0x1ff794]
V  [jvm.dll+0x18868c]
V  [jvm.dll+0x20e0d7]
V  [jvm.dll+0x20c901]
V  [jvm.dll+0x6f9b7f]
V  [jvm.dll+0x6f26a5]
V  [jvm.dll+0x5fabf6]
C  [ucrtbase.dll+0x26c0c]
C  [KERNEL32.DLL+0x15550]
C  [ntdll.dll+0x485b]


---------------  P R O C E S S  ---------------

Threads class SMR info:
_java_thread_list=0x0000022a61b32a00, length=163, elements={
0x0000022a3be81800, 0x0000022a5631c800, 0x0000022a56328000, 0x0000022a5633e000,
0x0000022a5633f000, 0x0000022a56bfa800, 0x0000022a56bfb800, 0x0000022a56c64800,
0x0000022a56c8e800, 0x0000022a56da5000, 0x0000022a579ee800, 0x0000022a58363000,
0x0000022a583fd000, 0x0000022a592af000, 0x0000022a592af800, 0x0000022a592ae000,
0x0000022a592b2000, 0x0000022a592b3000, 0x0000022a59b0f000, 0x0000022a59b10800,
0x0000022a59b12800, 0x0000022a59b15800, 0x0000022a59b17800, 0x0000022a5b0ac000,
0x0000022a5b0ae800, 0x0000022a5b0b2800, 0x0000022a5904b000, 0x0000022a5904a000,
0x0000022a5904f000, 0x0000022a59056800, 0x0000022a59058000, 0x0000022a5f01c800,
0x0000022a5f022000, 0x0000022a5b1de000, 0x0000022a5edbf800, 0x0000022a5edbc800,
0x0000022a5edbb800, 0x0000022a5edbd000, 0x0000022a5edba000, 0x0000022a5edb9000,
0x0000022a5edbe000, 0x0000022a5edbf000, 0x0000022a5edba800, 0x0000022a5edc3800,
0x0000022a5edc1800, 0x0000022a5edc6000, 0x0000022a5edc0800, 0x0000022a5edc2000,
0x0000022a5edc8000, 0x0000022a5edc7000, 0x0000022a5edc3000, 0x0000022a5edc4800,
0x0000022a5edc5800, 0x0000022a5b1e2800, 0x0000022a5b1de800, 0x0000022a5b1df800,
0x0000022a5b1e0800, 0x0000022a5b1dd000, 0x0000022a5b1e3800, 0x0000022a5b1e5000,
0x0000022a5b1e6000, 0x0000022a5b1e4800, 0x0000022a5b1e7000, 0x0000022a5b1e1000,
0x0000022a5b1e8800, 0x0000022a5b1e9800, 0x0000022a5b1ea000, 0x0000022a5b1e7800,
0x0000022a5b1eb000, 0x0000022a5b1eb800, 0x0000022a5b0a9800, 0x0000022a5b0a5000,
0x0000022a5b0a4000, 0x0000022a5b0ab800, 0x0000022a5b0a5800, 0x0000022a5b0a9000,
0x0000022a5b0a6800, 0x0000022a5b0ad000, 0x0000022a5b0a8000, 0x0000022a5b0aa800,
0x0000022a5b0a7800, 0x0000022a5b0af800, 0x0000022a5b0ae000, 0x0000022a5b0b0000,
0x0000022a5b0b2000, 0x0000022a5b0b1000, 0x0000022a59050000, 0x0000022a5904c800,
0x0000022a59051800, 0x0000022a5904c000, 0x0000022a59052800, 0x0000022a59053000,
0x0000022a5904d800, 0x0000022a59054000, 0x0000022a5904e800, 0x0000022a59057800,
0x0000022a59055000, 0x0000022a59b14000, 0x0000022a59b10000, 0x0000022a59b18000,
0x0000022a59b19000, 0x0000022a59b1c000, 0x0000022a59b19800, 0x0000022a59b1a800,
0x0000022a59b1b800, 0x0000022a59b16800, 0x0000022a59b1d000, 0x0000022a59b1e000,
0x0000022a5f023000, 0x0000022a5f01d000, 0x0000022a5f020800, 0x0000022a5f021000,
0x0000022a5f01e000, 0x0000022a5f01f000, 0x0000022a5f01f800, 0x0000022a592b3800,
0x0000022a592b4800, 0x0000022a592b0800, 0x0000022a592b1800, 0x0000022a5d6e5800,
0x0000022a5d6e7000, 0x0000022a5d6e4800, 0x0000022a5d6eb000, 0x0000022a5d6e8000,
0x0000022a5d6e6800, 0x0000022a5d6ec000, 0x0000022a5d6ed000, 0x0000022a5d6e9000,
0x0000022a5d6ea800, 0x0000022a5d6ed800, 0x0000022a5d6ee800, 0x0000022a5d6e9800,
0x0000022a5d6f1000, 0x0000022a5d6ef800, 0x0000022a5d6f1800, 0x0000022a5d6f0000,
0x0000022a5d6f2800, 0x0000022a5ba30000, 0x0000022a5ba31000, 0x0000022a5ba2d000,
0x0000022a5ba2e800, 0x0000022a5ba32000, 0x0000022a5ba2d800, 0x0000022a5d6f3800,
0x0000022a6596a000, 0x0000022a65969000, 0x0000022a6596c800, 0x0000022a6596d000,
0x0000022a6596e000, 0x0000022a6596b000, 0x0000022a6596b800, 0x0000022a65968800,
0x0000022a65972000, 0x0000022a6596f000, 0x0000022a65973000, 0x0000022a65970800,
0x0000022a65971800, 0x0000022a65974000, 0x0000022a65974800, 0x0000022a65975800,
0x0000022a6596f800, 0x0000022a65977000, 0x0000022a65976000
}

Java Threads: ( => current thread )
  0x0000022a3be81800 JavaThread "main" [_thread_blocked, id=23792, stack(0x0000009b8c800000,0x0000009b8c900000)]
  0x0000022a5631c800 JavaThread "Reference Handler" daemon [_thread_blocked, id=17980, stack(0x0000009b8cf00000,0x0000009b8d000000)]
  0x0000022a56328000 JavaThread "Finalizer" daemon [_thread_blocked, id=25676, stack(0x0000009b8d000000,0x0000009b8d100000)]
  0x0000022a5633e000 JavaThread "Signal Dispatcher" daemon [_thread_blocked, id=16672, stack(0x0000009b8d100000,0x0000009b8d200000)]
  0x0000022a5633f000 JavaThread "Attach Listener" daemon [_thread_blocked, id=25672, stack(0x0000009b8d200000,0x0000009b8d300000)]
  0x0000022a56bfa800 JavaThread "Service Thread" daemon [_thread_blocked, id=19196, stack(0x0000009b8d300000,0x0000009b8d400000)]
=>0x0000022a56bfb800 JavaThread "C2 CompilerThread0" daemon [_thread_in_native, id=10180, stack(0x0000009b8d400000,0x0000009b8d500000)]
  0x0000022a56c64800 JavaThread "C1 CompilerThread0" daemon [_thread_in_native, id=18152, stack(0x0000009b8d500000,0x0000009b8d600000)]
  0x0000022a56c8e800 JavaThread "Sweeper thread" daemon [_thread_blocked, id=10996, stack(0x0000009b8d600000,0x0000009b8d700000)]
  0x0000022a56da5000 JavaThread "Common-Cleaner" daemon [_thread_blocked, id=23604, stack(0x0000009b8d700000,0x0000009b8d800000)]
  0x0000022a579ee800 JavaThread "Daemon health stats" [_thread_blocked, id=18236, stack(0x0000009b8db00000,0x0000009b8dc00000)]
  0x0000022a58363000 JavaThread "Incoming local TCP Connector on port 59310" [_thread_in_native, id=26000, stack(0x0000009b8dc00000,0x0000009b8dd00000)]
  0x0000022a583fd000 JavaThread "Daemon periodic checks" [_thread_blocked, id=16856, stack(0x0000009b8dd00000,0x0000009b8de00000)]
  0x0000022a592af000 JavaThread "Cache worker for journal cache (C:\Users\82105\.gradle\caches\journal-1)" [_thread_blocked, id=10652, stack(0x0000009b8e500000,0x0000009b8e600000)]
  0x0000022a592af800 JavaThread "File lock request listener" [_thread_in_native, id=26332, stack(0x0000009b8e600000,0x0000009b8e700000)]
  0x0000022a592ae000 JavaThread "Cache worker for file hash cache (C:\Users\82105\.gradle\caches\7.3.3\fileHashes)" [_thread_blocked, id=10216, stack(0x0000009b8e700000,0x0000009b8e800000)]
  0x0000022a592b2000 JavaThread "File watcher server" daemon [_thread_in_native, id=16840, stack(0x0000009b8ef00000,0x0000009b8f000000)]
  0x0000022a592b3000 JavaThread "File watcher consumer" daemon [_thread_blocked, id=23664, stack(0x0000009b8f000000,0x0000009b8f100000)]
  0x0000022a59b0f000 JavaThread "Cache worker for execution history cache (C:\Users\82105\.gradle\caches\7.3.3\executionHistory)" [_thread_blocked, id=18928, stack(0x0000009b8f400000,0x0000009b8f500000)]
  0x0000022a59b10800 JavaThread "jar transforms" [_thread_blocked, id=12208, stack(0x0000009b8f500000,0x0000009b8f600000)]
  0x0000022a59b12800 JavaThread "Cache worker for file content cache (C:\Users\82105\.gradle\caches\7.3.3\fileContent)" [_thread_blocked, id=5588, stack(0x0000009b8f600000,0x0000009b8f700000)]
  0x0000022a59b15800 JavaThread "jar transforms Thread 2" [_thread_blocked, id=11836, stack(0x0000009b8f700000,0x0000009b8f800000)]
  0x0000022a59b17800 JavaThread "jar transforms Thread 3" [_thread_blocked, id=1260, stack(0x0000009b8f900000,0x0000009b8fa00000)]
  0x0000022a5b0ac000 JavaThread "jar transforms Thread 4" [_thread_blocked, id=4136, stack(0x0000009b94b00000,0x0000009b94c00000)]
  0x0000022a5b0ae800 JavaThread "jar transforms Thread 5" [_thread_blocked, id=15820, stack(0x0000009b94c00000,0x0000009b94d00000)]
  0x0000022a5b0b2800 JavaThread "jar transforms Thread 6" [_thread_blocked, id=8000, stack(0x0000009b94d00000,0x0000009b94e00000)]
  0x0000022a5904b000 JavaThread "jar transforms Thread 7" [_thread_blocked, id=14504, stack(0x0000009b94e00000,0x0000009b94f00000)]
  0x0000022a5904a000 JavaThread "jar transforms Thread 8" [_thread_blocked, id=13652, stack(0x0000009b94f00000,0x0000009b95000000)]
  0x0000022a5904f000 JavaThread "Memory manager" [_thread_blocked, id=8776, stack(0x0000009b95000000,0x0000009b95100000)]
  0x0000022a59056800 JavaThread "RMI Scheduler(0)" daemon [_thread_blocked, id=6476, stack(0x0000009b95c00000,0x0000009b95d00000)]
  0x0000022a59058000 JavaThread "RMI GC Daemon" daemon [_thread_blocked, id=3776, stack(0x0000009b95e00000,0x0000009b95f00000)]
  0x0000022a5f01c800 JavaThread "RMI TCP Accept-0" daemon [_thread_in_native, id=7344, stack(0x0000009b95f00000,0x0000009b96000000)]
  0x0000022a5f022000 JavaThread "RMI Reaper" [_thread_blocked, id=16544, stack(0x0000009b96000000,0x0000009b96100000)]
  0x0000022a5b1de000 JavaThread "Cache worker for Java compile cache (C:\Users\82105\.gradle\caches\7.3.3\javaCompile)" [_thread_blocked, id=20276, stack(0x0000009b96500000,0x0000009b96600000)]
  0x0000022a5edbf800 JavaThread "ForkJoinPool.commonPool-worker-11" daemon [_thread_blocked, id=7752, stack(0x0000009b97900000,0x0000009b97a00000)]
  0x0000022a5edbc800 JavaThread "Daemon Thread 4" [_thread_blocked, id=22344, stack(0x0000009b8c500000,0x0000009b8c600000)]
  0x0000022a5edbb800 JavaThread "Handler for socket connection from /127.0.0.1:59310 to /127.0.0.1:53049" [_thread_in_native, id=26248, stack(0x0000009b8c600000,0x0000009b8c700000)]
  0x0000022a5edbd000 JavaThread "Cancel handler" [_thread_blocked, id=6760, stack(0x0000009b8c700000,0x0000009b8c800000)]
  0x0000022a5edba000 JavaThread "Daemon worker Thread 4" [_thread_blocked, id=16268, stack(0x0000009b8de00000,0x0000009b8df00000)]
  0x0000022a5edb9000 JavaThread "Asynchronous log dispatcher for DefaultDaemonConnection: socket connection from /127.0.0.1:59310 to /127.0.0.1:53049" [_thread_blocked, id=20176, stack(0x0000009b8df00000,0x0000009b8e000000)]
  0x0000022a5edbe000 JavaThread "Stdin handler" [_thread_blocked, id=2840, stack(0x0000009b8e000000,0x0000009b8e100000)]
  0x0000022a5edbf000 JavaThread "Daemon client event forwarder" [_thread_blocked, id=19848, stack(0x0000009b8e100000,0x0000009b8e200000)]
  0x0000022a5edba800 JavaThread "Cache worker for file hash cache (C:\Users\82105\AndroidStudioProjects\architectureProject\sokdaksokdak\.gradle\7.3.3\fileHashes)" [_thread_blocked, id=17808, stack(0x0000009b8e200000,0x0000009b8e300000)]
  0x0000022a5edc3800 JavaThread "Cache worker for checksums cache (C:\Users\82105\AndroidStudioProjects\architectureProject\sokdaksokdak\.gradle\7.3.3\checksums)" [_thread_blocked, id=16308, stack(0x0000009b8e300000,0x0000009b8e400000)]
  0x0000022a5edc1800 JavaThread "Cache worker for cache directory md-supplier (C:\Users\82105\.gradle\caches\7.3.3\md-supplier)" [_thread_blocked, id=3232, stack(0x0000009b8e400000,0x0000009b8e500000)]
  0x0000022a5edc6000 JavaThread "Cache worker for cache directory md-rule (C:\Users\82105\.gradle\caches\7.3.3\md-rule)" [_thread_blocked, id=4416, stack(0x0000009b8ee00000,0x0000009b8ef00000)]
  0x0000022a5edc0800 JavaThread "Cache worker for dependencies-accessors (C:\Users\82105\AndroidStudioProjects\architectureProject\sokdaksokdak\.gradle\7.3.3\dependencies-accessors)" [_thread_blocked, id=19536, stack(0x0000009b8f100000,0x0000009b8f200000)]
  0x0000022a5edc2000 JavaThread "Cache worker for Build Output Cleanup Cache (C:\Users\82105\AndroidStudioProjects\architectureProject\sokdaksokdak\.gradle\buildOutputCleanup)" [_thread_blocked, id=25440, stack(0x0000009b8f200000,0x0000009b8f300000)]
  0x0000022a5edc8000 JavaThread "Unconstrained build operations" [_thread_blocked, id=25616, stack(0x0000009b8f300000,0x0000009b8f400000)]
  0x0000022a5edc7000 JavaThread "Unconstrained build operations Thread 2" [_thread_blocked, id=13392, stack(0x0000009b8f800000,0x0000009b8f900000)]
  0x0000022a5edc3000 JavaThread "Unconstrained build operations Thread 3" [_thread_blocked, id=968, stack(0x0000009b8fa00000,0x0000009b8fb00000)]
  0x0000022a5edc4800 JavaThread "Unconstrained build operations Thread 4" [_thread_blocked, id=23288, stack(0x0000009b8fb00000,0x0000009b8fc00000)]
  0x0000022a5edc5800 JavaThread "Unconstrained build operations Thread 5" [_thread_blocked, id=20052, stack(0x0000009b8fc00000,0x0000009b8fd00000)]
  0x0000022a5b1e2800 JavaThread "Unconstrained build operations Thread 6" [_thread_blocked, id=20552, stack(0x0000009b8fd00000,0x0000009b8fe00000)]
  0x0000022a5b1de800 JavaThread "Unconstrained build operations Thread 7" [_thread_blocked, id=15388, stack(0x0000009b8fe00000,0x0000009b8ff00000)]
  0x0000022a5b1df800 JavaThread "Unconstrained build operations Thread 8" [_thread_blocked, id=20976, stack(0x0000009b8ff00000,0x0000009b90000000)]
  0x0000022a5b1e0800 JavaThread "Unconstrained build operations Thread 9" [_thread_blocked, id=12512, stack(0x0000009b90000000,0x0000009b90100000)]
  0x0000022a5b1dd000 JavaThread "Unconstrained build operations Thread 10" [_thread_blocked, id=5508, stack(0x0000009b90100000,0x0000009b90200000)]
  0x0000022a5b1e3800 JavaThread "Unconstrained build operations Thread 11" [_thread_blocked, id=9220, stack(0x0000009b90200000,0x0000009b90300000)]
  0x0000022a5b1e5000 JavaThread "Unconstrained build operations Thread 12" [_thread_blocked, id=22316, stack(0x0000009b90300000,0x0000009b90400000)]
  0x0000022a5b1e6000 JavaThread "Unconstrained build operations Thread 13" [_thread_blocked, id=26384, stack(0x0000009b90400000,0x0000009b90500000)]
  0x0000022a5b1e4800 JavaThread "Unconstrained build operations Thread 14" [_thread_blocked, id=20188, stack(0x0000009b90500000,0x0000009b90600000)]
  0x0000022a5b1e7000 JavaThread "Unconstrained build operations Thread 15" [_thread_blocked, id=26404, stack(0x0000009b90600000,0x0000009b90700000)]
  0x0000022a5b1e1000 JavaThread "Unconstrained build operations Thread 16" [_thread_blocked, id=24980, stack(0x0000009b90700000,0x0000009b90800000)]
  0x0000022a5b1e8800 JavaThread "Unconstrained build operations Thread 17" [_thread_blocked, id=23892, stack(0x0000009b90800000,0x0000009b90900000)]
  0x0000022a5b1e9800 JavaThread "Unconstrained build operations Thread 18" [_thread_blocked, id=18956, stack(0x0000009b90900000,0x0000009b90a00000)]
  0x0000022a5b1ea000 JavaThread "Unconstrained build operations Thread 19" [_thread_blocked, id=17284, stack(0x0000009b90a00000,0x0000009b90b00000)]
  0x0000022a5b1e7800 JavaThread "Unconstrained build operations Thread 20" [_thread_blocked, id=26212, stack(0x0000009b90b00000,0x0000009b90c00000)]
  0x0000022a5b1eb000 JavaThread "Unconstrained build operations Thread 21" [_thread_blocked, id=17192, stack(0x0000009b90c00000,0x0000009b90d00000)]
  0x0000022a5b1eb800 JavaThread "Unconstrained build operations Thread 22" [_thread_blocked, id=21092, stack(0x0000009b90d00000,0x0000009b90e00000)]
  0x0000022a5b0a9800 JavaThread "Unconstrained build operations Thread 23" [_thread_blocked, id=10968, stack(0x0000009b90e00000,0x0000009b90f00000)]
  0x0000022a5b0a5000 JavaThread "Unconstrained build operations Thread 24" [_thread_blocked, id=26588, stack(0x0000009b90f00000,0x0000009b91000000)]
  0x0000022a5b0a4000 JavaThread "Unconstrained build operations Thread 25" [_thread_blocked, id=3552, stack(0x0000009b91000000,0x0000009b91100000)]
  0x0000022a5b0ab800 JavaThread "Unconstrained build operations Thread 26" [_thread_blocked, id=3424, stack(0x0000009b91100000,0x0000009b91200000)]
  0x0000022a5b0a5800 JavaThread "Unconstrained build operations Thread 27" [_thread_blocked, id=12152, stack(0x0000009b91200000,0x0000009b91300000)]
  0x0000022a5b0a9000 JavaThread "Unconstrained build operations Thread 28" [_thread_blocked, id=5468, stack(0x0000009b91300000,0x0000009b91400000)]
  0x0000022a5b0a6800 JavaThread "Unconstrained build operations Thread 29" [_thread_blocked, id=14044, stack(0x0000009b91400000,0x0000009b91500000)]
  0x0000022a5b0ad000 JavaThread "Unconstrained build operations Thread 30" [_thread_blocked, id=24596, stack(0x0000009b91500000,0x0000009b91600000)]
  0x0000022a5b0a8000 JavaThread "Unconstrained build operations Thread 31" [_thread_blocked, id=8008, stack(0x0000009b91600000,0x0000009b91700000)]
  0x0000022a5b0aa800 JavaThread "Unconstrained build operations Thread 32" [_thread_blocked, id=22588, stack(0x0000009b91700000,0x0000009b91800000)]
  0x0000022a5b0a7800 JavaThread "Unconstrained build operations Thread 33" [_thread_blocked, id=14920, stack(0x0000009b91800000,0x0000009b91900000)]
  0x0000022a5b0af800 JavaThread "Unconstrained build operations Thread 34" [_thread_blocked, id=21848, stack(0x0000009b91900000,0x0000009b91a00000)]
  0x0000022a5b0ae000 JavaThread "Unconstrained build operations Thread 35" [_thread_blocked, id=21056, stack(0x0000009b91a00000,0x0000009b91b00000)]
  0x0000022a5b0b0000 JavaThread "Unconstrained build operations Thread 36" [_thread_blocked, id=26216, stack(0x0000009b91b00000,0x0000009b91c00000)]
  0x0000022a5b0b2000 JavaThread "Unconstrained build operations Thread 37" [_thread_blocked, id=25428, stack(0x0000009b91c00000,0x0000009b91d00000)]
  0x0000022a5b0b1000 JavaThread "Unconstrained build operations Thread 38" [_thread_blocked, id=5256, stack(0x0000009b91d00000,0x0000009b91e00000)]
  0x0000022a59050000 JavaThread "Unconstrained build operations Thread 39" [_thread_blocked, id=11648, stack(0x0000009b91e00000,0x0000009b91f00000)]
  0x0000022a5904c800 JavaThread "Unconstrained build operations Thread 40" [_thread_blocked, id=20332, stack(0x0000009b91f00000,0x0000009b92000000)]
  0x0000022a59051800 JavaThread "Unconstrained build operations Thread 41" [_thread_blocked, id=17052, stack(0x0000009b92000000,0x0000009b92100000)]
  0x0000022a5904c000 JavaThread "Unconstrained build operations Thread 42" [_thread_blocked, id=5388, stack(0x0000009b92100000,0x0000009b92200000)]
  0x0000022a59052800 JavaThread "Unconstrained build operations Thread 43" [_thread_blocked, id=12988, stack(0x0000009b92200000,0x0000009b92300000)]
  0x0000022a59053000 JavaThread "Unconstrained build operations Thread 44" [_thread_blocked, id=2864, stack(0x0000009b92300000,0x0000009b92400000)]
  0x0000022a5904d800 JavaThread "Unconstrained build operations Thread 45" [_thread_blocked, id=20984, stack(0x0000009b92400000,0x0000009b92500000)]
  0x0000022a59054000 JavaThread "Unconstrained build operations Thread 46" [_thread_blocked, id=23924, stack(0x0000009b92500000,0x0000009b92600000)]
  0x0000022a5904e800 JavaThread "Unconstrained build operations Thread 47" [_thread_blocked, id=3864, stack(0x0000009b92600000,0x0000009b92700000)]
  0x0000022a59057800 JavaThread "Unconstrained build operations Thread 48" [_thread_blocked, id=14372, stack(0x0000009b92700000,0x0000009b92800000)]
  0x0000022a59055000 JavaThread "Unconstrained build operations Thread 49" [_thread_blocked, id=20716, stack(0x0000009b92800000,0x0000009b92900000)]
  0x0000022a59b14000 JavaThread "Unconstrained build operations Thread 50" [_thread_blocked, id=22016, stack(0x0000009b92900000,0x0000009b92a00000)]
  0x0000022a59b10000 JavaThread "Unconstrained build operations Thread 51" [_thread_blocked, id=10668, stack(0x0000009b92a00000,0x0000009b92b00000)]
  0x0000022a59b18000 JavaThread "Unconstrained build operations Thread 52" [_thread_blocked, id=1940, stack(0x0000009b92b00000,0x0000009b92c00000)]
  0x0000022a59b19000 JavaThread "Unconstrained build operations Thread 53" [_thread_blocked, id=21948, stack(0x0000009b92c00000,0x0000009b92d00000)]
  0x0000022a59b1c000 JavaThread "Unconstrained build operations Thread 54" [_thread_blocked, id=26320, stack(0x0000009b92d00000,0x0000009b92e00000)]
  0x0000022a59b19800 JavaThread "Unconstrained build operations Thread 55" [_thread_blocked, id=18508, stack(0x0000009b92e00000,0x0000009b92f00000)]
  0x0000022a59b1a800 JavaThread "Unconstrained build operations Thread 56" [_thread_blocked, id=9656, stack(0x0000009b92f00000,0x0000009b93000000)]
  0x0000022a59b1b800 JavaThread "Unconstrained build operations Thread 57" [_thread_blocked, id=11364, stack(0x0000009b93000000,0x0000009b93100000)]
  0x0000022a59b16800 JavaThread "Unconstrained build operations Thread 58" [_thread_blocked, id=19580, stack(0x0000009b93100000,0x0000009b93200000)]
  0x0000022a59b1d000 JavaThread "Unconstrained build operations Thread 59" [_thread_blocked, id=23808, stack(0x0000009b93200000,0x0000009b93300000)]
  0x0000022a59b1e000 JavaThread "Unconstrained build operations Thread 60" [_thread_blocked, id=2256, stack(0x0000009b93300000,0x0000009b93400000)]
  0x0000022a5f023000 JavaThread "Unconstrained build operations Thread 61" [_thread_blocked, id=24300, stack(0x0000009b93400000,0x0000009b93500000)]
  0x0000022a5f01d000 JavaThread "Unconstrained build operations Thread 62" [_thread_blocked, id=18228, stack(0x0000009b93500000,0x0000009b93600000)]
  0x0000022a5f020800 JavaThread "Unconstrained build operations Thread 63" [_thread_blocked, id=7396, stack(0x0000009b93600000,0x0000009b93700000)]
  0x0000022a5f021000 JavaThread "Unconstrained build operations Thread 64" [_thread_blocked, id=19096, stack(0x0000009b93700000,0x0000009b93800000)]
  0x0000022a5f01e000 JavaThread "Unconstrained build operations Thread 65" [_thread_blocked, id=20880, stack(0x0000009b93800000,0x0000009b93900000)]
  0x0000022a5f01f000 JavaThread "Unconstrained build operations Thread 66" [_thread_blocked, id=25772, stack(0x0000009b93900000,0x0000009b93a00000)]
  0x0000022a5f01f800 JavaThread "Unconstrained build operations Thread 67" [_thread_blocked, id=25500, stack(0x0000009b93a00000,0x0000009b93b00000)]
  0x0000022a592b3800 JavaThread "Unconstrained build operations Thread 68" [_thread_blocked, id=16248, stack(0x0000009b93b00000,0x0000009b93c00000)]
  0x0000022a592b4800 JavaThread "Unconstrained build operations Thread 69" [_thread_blocked, id=4988, stack(0x0000009b93c00000,0x0000009b93d00000)]
  0x0000022a592b0800 JavaThread "Unconstrained build operations Thread 70" [_thread_blocked, id=17444, stack(0x0000009b93d00000,0x0000009b93e00000)]
  0x0000022a592b1800 JavaThread "Unconstrained build operations Thread 71" [_thread_blocked, id=13320, stack(0x0000009b93e00000,0x0000009b93f00000)]
  0x0000022a5d6e5800 JavaThread "Unconstrained build operations Thread 72" [_thread_blocked, id=9884, stack(0x0000009b93f00000,0x0000009b94000000)]
  0x0000022a5d6e7000 JavaThread "Unconstrained build operations Thread 73" [_thread_blocked, id=21624, stack(0x0000009b94000000,0x0000009b94100000)]
  0x0000022a5d6e4800 JavaThread "Unconstrained build operations Thread 74" [_thread_blocked, id=23964, stack(0x0000009b94100000,0x0000009b94200000)]
  0x0000022a5d6eb000 JavaThread "Unconstrained build operations Thread 75" [_thread_blocked, id=24972, stack(0x0000009b94200000,0x0000009b94300000)]
  0x0000022a5d6e8000 JavaThread "Unconstrained build operations Thread 76" [_thread_blocked, id=20932, stack(0x0000009b94300000,0x0000009b94400000)]
  0x0000022a5d6e6800 JavaThread "Unconstrained build operations Thread 77" [_thread_blocked, id=25812, stack(0x0000009b94400000,0x0000009b94500000)]
  0x0000022a5d6ec000 JavaThread "Unconstrained build operations Thread 78" [_thread_blocked, id=13144, stack(0x0000009b94500000,0x0000009b94600000)]
  0x0000022a5d6ed000 JavaThread "Unconstrained build operations Thread 79" [_thread_blocked, id=20988, stack(0x0000009b94600000,0x0000009b94700000)]
  0x0000022a5d6e9000 JavaThread "Unconstrained build operations Thread 80" [_thread_blocked, id=25836, stack(0x0000009b94700000,0x0000009b94800000)]
  0x0000022a5d6ea800 JavaThread "build event listener" [_thread_blocked, id=25980, stack(0x0000009b94800000,0x0000009b94900000)]
  0x0000022a5d6ed800 JavaThread "Execution worker for ':'" [_thread_blocked, id=8256, stack(0x0000009b94900000,0x0000009b94a00000)]
  0x0000022a5d6ee800 JavaThread "Execution worker for ':' Thread 2" [_thread_blocked, id=11692, stack(0x0000009b94a00000,0x0000009b94b00000)]
  0x0000022a5d6e9800 JavaThread "Execution worker for ':' Thread 3" [_thread_blocked, id=23688, stack(0x0000009b95100000,0x0000009b95200000)]
  0x0000022a5d6f1000 JavaThread "Execution worker for ':' Thread 4" [_thread_blocked, id=12716, stack(0x0000009b95200000,0x0000009b95300000)]
  0x0000022a5d6ef800 JavaThread "Execution worker for ':' Thread 5" [_thread_blocked, id=3372, stack(0x0000009b95300000,0x0000009b95400000)]
  0x0000022a5d6f1800 JavaThread "Execution worker for ':' Thread 6" [_thread_blocked, id=14600, stack(0x0000009b95400000,0x0000009b95500000)]
  0x0000022a5d6f0000 JavaThread "Execution worker for ':' Thread 7" [_thread_blocked, id=23972, stack(0x0000009b95500000,0x0000009b95600000)]
  0x0000022a5d6f2800 JavaThread "Cache worker for execution history cache (C:\Users\82105\AndroidStudioProjects\architectureProject\sokdaksokdak\.gradle\7.3.3\executionHistory)" [_thread_blocked, id=23136, stack(0x0000009b95600000,0x0000009b95700000)]
  0x0000022a5ba30000 JavaThread "pool-11-thread-1" [_thread_blocked, id=11236, stack(0x0000009b95a00000,0x0000009b95b00000)]
  0x0000022a5ba31000 JavaThread "stderr" [_thread_in_native, id=10556, stack(0x0000009b95b00000,0x0000009b95c00000)]
  0x0000022a5ba2d000 JavaThread "stdout" [_thread_in_native, id=26276, stack(0x0000009b95d00000,0x0000009b95e00000)]
  0x0000022a5ba2e800 JavaThread "WorkerExecutor Queue Thread 4" [_thread_in_Java, id=19136, stack(0x0000009b96100000,0x0000009b96200000)]
  0x0000022a5ba32000 JavaThread "RMI TCP Connection(15)-127.0.0.1" daemon [_thread_in_native, id=12752, stack(0x0000009b96300000,0x0000009b96400000)]
  0x0000022a5ba2d800 JavaThread "RMI TCP Connection(idle)" daemon [_thread_blocked, id=2164, stack(0x0000009b95800000,0x0000009b95900000)]
  0x0000022a5d6f3800 JavaThread "RMI TCP Connection(idle)" daemon [_thread_blocked, id=20472, stack(0x0000009b96400000,0x0000009b96500000)]
  0x0000022a6596a000 JavaThread "RMI TCP Connection(idle)" daemon [_thread_blocked, id=18932, stack(0x0000009b96600000,0x0000009b96700000)]
  0x0000022a65969000 JavaThread "RMI TCP Connection(idle)" daemon [_thread_blocked, id=948, stack(0x0000009b96700000,0x0000009b96800000)]
  0x0000022a6596c800 JavaThread "WorkerExecutor Queue Thread 6" [_thread_blocked, id=13796, stack(0x0000009b95900000,0x0000009b95a00000)]
  0x0000022a6596d000 JavaThread "RMI TCP Connection(20)-127.0.0.1" daemon [_thread_in_native, id=2116, stack(0x0000009b96800000,0x0000009b96900000)]
  0x0000022a6596e000 JavaThread "Build operations" [_thread_blocked, id=22620, stack(0x0000009b95700000,0x0000009b95800000)]
  0x0000022a6596b000 JavaThread "Build operations Thread 2" [_thread_blocked, id=18216, stack(0x0000009b96200000,0x0000009b96300000)]
  0x0000022a6596b800 JavaThread "Build operations Thread 3" [_thread_blocked, id=17908, stack(0x0000009b96900000,0x0000009b96a00000)]
  0x0000022a65968800 JavaThread "Build operations Thread 4" [_thread_blocked, id=12948, stack(0x0000009b96a00000,0x0000009b96b00000)]
  0x0000022a65972000 JavaThread "Build operations Thread 5" [_thread_blocked, id=23080, stack(0x0000009b96b00000,0x0000009b96c00000)]
  0x0000022a6596f000 JavaThread "Build operations Thread 6" [_thread_blocked, id=11144, stack(0x0000009b96c00000,0x0000009b96d00000)]
  0x0000022a65973000 JavaThread "Build operations Thread 7" [_thread_blocked, id=26144, stack(0x0000009b96d00000,0x0000009b96e00000)]
  0x0000022a65970800 JavaThread "Build operations Thread 8" [_thread_blocked, id=2176, stack(0x0000009b96e00000,0x0000009b96f00000)]
  0x0000022a65971800 JavaThread "WorkerExecutor Queue Thread 7" [_thread_blocked, id=20240, stack(0x0000009b96f00000,0x0000009b97000000)]
  0x0000022a65974000 JavaThread "WorkerExecutor Queue Thread 8" [_thread_in_Java, id=26104, stack(0x0000009b97000000,0x0000009b97100000)]
  0x0000022a65974800 JavaThread "WorkerExecutor Queue Thread 9" [_thread_in_Java, id=12048, stack(0x0000009b97100000,0x0000009b97200000)]
  0x0000022a65975800 JavaThread "WorkerExecutor Queue Thread 10" [_thread_in_Java, id=16752, stack(0x0000009b97200000,0x0000009b97300000)]
  0x0000022a6596f800 JavaThread "WorkerExecutor Queue Thread 11" [_thread_in_Java, id=24744, stack(0x0000009b97300000,0x0000009b97400000)]
  0x0000022a65977000 JavaThread "WorkerExecutor Queue Thread 12" [_thread_blocked, id=15216, stack(0x0000009b97400000,0x0000009b97500000)]
  0x0000022a65976000 JavaThread "WorkerExecutor Queue Thread 13" [_thread_in_Java, id=26076, stack(0x0000009b97500000,0x0000009b97600000)]

Other Threads:
  0x0000022a56318000 VMThread "VM Thread" [stack: 0x0000009b8ce00000,0x0000009b8cf00000] [id=22764]
  0x0000022a56dc4000 WatcherThread [stack: 0x0000009b8d800000,0x0000009b8d900000] [id=18840]
  0x0000022a3be9c000 GCTaskThread "GC Thread#0" [stack: 0x0000009b8c900000,0x0000009b8ca00000] [id=7048]
  0x0000022a57741800 GCTaskThread "GC Thread#1" [stack: 0x0000009b8d900000,0x0000009b8da00000] [id=24968]
  0x0000022a5781e800 GCTaskThread "GC Thread#2" [stack: 0x0000009b8da00000,0x0000009b8db00000] [id=19276]
  0x0000022a5922d800 GCTaskThread "GC Thread#3" [stack: 0x0000009b8e800000,0x0000009b8e900000] [id=16652]
  0x0000022a586f9000 GCTaskThread "GC Thread#4" [stack: 0x0000009b8e900000,0x0000009b8ea00000] [id=26112]
  0x0000022a57e2d800 GCTaskThread "GC Thread#5" [stack: 0x0000009b8ea00000,0x0000009b8eb00000] [id=7980]
  0x0000022a58d83800 GCTaskThread "GC Thread#6" [stack: 0x0000009b8eb00000,0x0000009b8ec00000] [id=13764]
  0x0000022a58d84800 GCTaskThread "GC Thread#7" [stack: 0x0000009b8ec00000,0x0000009b8ed00000] [id=23748]
  0x0000022a3becb800 ConcurrentGCThread "G1 Main Marker" [stack: 0x0000009b8ca00000,0x0000009b8cb00000] [id=22100]
  0x0000022a3bece800 ConcurrentGCThread "G1 Conc#0" [stack: 0x0000009b8cb00000,0x0000009b8cc00000] [id=1316]
  0x0000022a56f7e000 ConcurrentGCThread "G1 Conc#1" [stack: 0x0000009b8ed00000,0x0000009b8ee00000] [id=17356]
  0x0000022a56160800 ConcurrentGCThread "G1 Refine#0" [stack: 0x0000009b8cc00000,0x0000009b8cd00000] [id=21940]
  0x0000022a56164000 ConcurrentGCThread "G1 Young RemSet Sampling" [stack: 0x0000009b8cd00000,0x0000009b8ce00000] [id=16496]

Threads with active compile tasks:
C2 CompilerThread01098262 22939   !   4       com.sun.tools.javac.jvm.ClassReader::classSigToType (498 bytes)
C1 CompilerThread01098262 24143       3       com.android.tools.r8.internal.xa::a (4216 bytes)

VM state:not at safepoint (normal execution)

VM Mutex/Monitor currently owned by a thread: None

Heap address: 0x0000000080000000, size: 2048 MB, Compressed Oops mode: 32-bit
Narrow klass base: 0x0000000000000000, Narrow klass shift: 3
Compressed class space size: 1073741824 Address: 0x0000000100000000

Heap:
 garbage-first heap   total 225280K, used 178250K [0x0000000080000000, 0x0000000100000000)
  region size 1024K, 42 young (43008K), 6 survivors (6144K)
 Metaspace       used 139807K, capacity 144238K, committed 146300K, reserved 1175552K
  class space    used 17564K, capacity 19189K, committed 19404K, reserved 1048576K
Heap Regions: E=young(eden), S=young(survivor), O=old, HS=humongous(starts), HC=humongous(continues), CS=collection set, F=free, A=archive, TAMS=top-at-mark-start (previous, next)
|   0|0x0000000080000000, 0x0000000080100000, 0x0000000080100000|100%| O|  |TAMS 0x0000000080100000, 0x0000000080000000| Untracked 
|   1|0x0000000080100000, 0x0000000080200000, 0x0000000080200000|100%| O|  |TAMS 0x0000000080200000, 0x0000000080100000| Complete 
|   2|0x0000000080200000, 0x0000000080300000, 0x0000000080300000|100%| O|  |TAMS 0x0000000080300000, 0x0000000080200000| Untracked 
|   3|0x0000000080300000, 0x0000000080400000, 0x0000000080400000|100%|HS|  |TAMS 0x0000000080400000, 0x0000000080300000| Complete 
|   4|0x0000000080400000, 0x0000000080500000, 0x0000000080500000|100%|HC|  |TAMS 0x0000000080500000, 0x0000000080400000| Complete 
|   5|0x0000000080500000, 0x0000000080600000, 0x0000000080600000|100%|HC|  |TAMS 0x0000000080600000, 0x0000000080500000| Complete 
|   6|0x0000000080600000, 0x0000000080700000, 0x0000000080700000|100%| O|  |TAMS 0x0000000080700000, 0x0000000080600000| Complete 
|   7|0x0000000080700000, 0x0000000080800000, 0x0000000080800000|100%| O|  |TAMS 0x0000000080800000, 0x0000000080700000| Untracked 
|   8|0x0000000080800000, 0x0000000080900000, 0x0000000080900000|100%| O|  |TAMS 0x0000000080900000, 0x0000000080800000| Untracked 
|   9|0x0000000080900000, 0x0000000080a00000, 0x0000000080a00000|100%| O|  |TAMS 0x0000000080a00000, 0x0000000080900000| Untracked 
|  10|0x0000000080a00000, 0x0000000080b00000, 0x0000000080b00000|100%| O|  |TAMS 0x0000000080b00000, 0x0000000080a00000| Untracked 
|  11|0x0000000080b00000, 0x0000000080c00000, 0x0000000080c00000|100%| O|  |TAMS 0x0000000080c00000, 0x0000000080b00000| Untracked 
|  12|0x0000000080c00000, 0x0000000080d00000, 0x0000000080d00000|100%| O|  |TAMS 0x0000000080d00000, 0x0000000080c00000| Untracked 
|  13|0x0000000080d00000, 0x0000000080e00000, 0x0000000080e00000|100%| O|  |TAMS 0x0000000080e00000, 0x0000000080d00000| Untracked 
|  14|0x0000000080e00000, 0x0000000080f00000, 0x0000000080f00000|100%| O|  |TAMS 0x0000000080f00000, 0x0000000080e00000| Complete 
|  15|0x0000000080f00000, 0x0000000081000000, 0x0000000081000000|100%| O|  |TAMS 0x0000000081000000, 0x0000000080f00000| Untracked 
|  16|0x0000000081000000, 0x0000000081100000, 0x0000000081100000|100%| O|  |TAMS 0x0000000081100000, 0x0000000081000000| Untracked 
|  17|0x0000000081100000, 0x0000000081200000, 0x0000000081200000|100%|HS|  |TAMS 0x0000000081200000, 0x0000000081100000| Complete 
|  18|0x0000000081200000, 0x0000000081300000, 0x0000000081300000|100%| O|  |TAMS 0x0000000081300000, 0x0000000081200000| Untracked 
|  19|0x0000000081300000, 0x0000000081400000, 0x0000000081400000|100%| O|  |TAMS 0x0000000081400000, 0x0000000081300000| Untracked 
|  20|0x0000000081400000, 0x0000000081500000, 0x0000000081500000|100%| O|  |TAMS 0x0000000081500000, 0x0000000081400000| Untracked 
|  21|0x0000000081500000, 0x0000000081600000, 0x0000000081600000|100%| O|  |TAMS 0x0000000081600000, 0x0000000081500000| Complete 
|  22|0x0000000081600000, 0x0000000081700000, 0x0000000081700000|100%| O|  |TAMS 0x0000000081700000, 0x0000000081600000| Untracked 
|  23|0x0000000081700000, 0x0000000081800000, 0x0000000081800000|100%| O|  |TAMS 0x0000000081800000, 0x0000000081700000| Untracked 
|  24|0x0000000081800000, 0x0000000081900000, 0x0000000081900000|100%| O|  |TAMS 0x0000000081900000, 0x0000000081800000| Untracked 
|  25|0x0000000081900000, 0x0000000081a00000, 0x0000000081a00000|100%| O|  |TAMS 0x0000000081a00000, 0x0000000081900000| Untracked 
|  26|0x0000000081a00000, 0x0000000081b00000, 0x0000000081b00000|100%| O|  |TAMS 0x0000000081b00000, 0x0000000081a00000| Untracked 
|  27|0x0000000081b00000, 0x0000000081c00000, 0x0000000081c00000|100%| O|  |TAMS 0x0000000081c00000, 0x0000000081b00000| Complete 
|  28|0x0000000081c00000, 0x0000000081d00000, 0x0000000081d00000|100%|HS|  |TAMS 0x0000000081d00000, 0x0000000081c00000| Complete 
|  29|0x0000000081d00000, 0x0000000081e00000, 0x0000000081e00000|100%|HC|  |TAMS 0x0000000081e00000, 0x0000000081d00000| Complete 
|  30|0x0000000081e00000, 0x0000000081f00000, 0x0000000081f00000|100%|HS|  |TAMS 0x0000000081f00000, 0x0000000081e00000| Complete 
|  31|0x0000000081f00000, 0x0000000082000000, 0x0000000082000000|100%|HC|  |TAMS 0x0000000082000000, 0x0000000081f00000| Complete 
|  32|0x0000000082000000, 0x0000000082100000, 0x0000000082100000|100%|HC|  |TAMS 0x0000000082100000, 0x0000000082000000| Complete 
|  33|0x0000000082100000, 0x0000000082200000, 0x0000000082200000|100%|HC|  |TAMS 0x0000000082200000, 0x0000000082100000| Complete 
|  34|0x0000000082200000, 0x0000000082300000, 0x0000000082300000|100%|HS|  |TAMS 0x0000000082300000, 0x0000000082200000| Complete 
|  35|0x0000000082300000, 0x0000000082400000, 0x0000000082400000|100%|HS|  |TAMS 0x0000000082400000, 0x0000000082300000| Complete 
|  36|0x0000000082400000, 0x0000000082500000, 0x0000000082500000|100%|HC|  |TAMS 0x0000000082500000, 0x0000000082400000| Complete 
|  37|0x0000000082500000, 0x0000000082600000, 0x0000000082600000|100%| O|  |TAMS 0x0000000082600000, 0x0000000082500000| Untracked 
|  38|0x0000000082600000, 0x0000000082700000, 0x0000000082700000|100%| O|  |TAMS 0x0000000082700000, 0x0000000082600000| Untracked 
|  39|0x0000000082700000, 0x0000000082800000, 0x0000000082800000|100%| O|  |TAMS 0x0000000082800000, 0x0000000082700000| Complete 
|  40|0x0000000082800000, 0x0000000082900000, 0x0000000082900000|100%| O|  |TAMS 0x0000000082900000, 0x0000000082800000| Untracked 
|  41|0x0000000082900000, 0x0000000082a00000, 0x0000000082a00000|100%| O|  |TAMS 0x0000000082a00000, 0x0000000082900000| Untracked 
|  42|0x0000000082a00000, 0x0000000082b00000, 0x0000000082b00000|100%| O|  |TAMS 0x0000000082b00000, 0x0000000082a00000| Complete 
|  43|0x0000000082b00000, 0x0000000082c00000, 0x0000000082c00000|100%| O|  |TAMS 0x0000000082c00000, 0x0000000082b00000| Untracked 
|  44|0x0000000082c00000, 0x0000000082d00000, 0x0000000082d00000|100%| O|  |TAMS 0x0000000082d00000, 0x0000000082c00000| Untracked 
|  45|0x0000000082d00000, 0x0000000082e00000, 0x0000000082e00000|100%| O|  |TAMS 0x0000000082e00000, 0x0000000082d00000| Untracked 
|  46|0x0000000082e00000, 0x0000000082f00000, 0x0000000082f00000|100%| O|  |TAMS 0x0000000082f00000, 0x0000000082e00000| Untracked 
|  47|0x0000000082f00000, 0x0000000083000000, 0x0000000083000000|100%| O|  |TAMS 0x0000000083000000, 0x0000000082f00000| Untracked 
|  48|0x0000000083000000, 0x0000000083100000, 0x0000000083100000|100%| O|  |TAMS 0x0000000083100000, 0x0000000083000000| Untracked 
|  49|0x0000000083100000, 0x0000000083200000, 0x0000000083200000|100%| O|  |TAMS 0x0000000083200000, 0x0000000083100000| Untracked 
|  50|0x0000000083200000, 0x0000000083300000, 0x0000000083300000|100%| O|  |TAMS 0x0000000083300000, 0x0000000083200000| Untracked 
|  51|0x0000000083300000, 0x0000000083400000, 0x0000000083400000|100%| O|  |TAMS 0x0000000083400000, 0x0000000083300000| Untracked 
|  52|0x0000000083400000, 0x0000000083500000, 0x0000000083500000|100%| O|  |TAMS 0x0000000083500000, 0x0000000083400000| Untracked 
|  53|0x0000000083500000, 0x0000000083600000, 0x0000000083600000|100%| O|  |TAMS 0x0000000083600000, 0x0000000083500000| Untracked 
|  54|0x0000000083600000, 0x0000000083700000, 0x0000000083700000|100%| O|  |TAMS 0x0000000083700000, 0x0000000083600000| Complete 
|  55|0x0000000083700000, 0x0000000083800000, 0x0000000083800000|100%| O|  |TAMS 0x0000000083800000, 0x0000000083700000| Complete 
|  56|0x0000000083800000, 0x0000000083900000, 0x0000000083900000|100%| O|  |TAMS 0x0000000083900000, 0x0000000083800000| Untracked 
|  57|0x0000000083900000, 0x0000000083a00000, 0x0000000083a00000|100%| O|  |TAMS 0x0000000083a00000, 0x0000000083900000| Untracked 
|  58|0x0000000083a00000, 0x0000000083b00000, 0x0000000083b00000|100%| O|  |TAMS 0x0000000083b00000, 0x0000000083a00000| Untracked 
|  59|0x0000000083b00000, 0x0000000083c00000, 0x0000000083c00000|100%| O|  |TAMS 0x0000000083c00000, 0x0000000083b00000| Untracked 
|  60|0x0000000083c00000, 0x0000000083d00000, 0x0000000083d00000|100%| O|  |TAMS 0x0000000083d00000, 0x0000000083c00000| Complete 
|  61|0x0000000083d00000, 0x0000000083e00000, 0x0000000083e00000|100%| O|  |TAMS 0x0000000083e00000, 0x0000000083d00000| Complete 
|  62|0x0000000083e00000, 0x0000000083f00000, 0x0000000083f00000|100%| O|  |TAMS 0x0000000083f00000, 0x0000000083e00000| Complete 
|  63|0x0000000083f00000, 0x0000000084000000, 0x0000000084000000|100%| O|  |TAMS 0x0000000084000000, 0x0000000083f00000| Complete 
|  64|0x0000000084000000, 0x0000000084100000, 0x0000000084100000|100%| O|  |TAMS 0x0000000084100000, 0x0000000084000000| Complete 
|  65|0x0000000084100000, 0x0000000084200000, 0x0000000084200000|100%| O|  |TAMS 0x0000000084200000, 0x0000000084100000| Complete 
|  66|0x0000000084200000, 0x0000000084300000, 0x0000000084300000|100%| O|  |TAMS 0x0000000084300000, 0x0000000084200000| Complete 
|  67|0x0000000084300000, 0x0000000084400000, 0x0000000084400000|100%| O|  |TAMS 0x0000000084400000, 0x0000000084300000| Complete 
|  68|0x0000000084400000, 0x0000000084500000, 0x0000000084500000|100%| O|  |TAMS 0x0000000084500000, 0x0000000084400000| Complete 
|  69|0x0000000084500000, 0x0000000084600000, 0x0000000084600000|100%| O|  |TAMS 0x0000000084600000, 0x0000000084500000| Complete 
|  70|0x0000000084600000, 0x0000000084700000, 0x0000000084700000|100%| O|  |TAMS 0x0000000084700000, 0x0000000084600000| Untracked 
|  71|0x0000000084700000, 0x0000000084800000, 0x0000000084800000|100%| O|  |TAMS 0x0000000084800000, 0x0000000084700000| Untracked 
|  72|0x0000000084800000, 0x0000000084900000, 0x0000000084900000|100%| O|  |TAMS 0x0000000084900000, 0x0000000084800000| Complete 
|  73|0x0000000084900000, 0x0000000084a00000, 0x0000000084a00000|100%| O|  |TAMS 0x0000000084a00000, 0x0000000084900000| Untracked 
|  74|0x0000000084a00000, 0x0000000084b00000, 0x0000000084b00000|100%| O|  |TAMS 0x0000000084b00000, 0x0000000084a00000| Complete 
|  75|0x0000000084b00000, 0x0000000084c00000, 0x0000000084c00000|100%| O|  |TAMS 0x0000000084c00000, 0x0000000084b00000| Complete 
|  76|0x0000000084c00000, 0x0000000084d00000, 0x0000000084d00000|100%| O|  |TAMS 0x0000000084d00000, 0x0000000084c00000| Complete 
|  77|0x0000000084d00000, 0x0000000084e00000, 0x0000000084e00000|100%| O|  |TAMS 0x0000000084e00000, 0x0000000084d00000| Complete 
|  78|0x0000000084e00000, 0x0000000084f00000, 0x0000000084f00000|100%| O|  |TAMS 0x0000000084f00000, 0x0000000084e00000| Complete 
|  79|0x0000000084f00000, 0x0000000085000000, 0x0000000085000000|100%| O|  |TAMS 0x0000000085000000, 0x0000000084f00000| Untracked 
|  80|0x0000000085000000, 0x0000000085100000, 0x0000000085100000|100%| O|  |TAMS 0x0000000085100000, 0x0000000085000000| Complete 
|  81|0x0000000085100000, 0x0000000085200000, 0x0000000085200000|100%| O|  |TAMS 0x0000000085200000, 0x0000000085100000| Untracked 
|  82|0x0000000085200000, 0x0000000085300000, 0x0000000085300000|100%| O|  |TAMS 0x0000000085300000, 0x0000000085200000| Complete 
|  83|0x0000000085300000, 0x0000000085400000, 0x0000000085400000|100%| O|  |TAMS 0x0000000085400000, 0x0000000085300000| Complete 
|  84|0x0000000085400000, 0x0000000085500000, 0x0000000085500000|100%| O|  |TAMS 0x0000000085500000, 0x0000000085400000| Complete 
|  85|0x0000000085500000, 0x0000000085600000, 0x0000000085600000|100%| O|  |TAMS 0x0000000085600000, 0x0000000085500000| Untracked 
|  86|0x0000000085600000, 0x0000000085700000, 0x0000000085700000|100%| O|  |TAMS 0x0000000085700000, 0x0000000085600000| Complete 
|  87|0x0000000085700000, 0x0000000085800000, 0x0000000085800000|100%| O|  |TAMS 0x0000000085800000, 0x0000000085700000| Untracked 
|  88|0x0000000085800000, 0x0000000085900000, 0x0000000085900000|100%| O|  |TAMS 0x0000000085900000, 0x0000000085800000| Untracked 
|  89|0x0000000085900000, 0x0000000085a00000, 0x0000000085a00000|100%| O|  |TAMS 0x0000000085a00000, 0x0000000085900000| Untracked 
|  90|0x0000000085a00000, 0x0000000085b00000, 0x0000000085b00000|100%| O|  |TAMS 0x0000000085b00000, 0x0000000085a00000| Untracked 
|  91|0x0000000085b00000, 0x0000000085c00000, 0x0000000085c00000|100%| O|  |TAMS 0x0000000085c00000, 0x0000000085b00000| Complete 
|  92|0x0000000085c00000, 0x0000000085d00000, 0x0000000085d00000|100%| O|  |TAMS 0x0000000085d00000, 0x0000000085c00000| Untracked 
|  93|0x0000000085d00000, 0x0000000085e00000, 0x0000000085e00000|100%|HS|  |TAMS 0x0000000085e00000, 0x0000000085d00000| Complete 
|  94|0x0000000085e00000, 0x0000000085f00000, 0x0000000085f00000|100%|HC|  |TAMS 0x0000000085f00000, 0x0000000085e00000| Complete 
|  95|0x0000000085f00000, 0x0000000086000000, 0x0000000086000000|100%|HC|  |TAMS 0x0000000086000000, 0x0000000085f00000| Complete 
|  96|0x0000000086000000, 0x0000000086100000, 0x0000000086100000|100%|HC|  |TAMS 0x0000000086100000, 0x0000000086000000| Complete 
|  97|0x0000000086100000, 0x0000000086200000, 0x0000000086200000|100%| O|  |TAMS 0x0000000086200000, 0x0000000086100000| Untracked 
|  98|0x0000000086200000, 0x0000000086300000, 0x0000000086300000|100%| O|  |TAMS 0x0000000086300000, 0x0000000086200000| Complete 
|  99|0x0000000086300000, 0x0000000086400000, 0x0000000086400000|100%| O|  |TAMS 0x0000000086400000, 0x0000000086300000| Complete 
| 100|0x0000000086400000, 0x0000000086500000, 0x0000000086500000|100%| O|  |TAMS 0x0000000086500000, 0x0000000086400000| Complete 
| 101|0x0000000086500000, 0x0000000086600000, 0x0000000086600000|100%| O|  |TAMS 0x0000000086600000, 0x0000000086500000| Untracked 
| 102|0x0000000086600000, 0x0000000086700000, 0x0000000086700000|100%| O|  |TAMS 0x0000000086700000, 0x0000000086600000| Untracked 
| 103|0x0000000086700000, 0x0000000086800000, 0x0000000086800000|100%| O|  |TAMS 0x0000000086800000, 0x0000000086700000| Untracked 
| 104|0x0000000086800000, 0x0000000086900000, 0x0000000086900000|100%| O|  |TAMS 0x0000000086900000, 0x0000000086800000| Untracked 
| 105|0x0000000086900000, 0x0000000086a00000, 0x0000000086a00000|100%| O|  |TAMS 0x0000000086a00000, 0x0000000086900000| Complete 
| 106|0x0000000086a00000, 0x0000000086b00000, 0x0000000086b00000|100%| O|  |TAMS 0x0000000086b00000, 0x0000000086a00000| Complete 
| 107|0x0000000086b00000, 0x0000000086c00000, 0x0000000086c00000|100%| O|  |TAMS 0x0000000086c00000, 0x0000000086b00000| Complete 
| 108|0x0000000086c00000, 0x0000000086d00000, 0x0000000086d00000|100%| O|  |TAMS 0x0000000086d00000, 0x0000000086c00000| Untracked 
| 109|0x0000000086d00000, 0x0000000086e00000, 0x0000000086e00000|100%| O|  |TAMS 0x0000000086e00000, 0x0000000086d00000| Complete 
| 110|0x0000000086e00000, 0x0000000086f00000, 0x0000000086f00000|100%| O|  |TAMS 0x0000000086f00000, 0x0000000086e00000| Untracked 
| 111|0x0000000086f00000, 0x0000000087000000, 0x0000000087000000|100%| O|  |TAMS 0x0000000087000000, 0x0000000086f00000| Untracked 
| 112|0x0000000087000000, 0x0000000087100000, 0x0000000087100000|100%| O|  |TAMS 0x0000000087100000, 0x0000000087000000| Untracked 
| 113|0x0000000087100000, 0x0000000087200000, 0x0000000087200000|100%| O|  |TAMS 0x0000000087200000, 0x0000000087100000| Untracked 
| 114|0x0000000087200000, 0x0000000087300000, 0x0000000087300000|100%| O|  |TAMS 0x0000000087300000, 0x0000000087200000| Untracked 
| 115|0x0000000087300000, 0x0000000087400000, 0x0000000087400000|100%| O|  |TAMS 0x0000000087400000, 0x0000000087300000| Complete 
| 116|0x0000000087400000, 0x0000000087500000, 0x0000000087500000|100%| O|  |TAMS 0x0000000087500000, 0x0000000087400000| Untracked 
| 117|0x0000000087500000, 0x0000000087600000, 0x0000000087600000|100%| O|  |TAMS 0x0000000087600000, 0x0000000087500000| Untracked 
| 118|0x0000000087600000, 0x0000000087700000, 0x0000000087700000|100%| O|  |TAMS 0x0000000087700000, 0x0000000087600000| Complete 
| 119|0x0000000087700000, 0x0000000087800000, 0x0000000087800000|100%| O|  |TAMS 0x0000000087800000, 0x0000000087700000| Untracked 
| 120|0x0000000087800000, 0x0000000087900000, 0x0000000087900000|100%| O|  |TAMS 0x0000000087900000, 0x0000000087800000| Untracked 
| 121|0x0000000087900000, 0x0000000087a00000, 0x0000000087a00000|100%| O|  |TAMS 0x0000000087a00000, 0x0000000087900000| Untracked 
| 122|0x0000000087a00000, 0x0000000087b00000, 0x0000000087b00000|100%| O|  |TAMS 0x0000000087b00000, 0x0000000087a00000| Complete 
| 123|0x0000000087b00000, 0x0000000087c00000, 0x0000000087c00000|100%| O|  |TAMS 0x0000000087c00000, 0x0000000087b00000| Untracked 
| 124|0x0000000087c00000, 0x0000000087d00000, 0x0000000087d00000|100%| O|  |TAMS 0x0000000087d00000, 0x0000000087c00000| Untracked 
| 125|0x0000000087d00000, 0x0000000087e00000, 0x0000000087e00000|100%| O|  |TAMS 0x0000000087e00000, 0x0000000087d00000| Untracked 
| 126|0x0000000087e00000, 0x0000000087f00000, 0x0000000087f00000|100%| O|  |TAMS 0x0000000087f00000, 0x0000000087e00000| Untracked 
| 127|0x0000000087f00000, 0x0000000088000000, 0x0000000088000000|100%| O|  |TAMS 0x0000000088000000, 0x0000000087f00000| Untracked 
| 128|0x0000000088000000, 0x0000000088100000, 0x0000000088100000|100%| O|  |TAMS 0x0000000088100000, 0x0000000088000000| Untracked 
| 129|0x0000000088100000, 0x0000000088200000, 0x0000000088200000|100%| O|  |TAMS 0x0000000088200000, 0x0000000088100000| Complete 
| 130|0x0000000088200000, 0x0000000088300000, 0x0000000088300000|100%| O|  |TAMS 0x0000000088300000, 0x0000000088200000| Untracked 
| 131|0x0000000088300000, 0x0000000088400000, 0x0000000088400000|100%| O|  |TAMS 0x0000000088312a00, 0x0000000088300000| Untracked 
| 132|0x0000000088400000, 0x0000000088500000, 0x0000000088500000|100%| O|  |TAMS 0x0000000088400000, 0x0000000088400000| Untracked 
| 133|0x0000000088500000, 0x0000000088600000, 0x0000000088600000|100%| O|  |TAMS 0x0000000088500000, 0x0000000088500000| Untracked 
| 134|0x0000000088600000, 0x0000000088700000, 0x0000000088700000|100%| O|  |TAMS 0x0000000088700000, 0x0000000088600000| Complete 
| 135|0x0000000088700000, 0x0000000088715838, 0x0000000088800000|  8%| O|  |TAMS 0x0000000088700000, 0x0000000088700000| Untracked 
| 136|0x0000000088800000, 0x0000000088800000, 0x0000000088900000|  0%| F|  |TAMS 0x0000000088800000, 0x0000000088800000| Untracked 
| 137|0x0000000088900000, 0x0000000088900000, 0x0000000088a00000|  0%| F|  |TAMS 0x0000000088900000, 0x0000000088900000| Untracked 
| 138|0x0000000088a00000, 0x0000000088a00000, 0x0000000088b00000|  0%| F|  |TAMS 0x0000000088a00000, 0x0000000088a00000| Untracked 
| 139|0x0000000088b00000, 0x0000000088b00000, 0x0000000088c00000|  0%| F|  |TAMS 0x0000000088b00000, 0x0000000088b00000| Untracked 
| 140|0x0000000088c00000, 0x0000000088d00000, 0x0000000088d00000|100%| O|  |TAMS 0x0000000088d00000, 0x0000000088c00000| Complete 
| 141|0x0000000088d00000, 0x0000000088e00000, 0x0000000088e00000|100%| O|  |TAMS 0x0000000088e00000, 0x0000000088d00000| Complete 
| 142|0x0000000088e00000, 0x0000000088e00000, 0x0000000088f00000|  0%| F|  |TAMS 0x0000000088e00000, 0x0000000088e00000| Untracked 
| 143|0x0000000088f00000, 0x0000000088f00000, 0x0000000089000000|  0%| F|  |TAMS 0x0000000088f00000, 0x0000000088f00000| Untracked 
| 144|0x0000000089000000, 0x0000000089000000, 0x0000000089100000|  0%| F|  |TAMS 0x0000000089000000, 0x0000000089000000| Untracked 
| 145|0x0000000089100000, 0x0000000089100000, 0x0000000089200000|  0%| F|  |TAMS 0x0000000089100000, 0x0000000089100000| Untracked 
| 146|0x0000000089200000, 0x0000000089200000, 0x0000000089300000|  0%| F|  |TAMS 0x0000000089200000, 0x0000000089200000| Untracked 
| 147|0x0000000089300000, 0x0000000089300000, 0x0000000089400000|  0%| F|  |TAMS 0x0000000089300000, 0x0000000089300000| Untracked 
| 148|0x0000000089400000, 0x0000000089400000, 0x0000000089500000|  0%| F|  |TAMS 0x0000000089400000, 0x0000000089400000| Untracked 
| 149|0x0000000089500000, 0x0000000089500000, 0x0000000089600000|  0%| F|  |TAMS 0x0000000089500000, 0x0000000089500000| Untracked 
| 150|0x0000000089600000, 0x0000000089600000, 0x0000000089700000|  0%| F|  |TAMS 0x0000000089600000, 0x0000000089600000| Untracked 
| 151|0x0000000089700000, 0x0000000089700000, 0x0000000089800000|  0%| F|  |TAMS 0x0000000089700000, 0x0000000089700000| Untracked 
| 152|0x0000000089800000, 0x0000000089800000, 0x0000000089900000|  0%| F|  |TAMS 0x0000000089800000, 0x0000000089800000| Untracked 
| 153|0x0000000089900000, 0x0000000089900000, 0x0000000089a00000|  0%| F|  |TAMS 0x0000000089900000, 0x0000000089900000| Untracked 
| 154|0x0000000089a00000, 0x0000000089a00000, 0x0000000089b00000|  0%| F|  |TAMS 0x0000000089a00000, 0x0000000089a00000| Untracked 
| 155|0x0000000089b00000, 0x0000000089b00000, 0x0000000089c00000|  0%| F|  |TAMS 0x0000000089b00000, 0x0000000089b00000| Untracked 
| 156|0x0000000089c00000, 0x0000000089c00000, 0x0000000089d00000|  0%| F|  |TAMS 0x0000000089c00000, 0x0000000089c00000| Untracked 
| 157|0x0000000089d00000, 0x0000000089d00000, 0x0000000089e00000|  0%| F|  |TAMS 0x0000000089d00000, 0x0000000089d00000| Untracked 
| 158|0x0000000089e00000, 0x0000000089e00000, 0x0000000089f00000|  0%| F|  |TAMS 0x0000000089e00000, 0x0000000089e00000| Untracked 
| 159|0x0000000089f00000, 0x0000000089f00000, 0x000000008a000000|  0%| F|  |TAMS 0x0000000089f00000, 0x0000000089f00000| Untracked 
| 160|0x000000008a000000, 0x000000008a000000, 0x000000008a100000|  0%| F|  |TAMS 0x000000008a000000, 0x000000008a000000| Untracked 
| 161|0x000000008a100000, 0x000000008a100000, 0x000000008a200000|  0%| F|  |TAMS 0x000000008a100000, 0x000000008a100000| Untracked 
| 162|0x000000008a200000, 0x000000008a200000, 0x000000008a300000|  0%| F|  |TAMS 0x000000008a200000, 0x000000008a200000| Untracked 
| 163|0x000000008a300000, 0x000000008a300000, 0x000000008a400000|  0%| F|  |TAMS 0x000000008a300000, 0x000000008a300000| Untracked 
| 164|0x000000008a400000, 0x000000008a400000, 0x000000008a500000|  0%| F|  |TAMS 0x000000008a400000, 0x000000008a400000| Untracked 
| 165|0x000000008a500000, 0x000000008a500000, 0x000000008a600000|  0%| F|  |TAMS 0x000000008a500000, 0x000000008a500000| Untracked 
| 166|0x000000008a600000, 0x000000008a600000, 0x000000008a700000|  0%| F|  |TAMS 0x000000008a600000, 0x000000008a600000| Untracked 
| 167|0x000000008a700000, 0x000000008a700000, 0x000000008a800000|  0%| F|  |TAMS 0x000000008a700000, 0x000000008a700000| Untracked 
| 168|0x000000008a800000, 0x000000008a800000, 0x000000008a900000|  0%| F|  |TAMS 0x000000008a800000, 0x000000008a800000| Untracked 
| 169|0x000000008a900000, 0x000000008aa00000, 0x000000008aa00000|100%| E|CS|TAMS 0x000000008a900000, 0x000000008a900000| Complete 
| 170|0x000000008aa00000, 0x000000008ab00000, 0x000000008ab00000|100%| E|CS|TAMS 0x000000008aa00000, 0x000000008aa00000| Complete 
| 171|0x000000008ab00000, 0x000000008ac00000, 0x000000008ac00000|100%| E|CS|TAMS 0x000000008ab00000, 0x000000008ab00000| Complete 
| 172|0x000000008ac00000, 0x000000008ad00000, 0x000000008ad00000|100%| E|CS|TAMS 0x000000008ac00000, 0x000000008ac00000| Complete 
| 173|0x000000008ad00000, 0x000000008ae00000, 0x000000008ae00000|100%| E|CS|TAMS 0x000000008ad00000, 0x000000008ad00000| Complete 
| 174|0x000000008ae00000, 0x000000008af00000, 0x000000008af00000|100%| E|CS|TAMS 0x000000008ae00000, 0x000000008ae00000| Complete 
| 175|0x000000008af00000, 0x000000008af00000, 0x000000008b000000|  0%| F|  |TAMS 0x000000008af00000, 0x000000008af00000| Untracked 
| 176|0x000000008b000000, 0x000000008b000000, 0x000000008b100000|  0%| F|  |TAMS 0x000000008b000000, 0x000000008b000000| Untracked 
| 177|0x000000008b100000, 0x000000008b100000, 0x000000008b200000|  0%| F|  |TAMS 0x000000008b100000, 0x000000008b100000| Untracked 
| 178|0x000000008b200000, 0x000000008b200000, 0x000000008b300000|  0%| F|  |TAMS 0x000000008b200000, 0x000000008b200000| Untracked 
| 179|0x000000008b300000, 0x000000008b300000, 0x000000008b400000|  0%| F|  |TAMS 0x000000008b300000, 0x000000008b300000| Untracked 
| 180|0x000000008b400000, 0x000000008b400000, 0x000000008b500000|  0%| F|  |TAMS 0x000000008b400000, 0x000000008b400000| Untracked 
| 181|0x000000008b500000, 0x000000008b5c75e0, 0x000000008b600000| 77%| S|  |TAMS 0x000000008b500000, 0x000000008b500000| Complete 
| 182|0x000000008b600000, 0x000000008b700000, 0x000000008b700000|100%| S|  |TAMS 0x000000008b600000, 0x000000008b600000| Complete 
| 183|0x000000008b700000, 0x000000008b800000, 0x000000008b800000|100%| E|CS|TAMS 0x000000008b700000, 0x000000008b700000| Complete 
| 184|0x000000008b800000, 0x000000008b900000, 0x000000008b900000|100%| E|CS|TAMS 0x000000008b800000, 0x000000008b800000| Complete 
| 185|0x000000008b900000, 0x000000008ba00000, 0x000000008ba00000|100%| E|CS|TAMS 0x000000008b900000, 0x000000008b900000| Complete 
| 186|0x000000008ba00000, 0x000000008bb00000, 0x000000008bb00000|100%| E|CS|TAMS 0x000000008ba00000, 0x000000008ba00000| Complete 
| 187|0x000000008bb00000, 0x000000008bc00000, 0x000000008bc00000|100%| E|CS|TAMS 0x000000008bb00000, 0x000000008bb00000| Complete 
| 188|0x000000008bc00000, 0x000000008bd00000, 0x000000008bd00000|100%| E|CS|TAMS 0x000000008bc00000, 0x000000008bc00000| Complete 
| 189|0x000000008bd00000, 0x000000008be00000, 0x000000008be00000|100%| E|CS|TAMS 0x000000008bd00000, 0x000000008bd00000| Complete 
| 190|0x000000008be00000, 0x000000008bf00000, 0x000000008bf00000|100%| E|CS|TAMS 0x000000008be00000, 0x000000008be00000| Complete 
| 191|0x000000008bf00000, 0x000000008c000000, 0x000000008c000000|100%| E|CS|TAMS 0x000000008bf00000, 0x000000008bf00000| Complete 
| 192|0x000000008c000000, 0x000000008c100000, 0x000000008c100000|100%| E|CS|TAMS 0x000000008c000000, 0x000000008c000000| Complete 
| 193|0x000000008c100000, 0x000000008c200000, 0x000000008c200000|100%| E|CS|TAMS 0x000000008c100000, 0x000000008c100000| Complete 
| 194|0x000000008c200000, 0x000000008c300000, 0x000000008c300000|100%| E|CS|TAMS 0x000000008c200000, 0x000000008c200000| Complete 
| 195|0x000000008c300000, 0x000000008c400000, 0x000000008c400000|100%| E|CS|TAMS 0x000000008c300000, 0x000000008c300000| Complete 
| 196|0x000000008c400000, 0x000000008c500000, 0x000000008c500000|100%| E|CS|TAMS 0x000000008c400000, 0x000000008c400000| Complete 
| 197|0x000000008c500000, 0x000000008c600000, 0x000000008c600000|100%| E|CS|TAMS 0x000000008c500000, 0x000000008c500000| Complete 
| 198|0x000000008c600000, 0x000000008c700000, 0x000000008c700000|100%| E|CS|TAMS 0x000000008c600000, 0x000000008c600000| Complete 
| 199|0x000000008c700000, 0x000000008c800000, 0x000000008c800000|100%| E|CS|TAMS 0x000000008c700000, 0x000000008c700000| Complete 
| 200|0x000000008c800000, 0x000000008c900000, 0x000000008c900000|100%| E|CS|TAMS 0x000000008c800000, 0x000000008c800000| Complete 
| 201|0x000000008c900000, 0x000000008ca00000, 0x000000008ca00000|100%| E|CS|TAMS 0x000000008c900000, 0x000000008c900000| Complete 
| 202|0x000000008ca00000, 0x000000008cb00000, 0x000000008cb00000|100%| E|CS|TAMS 0x000000008ca00000, 0x000000008ca00000| Complete 
| 203|0x000000008cb00000, 0x000000008cc00000, 0x000000008cc00000|100%| E|CS|TAMS 0x000000008cb00000, 0x000000008cb00000| Complete 
| 204|0x000000008cc00000, 0x000000008cd00000, 0x000000008cd00000|100%| E|CS|TAMS 0x000000008cc00000, 0x000000008cc00000| Complete 
| 205|0x000000008cd00000, 0x000000008ce00000, 0x000000008ce00000|100%| E|CS|TAMS 0x000000008cd00000, 0x000000008cd00000| Complete 
| 206|0x000000008ce00000, 0x000000008cf00000, 0x000000008cf00000|100%| E|CS|TAMS 0x000000008ce00000, 0x000000008ce00000| Complete 
| 207|0x000000008cf00000, 0x000000008d000000, 0x000000008d000000|100%| E|CS|TAMS 0x000000008cf00000, 0x000000008cf00000| Complete 
| 208|0x000000008d000000, 0x000000008d100000, 0x000000008d100000|100%| E|CS|TAMS 0x000000008d000000, 0x000000008d000000| Complete 
| 209|0x000000008d100000, 0x000000008d200000, 0x000000008d200000|100%| E|CS|TAMS 0x000000008d100000, 0x000000008d100000| Complete 
| 210|0x000000008d200000, 0x000000008d300000, 0x000000008d300000|100%| E|CS|TAMS 0x000000008d200000, 0x000000008d200000| Complete 
| 211|0x000000008d300000, 0x000000008d400000, 0x000000008d400000|100%| E|CS|TAMS 0x000000008d300000, 0x000000008d300000| Complete 
| 212|0x000000008d400000, 0x000000008d500000, 0x000000008d500000|100%| E|CS|TAMS 0x000000008d400000, 0x000000008d400000| Complete 
| 213|0x000000008d500000, 0x000000008d600000, 0x000000008d600000|100%| E|CS|TAMS 0x000000008d500000, 0x000000008d500000| Complete 
| 214|0x000000008d600000, 0x000000008d700000, 0x000000008d700000|100%| E|CS|TAMS 0x000000008d600000, 0x000000008d600000| Complete 
| 215|0x000000008d700000, 0x000000008d800000, 0x000000008d800000|100%| E|CS|TAMS 0x000000008d700000, 0x000000008d700000| Complete 
| 216|0x000000008d800000, 0x000000008d900000, 0x000000008d900000|100%| E|CS|TAMS 0x000000008d800000, 0x000000008d800000| Complete 
| 217|0x000000008d900000, 0x000000008da00000, 0x000000008da00000|100%| E|CS|TAMS 0x000000008d900000, 0x000000008d900000| Complete 
| 218|0x000000008da00000, 0x000000008db00000, 0x000000008db00000|100%| E|CS|TAMS 0x000000008da00000, 0x000000008da00000| Complete 
| 219|0x000000008db00000, 0x000000008dc00000, 0x000000008dc00000|100%| E|CS|TAMS 0x000000008db00000, 0x000000008db00000| Complete 

Card table byte_map: [0x0000022a4f0c0000,0x0000022a4f4c0000] _byte_map_base: 0x0000022a4ecc0000

Marking Bits (Prev, Next): (CMBitMap*) 0x0000022a3bec27b0, (CMBitMap*) 0x0000022a3bec2778
 Prev Bits: [0x0000022a518c0000, 0x0000022a538c0000)
 Next Bits: [0x0000022a4f8c0000, 0x0000022a518c0000)

Polling page: 0x0000022a39e00000

Metaspace:

Usage:
  Non-class:    122.12 MB capacity,   119.38 MB ( 98%) used,     2.25 MB (  2%) free+waste,   505.94 KB ( <1%) overhead. 
      Class:     18.74 MB capacity,    17.15 MB ( 92%) used,     1.36 MB (  7%) free+waste,   228.06 KB (  1%) overhead. 
       Both:    140.86 MB capacity,   136.53 MB ( 97%) used,     3.61 MB (  3%) free+waste,   734.00 KB ( <1%) overhead. 

Virtual space:
  Non-class space:      124.00 MB reserved,     123.92 MB (>99%) committed 
      Class space:        1.00 GB reserved,      18.95 MB (  2%) committed 
             Both:        1.12 GB reserved,     142.87 MB ( 12%) committed 

Chunk freelists:
   Non-Class:  1.74 MB
       Class:  137.00 KB
        Both:  1.87 MB

MaxMetaspaceSize: 17179869184.00 GB
CompressedClassSpaceSize: 1.00 GB
Initial GC threshold: 20.80 MB
Current GC threshold: 238.12 MB
CDS: off

CodeHeap 'non-profiled nmethods': size=120000Kb used=12971Kb max_used=13332Kb free=107028Kb
 bounds [0x0000022a47460000, 0x0000022a48180000, 0x0000022a4e990000]
CodeHeap 'profiled nmethods': size=120000Kb used=44747Kb max_used=44885Kb free=75252Kb
 bounds [0x0000022a3ff30000, 0x0000022a42b90000, 0x0000022a47460000]
CodeHeap 'non-nmethods': size=5760Kb used=2507Kb max_used=2561Kb free=3252Kb
 bounds [0x0000022a3f990000, 0x0000022a3fc20000, 0x0000022a3ff30000]
 total_blobs=22262 nmethods=21218 adapters=955
 compilation: enabled
              stopped_count=0, restarted_count=0
 full_count=0

Compilation events (20 events):
Event: 1098.154 Thread 0x0000022a56c64800 nmethod 24102 0x0000022a40a3dd90 code [0x0000022a40a3df60, 0x0000022a40a3e098]
Event: 1098.154 Thread 0x0000022a56c64800 24090       2       com.android.tools.r8.internal.jY::G (23 bytes)
Event: 1098.155 Thread 0x0000022a56c64800 nmethod 24090 0x0000022a40a3d910 code [0x0000022a40a3dae0, 0x0000022a40a3dca8]
Event: 1098.155 Thread 0x0000022a56c64800 24140       3       java.lang.Iterable::forEach (39 bytes)
Event: 1098.155 Thread 0x0000022a56c64800 nmethod 24140 0x0000022a40f57a10 code [0x0000022a40f57c20, 0x0000022a40f58208]
Event: 1098.155 Thread 0x0000022a56c64800 24085       2       com.android.tools.r8.internal.n5::c (4 bytes)
Event: 1098.155 Thread 0x0000022a56c64800 nmethod 24085 0x0000022a40bdc390 code [0x0000022a40bdc540, 0x0000022a40bdc618]
Event: 1098.155 Thread 0x0000022a56c64800 24093       2       com.android.tools.r8.internal.Ko::a (26 bytes)
Event: 1098.156 Thread 0x0000022a56c64800 nmethod 24093 0x0000022a40a3d290 code [0x0000022a40a3d480, 0x0000022a40a3d718]
Event: 1098.156 Thread 0x0000022a56c64800 24083       2       com.android.tools.r8.graph.c::g (7 bytes)
Event: 1098.156 Thread 0x0000022a56c64800 nmethod 24083 0x0000022a40f57690 code [0x0000022a40f57840, 0x0000022a40f57958]
Event: 1098.156 Thread 0x0000022a56c64800 24122       1       com.android.tools.r8.internal.Ko::H1 (2 bytes)
Event: 1098.156 Thread 0x0000022a56c64800 nmethod 24122 0x0000022a47976910 code [0x0000022a47976ac0, 0x0000022a47976b78]
Event: 1098.156 Thread 0x0000022a56c64800 24137       1       com.android.tools.r8.internal.kU::h2 (4 bytes)
Event: 1098.157 Thread 0x0000022a56c64800 nmethod 24137 0x0000022a47976610 code [0x0000022a479767c0, 0x0000022a47976878]
Event: 1098.157 Thread 0x0000022a56c64800 24082       2       com.android.tools.r8.internal.tY::a (14 bytes)
Event: 1098.157 Thread 0x0000022a56c64800 nmethod 24082 0x0000022a40f57290 code [0x0000022a40f57440, 0x0000022a40f57568]
Event: 1098.157 Thread 0x0000022a56c64800 24092       2       com.android.tools.r8.ir.regalloc.c::<init> (109 bytes)
Event: 1098.158 Thread 0x0000022a56c64800 nmethod 24092 0x0000022a40f56510 code [0x0000022a40f56720, 0x0000022a40f56e58]
Event: 1098.158 Thread 0x0000022a56c64800 24143       3       com.android.tools.r8.internal.xa::a (4216 bytes)

GC Heap History (20 events):
Event: 1080.582 GC heap before
{Heap before GC invocations=129 (full 0):
 garbage-first heap   total 225280K, used 180700K [0x0000000080000000, 0x0000000100000000)
  region size 1024K, 48 young (49152K), 1 survivors (1024K)
 Metaspace       used 136596K, capacity 140818K, committed 142716K, reserved 1173504K
  class space    used 17277K, capacity 18836K, committed 19148K, reserved 1048576K
}
Event: 1080.589 GC heap after
{Heap after GC invocations=130 (full 0):
 garbage-first heap   total 225280K, used 133965K [0x0000000080000000, 0x0000000100000000)
  region size 1024K, 2 young (2048K), 2 survivors (2048K)
 Metaspace       used 136596K, capacity 140818K, committed 142716K, reserved 1173504K
  class space    used 17277K, capacity 18836K, committed 19148K, reserved 1048576K
}
Event: 1082.916 GC heap before
{Heap before GC invocations=131 (full 0):
 garbage-first heap   total 225280K, used 190285K [0x0000000080000000, 0x0000000100000000)
  region size 1024K, 50 young (51200K), 2 survivors (2048K)
 Metaspace       used 136883K, capacity 141128K, committed 142716K, reserved 1173504K
  class space    used 17300K, capacity 18877K, committed 19148K, reserved 1048576K
}
Event: 1082.927 GC heap after
{Heap after GC invocations=132 (full 0):
 garbage-first heap   total 225280K, used 142557K [0x0000000080000000, 0x0000000100000000)
  region size 1024K, 7 young (7168K), 7 survivors (7168K)
 Metaspace       used 136883K, capacity 141128K, committed 142716K, reserved 1173504K
  class space    used 17300K, capacity 18877K, committed 19148K, reserved 1048576K
}
Event: 1083.102 GC heap before
{Heap before GC invocations=132 (full 0):
 garbage-first heap   total 225280K, used 145629K [0x0000000080000000, 0x0000000100000000)
  region size 1024K, 11 young (11264K), 7 survivors (7168K)
 Metaspace       used 137797K, capacity 142024K, committed 142716K, reserved 1173504K
  class space    used 17376K, capacity 18941K, committed 19148K, reserved 1048576K
}
Event: 1083.116 GC heap after
{Heap after GC invocations=133 (full 0):
 garbage-first heap   total 225280K, used 140338K [0x0000000080000000, 0x0000000100000000)
  region size 1024K, 1 young (1024K), 1 survivors (1024K)
 Metaspace       used 137797K, capacity 142024K, committed 142716K, reserved 1173504K
  class space    used 17376K, capacity 18941K, committed 19148K, reserved 1048576K
}
Event: 1083.175 GC heap before
{Heap before GC invocations=133 (full 0):
 garbage-first heap   total 225280K, used 141362K [0x0000000080000000, 0x0000000100000000)
  region size 1024K, 3 young (3072K), 1 survivors (1024K)
 Metaspace       used 137816K, capacity 142024K, committed 142716K, reserved 1173504K
  class space    used 17380K, capacity 18941K, committed 19148K, reserved 1048576K
}
Event: 1083.180 GC heap after
{Heap after GC invocations=134 (full 0):
 garbage-first heap   total 225280K, used 140930K [0x0000000080000000, 0x0000000100000000)
  region size 1024K, 2 young (2048K), 2 survivors (2048K)
 Metaspace       used 137816K, capacity 142024K, committed 142716K, reserved 1173504K
  class space    used 17380K, capacity 18941K, committed 19148K, reserved 1048576K
}
Event: 1093.727 GC heap before
{Heap before GC invocations=135 (full 0):
 garbage-first heap   total 225280K, used 187010K [0x0000000080000000, 0x0000000100000000)
  region size 1024K, 45 young (46080K), 2 survivors (2048K)
 Metaspace       used 138801K, capacity 143033K, committed 143228K, reserved 1173504K
  class space    used 17407K, capacity 18973K, committed 19148K, reserved 1048576K
}
Event: 1093.734 GC heap after
{Heap after GC invocations=136 (full 0):
 garbage-first heap   total 225280K, used 140216K [0x0000000080000000, 0x0000000100000000)
  region size 1024K, 1 young (1024K), 1 survivors (1024K)
 Metaspace       used 138801K, capacity 143033K, committed 143228K, reserved 1173504K
  class space    used 17407K, capacity 18973K, committed 19148K, reserved 1048576K
}
Event: 1094.135 GC heap before
{Heap before GC invocations=136 (full 0):
 garbage-first heap   total 225280K, used 149432K [0x0000000080000000, 0x0000000100000000)
  region size 1024K, 11 young (11264K), 1 survivors (1024K)
 Metaspace       used 139125K, capacity 143341K, committed 143484K, reserved 1173504K
  class space    used 17434K, capacity 19011K, committed 19148K, reserved 1048576K
}
Event: 1094.145 GC heap after
{Heap after GC invocations=137 (full 0):
 garbage-first heap   total 225280K, used 140896K [0x0000000080000000, 0x0000000100000000)
  region size 1024K, 2 young (2048K), 2 survivors (2048K)
 Metaspace       used 139125K, capacity 143341K, committed 143484K, reserved 1173504K
  class space    used 17434K, capacity 19011K, committed 19148K, reserved 1048576K
}
Event: 1094.716 GC heap before
{Heap before GC invocations=137 (full 0):
 garbage-first heap   total 225280K, used 149088K [0x0000000080000000, 0x0000000100000000)
  region size 1024K, 11 young (11264K), 2 survivors (2048K)
 Metaspace       used 139614K, capacity 143854K, committed 143996K, reserved 1173504K
  class space    used 17489K, capacity 19074K, committed 19148K, reserved 1048576K
}
Event: 1094.731 GC heap after
{Heap after GC invocations=138 (full 0):
 garbage-first heap   total 225280K, used 142030K [0x0000000080000000, 0x0000000100000000)
  region size 1024K, 4 young (4096K), 4 survivors (4096K)
 Metaspace       used 139614K, capacity 143854K, committed 143996K, reserved 1173504K
  class space    used 17489K, capacity 19074K, committed 19148K, reserved 1048576K
}
Event: 1097.159 GC heap before
{Heap before GC invocations=139 (full 0):
 garbage-first heap   total 225280K, used 179918K [0x0000000080000000, 0x0000000100000000)
  region size 1024K, 39 young (39936K), 4 survivors (4096K)
 Metaspace       used 140828K, capacity 145148K, committed 145404K, reserved 1175552K
  class space    used 17622K, capacity 19226K, committed 19276K, reserved 1048576K
}
Event: 1097.171 GC heap after
{Heap after GC invocations=140 (full 0):
 garbage-first heap   total 225280K, used 143758K [0x0000000080000000, 0x0000000100000000)
  region size 1024K, 2 young (2048K), 2 survivors (2048K)
 Metaspace       used 140828K, capacity 145148K, committed 145404K, reserved 1175552K
  class space    used 17622K, capacity 19226K, committed 19276K, reserved 1048576K
}
Event: 1097.299 GC heap before
{Heap before GC invocations=140 (full 0):
 garbage-first heap   total 225280K, used 156046K [0x0000000080000000, 0x0000000100000000)
  region size 1024K, 11 young (11264K), 2 survivors (2048K)
 Metaspace       used 140842K, capacity 145218K, committed 145404K, reserved 1175552K
  class space    used 17623K, capacity 19227K, committed 19276K, reserved 1048576K
}
Event: 1097.317 GC heap after
{Heap after GC invocations=141 (full 0):
 garbage-first heap   total 225280K, used 133719K [0x0000000080000000, 0x0000000100000000)
  region size 1024K, 1 young (1024K), 1 survivors (1024K)
 Metaspace       used 140842K, capacity 145218K, committed 145404K, reserved 1175552K
  class space    used 17623K, capacity 19227K, committed 19276K, reserved 1048576K
}
Event: 1097.676 GC heap before
{Heap before GC invocations=141 (full 0):
 garbage-first heap   total 225280K, used 177751K [0x0000000080000000, 0x0000000100000000)
  region size 1024K, 45 young (46080K), 1 survivors (1024K)
 Metaspace       used 141360K, capacity 145797K, committed 146044K, reserved 1175552K
  class space    used 17677K, capacity 19310K, committed 19404K, reserved 1048576K
}
Event: 1097.713 GC heap after
{Heap after GC invocations=142 (full 0):
 garbage-first heap   total 225280K, used 143434K [0x0000000080000000, 0x0000000100000000)
  region size 1024K, 6 young (6144K), 6 survivors (6144K)
 Metaspace       used 141360K, capacity 145797K, committed 146044K, reserved 1175552K
  class space    used 17677K, capacity 19310K, committed 19404K, reserved 1048576K
}

Deoptimization events (20 events):
Event: 1097.806 Thread 0x0000022a65976000 DEOPT PACKING pc=0x0000022a4012feb1 sp=0x0000009b975fc560
Event: 1097.806 Thread 0x0000022a65976000 DEOPT UNPACKING pc=0x0000022a3f9da95e sp=0x0000009b975fba88 mode 0
Event: 1097.808 Thread 0x0000022a65976000 DEOPT PACKING pc=0x0000022a4012feb1 sp=0x0000009b975fc560
Event: 1097.808 Thread 0x0000022a65976000 DEOPT UNPACKING pc=0x0000022a3f9da95e sp=0x0000009b975fba88 mode 0
Event: 1097.810 Thread 0x0000022a65976000 DEOPT PACKING pc=0x0000022a4012feb1 sp=0x0000009b975fc560
Event: 1097.810 Thread 0x0000022a65976000 DEOPT UNPACKING pc=0x0000022a3f9da95e sp=0x0000009b975fba88 mode 0
Event: 1097.924 Thread 0x0000022a65974000 DEOPT PACKING pc=0x0000022a429703e3 sp=0x0000009b970fc410
Event: 1097.924 Thread 0x0000022a65974000 DEOPT UNPACKING pc=0x0000022a3f9da95e sp=0x0000009b970fb8a8 mode 0
Event: 1097.943 Thread 0x0000022a65971800 Uncommon trap: trap_request=0xffffff4d fr.pc=0x0000022a4761819c relative=0x000000000000117c
Event: 1097.943 Thread 0x0000022a65971800 Uncommon trap: reason=unstable_if action=reinterpret pc=0x0000022a4761819c method=java.util.HashMap.computeIfAbsent(Ljava/lang/Object;Ljava/util/function/Function;)Ljava/lang/Object; @ 294 c2
Event: 1097.943 Thread 0x0000022a65971800 DEOPT PACKING pc=0x0000022a4761819c sp=0x0000009b96ffc160
Event: 1097.943 Thread 0x0000022a65971800 DEOPT UNPACKING pc=0x0000022a3f9da1af sp=0x0000009b96ffc138 mode 2
Event: 1097.944 Thread 0x0000022a65975800 DEOPT PACKING pc=0x0000022a40ca52de sp=0x0000009b972fc240
Event: 1097.944 Thread 0x0000022a65975800 DEOPT UNPACKING pc=0x0000022a3f9da95e sp=0x0000009b972fb6e8 mode 0
Event: 1097.953 Thread 0x0000022a65976000 DEOPT PACKING pc=0x0000022a4012feb1 sp=0x0000009b975fc560
Event: 1097.953 Thread 0x0000022a65976000 DEOPT UNPACKING pc=0x0000022a3f9da95e sp=0x0000009b975fba88 mode 0
Event: 1098.098 Thread 0x0000022a5ba2e800 DEOPT PACKING pc=0x0000022a4012feb1 sp=0x0000009b961faf70
Event: 1098.098 Thread 0x0000022a5ba2e800 DEOPT UNPACKING pc=0x0000022a3f9da95e sp=0x0000009b961fa498 mode 0
Event: 1098.158 Thread 0x0000022a65976000 DEOPT PACKING pc=0x0000022a42b1e904 sp=0x0000009b975fc940
Event: 1098.158 Thread 0x0000022a65976000 DEOPT UNPACKING pc=0x0000022a3f9da95e sp=0x0000009b975fc248 mode 0

Classes redefined (0 events):
No events

Internal exceptions (20 events):
Event: 1096.753 Thread 0x0000022a5d6ed800 Exception <a 'sun/nio/fs/WindowsException'{0x000000008bc91a28}> (0x000000008bc91a28) thrown at [./src/hotspot/share/prims/jni.cpp, line 615]
Event: 1096.754 Thread 0x0000022a5d6ed800 Exception <a 'sun/nio/fs/WindowsException'{0x000000008bc92cd8}> (0x000000008bc92cd8) thrown at [./src/hotspot/share/prims/jni.cpp, line 615]
Event: 1096.778 Thread 0x0000022a5d6ed800 Exception <a 'sun/nio/fs/WindowsException'{0x000000008bcd56b8}> (0x000000008bcd56b8) thrown at [./src/hotspot/share/prims/jni.cpp, line 615]
Event: 1096.778 Thread 0x0000022a5d6ed800 Exception <a 'sun/nio/fs/WindowsException'{0x000000008bcd5868}> (0x000000008bcd5868) thrown at [./src/hotspot/share/prims/jni.cpp, line 615]
Event: 1096.778 Thread 0x0000022a5d6ed800 Exception <a 'sun/nio/fs/WindowsException'{0x000000008bcd88e8}> (0x000000008bcd88e8) thrown at [./src/hotspot/share/prims/jni.cpp, line 615]
Event: 1096.778 Thread 0x0000022a5d6ed800 Exception <a 'sun/nio/fs/WindowsException'{0x000000008bcd8a98}> (0x000000008bcd8a98) thrown at [./src/hotspot/share/prims/jni.cpp, line 615]
Event: 1096.779 Thread 0x0000022a5d6ed800 Exception <a 'sun/nio/fs/WindowsException'{0x000000008bcdbb58}> (0x000000008bcdbb58) thrown at [./src/hotspot/share/prims/jni.cpp, line 615]
Event: 1096.779 Thread 0x0000022a5d6ed800 Exception <a 'sun/nio/fs/WindowsException'{0x000000008bcdbd18}> (0x000000008bcdbd18) thrown at [./src/hotspot/share/prims/jni.cpp, line 615]
Event: 1096.791 Thread 0x0000022a5d6ed800 Exception <a 'sun/nio/fs/WindowsException'{0x000000008bb24100}> (0x000000008bb24100) thrown at [./src/hotspot/share/prims/jni.cpp, line 615]
Event: 1096.808 Thread 0x0000022a5d6ed800 Exception <a 'sun/nio/fs/WindowsException'{0x000000008bb53b18}> (0x000000008bb53b18) thrown at [./src/hotspot/share/prims/jni.cpp, line 615]
Event: 1096.837 Thread 0x0000022a5d6ed800 Exception <a 'sun/nio/fs/WindowsException'{0x000000008bbac038}> (0x000000008bbac038) thrown at [./src/hotspot/share/prims/jni.cpp, line 615]
Event: 1096.864 Thread 0x0000022a5d6ed800 Exception <a 'sun/nio/fs/WindowsException'{0x000000008ba03f10}> (0x000000008ba03f10) thrown at [./src/hotspot/share/prims/jni.cpp, line 615]
Event: 1096.885 Thread 0x0000022a5d6ed800 Exception <a 'sun/nio/fs/WindowsException'{0x000000008ba40b28}> (0x000000008ba40b28) thrown at [./src/hotspot/share/prims/jni.cpp, line 615]
Event: 1096.934 Thread 0x0000022a5d6ed800 Exception <a 'sun/nio/fs/WindowsException'{0x000000008bad2578}> (0x000000008bad2578) thrown at [./src/hotspot/share/prims/jni.cpp, line 615]
Event: 1096.954 Thread 0x0000022a5d6ed800 Exception <a 'sun/nio/fs/WindowsException'{0x000000008b907a80}> (0x000000008b907a80) thrown at [./src/hotspot/share/prims/jni.cpp, line 615]
Event: 1097.273 Thread 0x0000022a5d6ed800 Exception <a 'sun/nio/fs/WindowsException'{0x000000008d6e9120}> (0x000000008d6e9120) thrown at [./src/hotspot/share/prims/jni.cpp, line 615]
Event: 1097.357 Thread 0x0000022a65971800 Exception <a 'sun/nio/fs/WindowsException'{0x000000008d69d8c8}> (0x000000008d69d8c8) thrown at [./src/hotspot/share/prims/jni.cpp, line 615]
Event: 1097.358 Thread 0x0000022a5ba2e800 Exception <a 'sun/nio/fs/WindowsException'{0x000000008d679998}> (0x000000008d679998) thrown at [./src/hotspot/share/prims/jni.cpp, line 615]
Event: 1097.368 Thread 0x0000022a65974000 Exception <a 'sun/nio/fs/WindowsException'{0x000000008d349aa0}> (0x000000008d349aa0) thrown at [./src/hotspot/share/prims/jni.cpp, line 615]
Event: 1097.374 Thread 0x0000022a6596c800 Exception <a 'sun/nio/fs/WindowsException'{0x000000008d10bc60}> (0x000000008d10bc60) thrown at [./src/hotspot/share/prims/jni.cpp, line 615]

Events (20 events):
Event: 1098.124 loading class com/android/tools/r8/graph/C1$c
Event: 1098.124 loading class com/android/tools/r8/graph/C1$c done
Event: 1098.124 loading class com/android/tools/r8/graph/R1
Event: 1098.124 loading class com/android/tools/r8/graph/R1 done
Event: 1098.125 loading class com/android/tools/r8/graph/d1
Event: 1098.125 loading class com/android/tools/r8/graph/d1 done
Event: 1098.125 loading class com/android/tools/r8/graph/d1
Event: 1098.125 loading class com/android/tools/r8/graph/d1 done
Event: 1098.125 loading class com/android/tools/r8/graph/C1$c
Event: 1098.125 loading class com/android/tools/r8/graph/C1$c done
Event: 1098.125 loading class com/android/tools/r8/graph/d1
Event: 1098.125 loading class com/android/tools/r8/graph/d1 done
Event: 1098.126 loading class com/android/tools/r8/graph/C1$i
Event: 1098.126 loading class com/android/tools/r8/graph/C1$i done
Event: 1098.126 loading class com/android/tools/r8/graph/C1$i
Event: 1098.126 loading class com/android/tools/r8/graph/C1$i done
Event: 1098.126 loading class com/android/tools/r8/graph/R1
Event: 1098.126 loading class com/android/tools/r8/graph/R1 done
Event: 1098.131 loading class com/android/tools/r8/graph/P1
Event: 1098.131 loading class com/android/tools/r8/graph/P1 done


Dynamic libraries:
0x00007ff65d8d0000 - 0x00007ff65d8da000 	C:\Program Files\Android\Android Studio\jre\bin\java.exe
0x00007ffa74a60000 - 0x00007ffa74c69000 	C:\WINDOWS\SYSTEM32\ntdll.dll
0x00007ffa739f0000 - 0x00007ffa73aae000 	C:\WINDOWS\System32\KERNEL32.DLL
0x00007ffa72000000 - 0x00007ffa7237b000 	C:\WINDOWS\System32\KERNELBASE.dll
0x00007ffa727c0000 - 0x00007ffa728d1000 	C:\WINDOWS\System32\ucrtbase.dll
0x00007ffa5d9a0000 - 0x00007ffa5d9b9000 	C:\Program Files\Android\Android Studio\jre\bin\jli.dll
0x00007ffa58360000 - 0x00007ffa58377000 	C:\Program Files\Android\Android Studio\jre\bin\VCRUNTIME140.dll
0x00007ffa72940000 - 0x00007ffa72aed000 	C:\WINDOWS\System32\USER32.dll
0x00007ffa71f30000 - 0x00007ffa71f56000 	C:\WINDOWS\System32\win32u.dll
0x00007ffa58510000 - 0x00007ffa587b5000 	C:\WINDOWS\WinSxS\amd64_microsoft.windows.common-controls_6595b64144ccf1df_6.0.22000.120_none_9d947278b86cc467\COMCTL32.dll
0x00007ffa73df0000 - 0x00007ffa73e19000 	C:\WINDOWS\System32\GDI32.dll
0x00007ffa72400000 - 0x00007ffa72518000 	C:\WINDOWS\System32\gdi32full.dll
0x00007ffa736f0000 - 0x00007ffa73793000 	C:\WINDOWS\System32\msvcrt.dll
0x00007ffa71f60000 - 0x00007ffa71ffd000 	C:\WINDOWS\System32\msvcp_win.dll
0x00007ffa748c0000 - 0x00007ffa748f2000 	C:\WINDOWS\System32\IMM32.DLL
0x00007ffa34320000 - 0x00007ffa343bd000 	C:\Program Files\Android\Android Studio\jre\bin\msvcp140.dll
0x00007ffa31740000 - 0x00007ffa32225000 	C:\Program Files\Android\Android Studio\jre\bin\server\jvm.dll
0x00007ffa73d40000 - 0x00007ffa73dee000 	C:\WINDOWS\System32\ADVAPI32.dll
0x00007ffa73880000 - 0x00007ffa7391e000 	C:\WINDOWS\System32\sechost.dll
0x00007ffa747a0000 - 0x00007ffa748c0000 	C:\WINDOWS\System32\RPCRT4.dll
0x00007ffa72ed0000 - 0x00007ffa72ed8000 	C:\WINDOWS\System32\PSAPI.DLL
0x00007ffa5b5a0000 - 0x00007ffa5b5a9000 	C:\WINDOWS\SYSTEM32\WSOCK32.dll
0x00007ffa6bb40000 - 0x00007ffa6bb73000 	C:\WINDOWS\SYSTEM32\WINMM.dll
0x00007ffa72b00000 - 0x00007ffa72b6f000 	C:\WINDOWS\System32\WS2_32.dll
0x00007ffa64e30000 - 0x00007ffa64e3a000 	C:\WINDOWS\SYSTEM32\VERSION.dll
0x00007ffa70f70000 - 0x00007ffa70f88000 	C:\WINDOWS\SYSTEM32\kernel.appcore.dll
0x00007ffa6c280000 - 0x00007ffa6c291000 	C:\Program Files\Android\Android Studio\jre\bin\verify.dll
0x00007ffa6fa00000 - 0x00007ffa6fc21000 	C:\WINDOWS\SYSTEM32\DBGHELP.DLL
0x00007ffa6ee70000 - 0x00007ffa6eea1000 	C:\WINDOWS\SYSTEM32\dbgcore.DLL
0x00007ffa72380000 - 0x00007ffa723ff000 	C:\WINDOWS\System32\bcryptPrimitives.dll
0x00007ffa6bdf0000 - 0x00007ffa6be19000 	C:\Program Files\Android\Android Studio\jre\bin\java.dll
0x00007ffa6dba0000 - 0x00007ffa6dbab000 	C:\Program Files\Android\Android Studio\jre\bin\jimage.dll
0x00007ffa69690000 - 0x00007ffa696a8000 	C:\Program Files\Android\Android Studio\jre\bin\zip.dll
0x00007ffa73fe0000 - 0x00007ffa74798000 	C:\WINDOWS\System32\SHELL32.dll
0x00007ffa6ffe0000 - 0x00007ffa70845000 	C:\WINDOWS\SYSTEM32\windows.storage.dll
0x00007ffa73370000 - 0x00007ffa736e8000 	C:\WINDOWS\System32\combase.dll
0x00007ffa6fe70000 - 0x00007ffa6ffd6000 	C:\WINDOWS\SYSTEM32\wintypes.dll
0x00007ffa72de0000 - 0x00007ffa72eca000 	C:\WINDOWS\System32\SHCORE.dll
0x00007ffa73ce0000 - 0x00007ffa73d3d000 	C:\WINDOWS\System32\shlwapi.dll
0x00007ffa71e60000 - 0x00007ffa71e81000 	C:\WINDOWS\SYSTEM32\profapi.dll
0x00007ffa629a0000 - 0x00007ffa629ba000 	C:\Program Files\Android\Android Studio\jre\bin\net.dll
0x00007ffa6e940000 - 0x00007ffa6ea54000 	C:\WINDOWS\SYSTEM32\WINHTTP.dll
0x00007ffa71450000 - 0x00007ffa714b7000 	C:\WINDOWS\system32\mswsock.dll
0x00007ffa62110000 - 0x00007ffa62124000 	C:\Program Files\Android\Android Studio\jre\bin\nio.dll
0x00007ffa5dd50000 - 0x00007ffa5dd77000 	C:\Users\82105\.gradle\native\e1d6ef7f7dcc3fd88c89a11ec53ec762bb8ba0a96d01ffa2cd45eb1d1d8dd5c5\windows-amd64\native-platform.dll
0x00007ffa389f0000 - 0x00007ffa38b34000 	C:\Users\82105\.gradle\native\5664cfc778a61ccfe75a443a1ab52a65af34e5dc3c78e0209fed803814484fcb\windows-amd64\native-platform-file-events.dll
0x00007ffa6d3d0000 - 0x00007ffa6d3da000 	C:\Program Files\Android\Android Studio\jre\bin\management.dll
0x00007ffa6c540000 - 0x00007ffa6c54d000 	C:\Program Files\Android\Android Studio\jre\bin\management_ext.dll
0x00007ffa71700000 - 0x00007ffa71718000 	C:\WINDOWS\SYSTEM32\CRYPTSP.dll
0x00007ffa70ed0000 - 0x00007ffa70f05000 	C:\WINDOWS\system32\rsaenh.dll
0x00007ffa715b0000 - 0x00007ffa715d9000 	C:\WINDOWS\SYSTEM32\USERENV.dll
0x00007ffa71880000 - 0x00007ffa718a7000 	C:\WINDOWS\SYSTEM32\bcrypt.dll
0x00007ffa71b70000 - 0x00007ffa71b7c000 	C:\WINDOWS\SYSTEM32\CRYPTBASE.dll
0x00007ffa70aa0000 - 0x00007ffa70acd000 	C:\WINDOWS\SYSTEM32\IPHLPAPI.DLL
0x00007ffa72dc0000 - 0x00007ffa72dc9000 	C:\WINDOWS\System32\NSI.dll
0x00007ffa69b30000 - 0x00007ffa69b49000 	C:\WINDOWS\SYSTEM32\dhcpcsvc6.DLL
0x00007ffa6b8e0000 - 0x00007ffa6b8fe000 	C:\WINDOWS\SYSTEM32\dhcpcsvc.DLL
0x00007ffa70ad0000 - 0x00007ffa70bb8000 	C:\WINDOWS\SYSTEM32\DNSAPI.dll
0x00007ffa6d400000 - 0x00007ffa6d41e000 	C:\Users\82105\AppData\Local\Temp\native-platform696567112932018201dir\native-platform.dll
0x00007ffa6c2a0000 - 0x00007ffa6c2a8000 	C:\Program Files\Android\Android Studio\jre\bin\rmi.dll
0x00007ffa61020000 - 0x00007ffa61047000 	C:\Program Files\Android\Android Studio\jre\bin\sunec.dll
0x00007ffa70f90000 - 0x00007ffa70fc4000 	C:\WINDOWS\SYSTEM32\ntmarta.dll

dbghelp: loaded successfully - version: 4.0.5 - missing functions: none
symbol engine: initialized successfully - sym options: 0x614 - pdb path: .;C:\Program Files\Android\Android Studio\jre\bin;C:\WINDOWS\SYSTEM32;C:\WINDOWS\WinSxS\amd64_microsoft.windows.common-controls_6595b64144ccf1df_6.0.22000.120_none_9d947278b86cc467;C:\Program Files\Android\Android Studio\jre\bin\server;C:\Users\82105\.gradle\native\e1d6ef7f7dcc3fd88c89a11ec53ec762bb8ba0a96d01ffa2cd45eb1d1d8dd5c5\windows-amd64;C:\Users\82105\.gradle\native\5664cfc778a61ccfe75a443a1ab52a65af34e5dc3c78e0209fed803814484fcb\windows-amd64;C:\Users\82105\AppData\Local\Temp\native-platform696567112932018201dir

VM Arguments:
jvm_args: --add-opens=java.base/java.util=ALL-UNNAMED --add-opens=java.base/java.lang=ALL-UNNAMED --add-opens=java.base/java.lang.invoke=ALL-UNNAMED --add-opens=java.base/java.util=ALL-UNNAMED --add-opens=java.prefs/java.util.prefs=ALL-UNNAMED --add-opens=java.prefs/java.util.prefs=ALL-UNNAMED --add-opens=java.base/java.nio.charset=ALL-UNNAMED --add-opens=java.base/java.net=ALL-UNNAMED --add-opens=java.base/java.util.concurrent.atomic=ALL-UNNAMED -Xmx2048m -Dfile.encoding=UTF-8 -Duser.country=KR -Duser.language=ko -Duser.variant 
java_command: org.gradle.launcher.daemon.bootstrap.GradleDaemon 7.3.3
java_class_path (initial): C:\Users\82105\.gradle\wrapper\dists\gradle-7.3.3-bin\6a41zxkdtcxs8rphpq6y0069z\gradle-7.3.3\lib\gradle-launcher-7.3.3.jar
Launcher Type: SUN_STANDARD

[Global flags]
     intx CICompilerCount                          = 4                                         {product} {ergonomic}
     uint ConcGCThreads                            = 2                                         {product} {ergonomic}
     uint G1ConcRefinementThreads                  = 8                                         {product} {ergonomic}
   size_t G1HeapRegionSize                         = 1048576                                   {product} {ergonomic}
    uintx GCDrainStackTargetSize                   = 64                                        {product} {ergonomic}
   size_t InitialHeapSize                          = 132120576                                 {product} {ergonomic}
   size_t MarkStackSize                            = 4194304                                   {product} {ergonomic}
   size_t MaxHeapSize                              = 2147483648                                {product} {command line}
   size_t MaxNewSize                               = 1287651328                                {product} {ergonomic}
   size_t MinHeapDeltaBytes                        = 1048576                                   {product} {ergonomic}
    uintx NonNMethodCodeHeapSize                   = 5836300                                {pd product} {ergonomic}
    uintx NonProfiledCodeHeapSize                  = 122910970                              {pd product} {ergonomic}
    uintx ProfiledCodeHeapSize                     = 122910970                              {pd product} {ergonomic}
    uintx ReservedCodeCacheSize                    = 251658240                              {pd product} {ergonomic}
     bool SegmentedCodeCache                       = true                                      {product} {ergonomic}
     bool UseCompressedClassPointers               = true                                 {lp64_product} {ergonomic}
     bool UseCompressedOops                        = true                                 {lp64_product} {ergonomic}
     bool UseG1GC                                  = true                                      {product} {ergonomic}
     bool UseLargePagesIndividualAllocation        = false                                  {pd product} {ergonomic}

Logging:
Log output configuration:
 #0: stdout all=warning uptime,level,tags
 #1: stderr all=off uptime,level,tags

Environment Variables:
JAVA_HOME=C:\Program Files\Java\jdk-11.0.14
CLASSPATH=C:\Program Files\Java\jdk-11.0.14\lib
PATH=C:\oraclexe\app\oracle\product\11.2.0\server\bin;C:\Program Files (x86)\Intel\Intel(R) Management Engine Components\iCLS\;C:\Program Files\Intel\Intel(R) Management Engine Components\iCLS\;C:\WINDOWS\system32;C:\WINDOWS;C:\WINDOWS\System32\Wbem;C:\WINDOWS\System32\WindowsPowerShell\v1.0\;C:\WINDOWS\System32\OpenSSH\;C:\Program Files (x86)\Intel\Intel(R) Management Engine Components\DAL;C:\Program Files\Intel\Intel(R) Management Engine Components\DAL;C:\Program Files (x86)\PuTTY\;C:\Program Files\Java\jdk-11.0.14\bin;C:\Program Files\Git\cmd;C:\MinGW\bin;C:\Program Files\nodejs\;C:\Bitnami\wampstack-8.0.5-0\mysql\bin;C:\dev\apache-maven-3.8.5\bin;C:\dev\gradle-7.4\bin;C:\Program Files\PuTTY\;C:\Program Files\Docker\Docker\resources\bin;C:\ProgramData\DockerDesktop\version-bin;C:\Program Files\MySQL\MySQL Shell 8.0\bin\;C:\Users\82105\anaconda3;C:\Users\82105\anaconda3\Library\mingw-w64\bin;C:\Users\82105\anaconda3\Library\usr\bin;C:\Users\82105\anaconda3\Library\bin;C:\Users\82105\anaconda3\Scripts;C:\Python39\Scripts\;C:\Python39\;C:\Users\82105\AppData\Local\Microsoft\WindowsApps;C:\Program Files\Multipass\bin;"C:\Program Files\JetBrains\IntelliJ IDEA Community Edition 2021.3.1\bin;C:\Windows\System32";;C:\Users\82105\AppData\Local\Programs\Microsoft VS Code\bin;C:\Users\82105\AppData\Roaming\npm;C:\Users\82105\AppData\Local\Google\Cloud SDK\google-cloud-sdk\bin
USERNAME=82105
OS=Windows_NT
PROCESSOR_IDENTIFIER=Intel64 Family 6 Model 142 Stepping 12, GenuineIntel



---------------  S Y S T E M  ---------------

OS: Windows 10 , 64 bit Build 22000 (10.0.22000.1219)
OS uptime: 8 days 19:04 hours
Hyper-V role detected

CPU:total 8 (initial active 8) (4 cores per cpu, 2 threads per core) family 6 model 142 stepping 12 microcode 0xde, cmov, cx8, fxsr, mmx, sse, sse2, sse3, ssse3, sse4.1, sse4.2, popcnt, avx, avx2, aes, clmul, erms, 3dnowpref, lzcnt, ht, tsc, tscinvbit, bmi1, bmi2, adx, fma

Memory: 4k page, system-wide physical 7986M (371M free)
TotalPageFile size 16178M (AvailPageFile size 5M)
current process WorkingSet (physical memory assigned to process): 508M, peak: 508M
current process commit charge ("private bytes"): 632M, peak: 635M

vm_info: OpenJDK 64-Bit Server VM (11.0.12+7-b1504.28-7817840) for windows-amd64 JRE (11.0.12+7-b1504.28-7817840), built on Oct 13 2021 22:12:33 by "builder" with MS VC++ 14.0 (VS2015)

END.
