#
# There is insufficient memory for the Java Runtime Environment to continue.
# Native memory allocation (mmap) failed to map 47185920 bytes for Failed to commit area from 0x000000008e000000 to 0x0000000090d00000 of length 47185920.
# Possible reasons:
#   The system is out of physical RAM or swap space
#   The process is running with CompressedOops enabled, and the Java Heap may be blocking the growth of the native heap
# Possible solutions:
#   Reduce memory load on the system
#   Increase physical memory or swap space
#   Check if swap backing store is full
#   Decrease Java heap size (-Xmx/-Xms)
#   Decrease number of Java threads
#   Decrease Java thread stack sizes (-Xss)
#   Set larger code cache with -XX:ReservedCodeCacheSize=
#   JVM is running with Unscaled Compressed Oops mode in which the Java heap is
#     placed in the first 4GB address space. The Java Heap base address is the
#     maximum limit for the native heap growth. Please use -XX:HeapBaseMinAddress
#     to set the Java Heap base and to place the Java Heap above 4GB virtual address.
# This output file may be truncated or incomplete.
#
#  Out of Memory Error (./src/hotspot/os/windows/os_windows.cpp:3521), pid=5132, tid=13572
#
# JRE version: OpenJDK Runtime Environment (11.0.12+7) (build 11.0.12+7-b1504.28-7817840)
# Java VM: OpenJDK 64-Bit Server VM (11.0.12+7-b1504.28-7817840, mixed mode, tiered, compressed oops, g1 gc, windows-amd64)
# No core dump will be written. Minidumps are not enabled by default on client versions of Windows
#

---------------  S U M M A R Y ------------

Command Line: --add-opens=java.base/java.util=ALL-UNNAMED --add-opens=java.base/java.lang=ALL-UNNAMED --add-opens=java.base/java.lang.invoke=ALL-UNNAMED --add-opens=java.base/java.util=ALL-UNNAMED --add-opens=java.prefs/java.util.prefs=ALL-UNNAMED --add-opens=java.prefs/java.util.prefs=ALL-UNNAMED --add-opens=java.base/java.nio.charset=ALL-UNNAMED --add-opens=java.base/java.net=ALL-UNNAMED --add-opens=java.base/java.util.concurrent.atomic=ALL-UNNAMED -Xmx2048m -Dfile.encoding=UTF-8 -Duser.country=KR -Duser.language=ko -Duser.variant org.gradle.launcher.daemon.bootstrap.GradleDaemon 7.3.3

Host: Intel(R) Core(TM) i5-8265U CPU @ 1.60GHz, 8 cores, 7G,  Windows 10 , 64 bit Build 22000 (10.0.22000.1219)
Time: Tue Nov 22 17:21:23 2022 대한민국 표준시 elapsed time: 341.910378 seconds (0d 0h 5m 41s)

---------------  T H R E A D  ---------------

Current thread (0x000001ed3e8d6000):  VMThread "VM Thread" [stack: 0x0000008a56c00000,0x0000008a56d00000] [id=13572]

Stack: [0x0000008a56c00000,0x0000008a56d00000]
[error occurred during error reporting (printing stack bounds), id 0xc0000005, EXCEPTION_ACCESS_VIOLATION (0xc0000005) at pc=0x000001ed27f5112d]

Native frames: (J=compiled Java code, j=interpreted, Vv=VM code, C=native code)
V  [jvm.dll+0x5fbcea]
V  [jvm.dll+0x731905]
V  [jvm.dll+0x732f1d]
V  [jvm.dll+0x733535]
V  [jvm.dll+0x7334eb]
V  [jvm.dll+0x5fb080]
V  [jvm.dll+0x5fb818]
C  [ntdll.dll+0xa8b1f]
C  [ntdll.dll+0x35b9a]
C  [ntdll.dll+0xa7b2e]
C  0x000001ed27f5112d

VM_Operation (0x0000008a612fc7a0): G1CollectForAllocation, mode: safepoint, requested by thread 0x000001ed4bc0b000


---------------  P R O C E S S  ---------------

Threads class SMR info:
_java_thread_list=0x000001ed47b1cdf0, length=160, elements={
0x000001ed24440000, 0x000001ed3e8d8000, 0x000001ed3e8e3800, 0x000001ed3e8fe800,
0x000001ed3f118800, 0x000001ed3f119000, 0x000001ed3f11c000, 0x000001ed3f16b000,
0x000001ed3f170800, 0x000001ed3f2d1000, 0x000001ed41111800, 0x000001ed3ff13000,
0x000001ed3f429800, 0x000001ed4172d000, 0x000001ed41730800, 0x000001ed41734000,
0x000001ed4172e000, 0x000001ed41733000, 0x000001ed44dcc000, 0x000001ed44dd2800,
0x000001ed44dd3800, 0x000001ed44dce800, 0x000001ed44dd5000, 0x000001ed41bc9800,
0x000001ed45caa800, 0x000001ed45cac800, 0x000001ed45cad000, 0x000001ed45ca9000,
0x000001ed45cae000, 0x000001ed48173800, 0x000001ed4816f000, 0x000001ed41bc0800,
0x000001ed41bbc000, 0x000001ed40405800, 0x000001ed40406800, 0x000001ed40407000,
0x000001ed40408000, 0x000001ed40402800, 0x000001ed40409000, 0x000001ed40403000,
0x000001ed40404000, 0x000001ed4040e800, 0x000001ed4040d800, 0x000001ed4040f800,
0x000001ed4040b800, 0x000001ed4040a800, 0x000001ed4040d000, 0x000001ed40411000,
0x000001ed4040c000, 0x000001ed41bbd000, 0x000001ed41bbb800, 0x000001ed41bbe000,
0x000001ed41bbe800, 0x000001ed41bbf800, 0x000001ed41bba800, 0x000001ed41bc1000,
0x000001ed41bc5000, 0x000001ed41bc4800, 0x000001ed41bc6000, 0x000001ed41bc7000,
0x000001ed41bc7800, 0x000001ed41bc2000, 0x000001ed41bc8800, 0x000001ed41bc2800,
0x000001ed41bc3800, 0x000001ed48171000, 0x000001ed4816d000, 0x000001ed4816f800,
0x000001ed48170800, 0x000001ed4816e000, 0x000001ed48177000, 0x000001ed48176000,
0x000001ed48178800, 0x000001ed48178000, 0x000001ed48174800, 0x000001ed4817b000,
0x000001ed48179800, 0x000001ed4817a000, 0x000001ed48175800, 0x000001ed4817c000,
0x000001ed45caf800, 0x000001ed45cae800, 0x000001ed45caa000, 0x000001ed45cb2000,
0x000001ed45cb3000, 0x000001ed45cb3800, 0x000001ed45cb4800, 0x000001ed45cb5000,
0x000001ed45cb6000, 0x000001ed45cb0800, 0x000001ed45cb7000, 0x000001ed44dcd000,
0x000001ed44dd6000, 0x000001ed44dd2000, 0x000001ed44dd9000, 0x000001ed44ddb000,
0x000001ed44dd8800, 0x000001ed44dda000, 0x000001ed44dd6800, 0x000001ed44dd7800,
0x000001ed40a04800, 0x000001ed40a05800, 0x000001ed40a03000, 0x000001ed40a06000,
0x000001ed40a07000, 0x000001ed40a02000, 0x000001ed40a01800, 0x000001ed40a03800,
0x000001ed4172f000, 0x000001ed4172f800, 0x000001ed41731800, 0x000001ed41732000,
0x000001ed47b03800, 0x000001ed47b07000, 0x000001ed47b03000, 0x000001ed47b04800,
0x000001ed47b05800, 0x000001ed47b06000, 0x000001ed47b01800, 0x000001ed47b08000,
0x000001ed47b02000, 0x000001ed47b0e800, 0x000001ed47b0b000, 0x000001ed47b0a800,
0x000001ed47b09800, 0x000001ed47b0c000, 0x000001ed47b0c800, 0x000001ed47b0d800,
0x000001ed47b08800, 0x000001ed47b0f000, 0x000001ed47b10000, 0x000001ed4aebe800,
0x000001ed4aec3000, 0x000001ed4aec1000, 0x000001ed4aebe000, 0x000001ed4aec4800,
0x000001ed4aec9800, 0x000001ed4aec7800, 0x000001ed4aecc000, 0x000001ed4aec6000,
0x000001ed4aeca000, 0x000001ed4aec7000, 0x000001ed4aec5800, 0x000001ed4aec3800,
0x000001ed4aebd000, 0x000001ed4aebf800, 0x000001ed4aec0800, 0x000001ed4aec2000,
0x000001ed4aecb000, 0x000001ed4aec8800, 0x000001ed40409800, 0x000001ed40410000,
0x000001ed4bc08800, 0x000001ed4bc06000, 0x000001ed4bc05800, 0x000001ed4bc09800,
0x000001ed4bc0a000, 0x000001ed4bc0b000, 0x000001ed4bc0c000, 0x000001ed4bc0c800
}

Java Threads: ( => current thread )
  0x000001ed24440000 JavaThread "main" [_thread_blocked, id=14860, stack(0x0000008a56600000,0x0000008a56700000)]
  0x000001ed3e8d8000 JavaThread "Reference Handler" daemon [_thread_blocked, id=25740, stack(0x0000008a56d00000,0x0000008a56e00000)]
  0x000001ed3e8e3800 JavaThread "Finalizer" daemon [_thread_blocked, id=22140, stack(0x0000008a56e00000,0x0000008a56f00000)]
  0x000001ed3e8fe800 JavaThread "Signal Dispatcher" daemon [_thread_blocked, id=22808, stack(0x0000008a56f00000,0x0000008a57000000)]
  0x000001ed3f118800 JavaThread "Attach Listener" daemon [_thread_blocked, id=24108, stack(0x0000008a57000000,0x0000008a57100000)]
  0x000001ed3f119000 JavaThread "Service Thread" daemon [_thread_blocked, id=1508, stack(0x0000008a57100000,0x0000008a57200000)]
  0x000001ed3f11c000 JavaThread "C2 CompilerThread0" daemon [_thread_blocked, id=9324, stack(0x0000008a57200000,0x0000008a57300000)]
  0x000001ed3f16b000 JavaThread "C1 CompilerThread0" daemon [_thread_blocked, id=11752, stack(0x0000008a57300000,0x0000008a57400000)]
  0x000001ed3f170800 JavaThread "Sweeper thread" daemon [_thread_blocked, id=14320, stack(0x0000008a57400000,0x0000008a57500000)]
  0x000001ed3f2d1000 JavaThread "Common-Cleaner" daemon [_thread_blocked, id=10060, stack(0x0000008a57500000,0x0000008a57600000)]
  0x000001ed41111800 JavaThread "Daemon health stats" [_thread_blocked, id=26524, stack(0x0000008a57b00000,0x0000008a57c00000)]
  0x000001ed3ff13000 JavaThread "Incoming local TCP Connector on port 53148" [_thread_in_native, id=19016, stack(0x0000008a57700000,0x0000008a57800000)]
  0x000001ed3f429800 JavaThread "Daemon periodic checks" [_thread_blocked, id=11780, stack(0x0000008a57800000,0x0000008a57900000)]
  0x000001ed4172d000 JavaThread "Cache worker for journal cache (C:\Users\82105\.gradle\caches\journal-1)" [_thread_blocked, id=20936, stack(0x0000008a58800000,0x0000008a58900000)]
  0x000001ed41730800 JavaThread "File lock request listener" [_thread_in_native, id=2544, stack(0x0000008a58900000,0x0000008a58a00000)]
  0x000001ed41734000 JavaThread "Cache worker for file hash cache (C:\Users\82105\.gradle\caches\7.3.3\fileHashes)" [_thread_blocked, id=8092, stack(0x0000008a58a00000,0x0000008a58b00000)]
  0x000001ed4172e000 JavaThread "File watcher server" daemon [_thread_blocked, id=21388, stack(0x0000008a58f00000,0x0000008a59000000)]
  0x000001ed41733000 JavaThread "File watcher consumer" daemon [_thread_blocked, id=24112, stack(0x0000008a59000000,0x0000008a59100000)]
  0x000001ed44dcc000 JavaThread "Cache worker for execution history cache (C:\Users\82105\.gradle\caches\7.3.3\executionHistory)" [_thread_blocked, id=26140, stack(0x0000008a59400000,0x0000008a59500000)]
  0x000001ed44dd2800 JavaThread "jar transforms" [_thread_blocked, id=16452, stack(0x0000008a59500000,0x0000008a59600000)]
  0x000001ed44dd3800 JavaThread "Cache worker for file content cache (C:\Users\82105\.gradle\caches\7.3.3\fileContent)" [_thread_blocked, id=15328, stack(0x0000008a59600000,0x0000008a59700000)]
  0x000001ed44dce800 JavaThread "jar transforms Thread 2" [_thread_blocked, id=23472, stack(0x0000008a59700000,0x0000008a59800000)]
  0x000001ed44dd5000 JavaThread "jar transforms Thread 3" [_thread_blocked, id=14344, stack(0x0000008a59900000,0x0000008a59a00000)]
  0x000001ed41bc9800 JavaThread "jar transforms Thread 4" [_thread_blocked, id=19228, stack(0x0000008a5eb00000,0x0000008a5ec00000)]
  0x000001ed45caa800 JavaThread "jar transforms Thread 5" [_thread_blocked, id=14768, stack(0x0000008a5ec00000,0x0000008a5ed00000)]
  0x000001ed45cac800 JavaThread "jar transforms Thread 6" [_thread_blocked, id=19812, stack(0x0000008a5ed00000,0x0000008a5ee00000)]
  0x000001ed45cad000 JavaThread "jar transforms Thread 7" [_thread_blocked, id=25060, stack(0x0000008a5ee00000,0x0000008a5ef00000)]
  0x000001ed45ca9000 JavaThread "jar transforms Thread 8" [_thread_blocked, id=26328, stack(0x0000008a5ef00000,0x0000008a5f000000)]
  0x000001ed45cae000 JavaThread "Memory manager" [_thread_blocked, id=14236, stack(0x0000008a58e00000,0x0000008a58f00000)]
  0x000001ed48173800 JavaThread "ForkJoinPool.commonPool-worker-3" daemon [_thread_blocked, id=11808, stack(0x0000008a5fd00000,0x0000008a5fe00000)]
  0x000001ed4816f000 JavaThread "ForkJoinPool.commonPool-worker-13" daemon [_thread_blocked, id=13124, stack(0x0000008a60300000,0x0000008a60400000)]
  0x000001ed41bc0800 JavaThread "Daemon Thread 2" [_thread_blocked, id=10216, stack(0x0000008a56300000,0x0000008a56400000)]
  0x000001ed41bbc000 JavaThread "Daemon worker Thread 2" [_thread_blocked, id=22464, stack(0x0000008a57c00000,0x0000008a57d00000)]
  0x000001ed40405800 JavaThread "Handler for socket connection from /127.0.0.1:53148 to /127.0.0.1:59517" [_thread_in_native, id=11660, stack(0x0000008a56400000,0x0000008a56500000)]
  0x000001ed40406800 JavaThread "Cancel handler" [_thread_blocked, id=21716, stack(0x0000008a56500000,0x0000008a56600000)]
  0x000001ed40407000 JavaThread "Asynchronous log dispatcher for DefaultDaemonConnection: socket connection from /127.0.0.1:53148 to /127.0.0.1:59517" [_thread_blocked, id=4332, stack(0x0000008a57d00000,0x0000008a57e00000)]
  0x000001ed40408000 JavaThread "Stdin handler" [_thread_blocked, id=25944, stack(0x0000008a58300000,0x0000008a58400000)]
  0x000001ed40402800 JavaThread "Daemon client event forwarder" [_thread_blocked, id=16172, stack(0x0000008a58400000,0x0000008a58500000)]
  0x000001ed40409000 JavaThread "Cache worker for file hash cache (C:\Users\82105\AndroidStudioProjects\architectureProject\sokdaksokdak\.gradle\7.3.3\fileHashes)" [_thread_blocked, id=22948, stack(0x0000008a58500000,0x0000008a58600000)]
  0x000001ed40403000 JavaThread "Cache worker for checksums cache (C:\Users\82105\AndroidStudioProjects\architectureProject\sokdaksokdak\.gradle\7.3.3\checksums)" [_thread_blocked, id=25192, stack(0x0000008a58600000,0x0000008a58700000)]
  0x000001ed40404000 JavaThread "Cache worker for cache directory md-supplier (C:\Users\82105\.gradle\caches\7.3.3\md-supplier)" [_thread_blocked, id=6504, stack(0x0000008a58c00000,0x0000008a58d00000)]
  0x000001ed4040e800 JavaThread "Cache worker for cache directory md-rule (C:\Users\82105\.gradle\caches\7.3.3\md-rule)" [_thread_blocked, id=12304, stack(0x0000008a58d00000,0x0000008a58e00000)]
  0x000001ed4040d800 JavaThread "Cache worker for dependencies-accessors (C:\Users\82105\AndroidStudioProjects\architectureProject\sokdaksokdak\.gradle\7.3.3\dependencies-accessors)" [_thread_blocked, id=17012, stack(0x0000008a59200000,0x0000008a59300000)]
  0x000001ed4040f800 JavaThread "Cache worker for Build Output Cleanup Cache (C:\Users\82105\AndroidStudioProjects\architectureProject\sokdaksokdak\.gradle\buildOutputCleanup)" [_thread_blocked, id=2752, stack(0x0000008a59300000,0x0000008a59400000)]
  0x000001ed4040b800 JavaThread "Unconstrained build operations" [_thread_blocked, id=18748, stack(0x0000008a59800000,0x0000008a59900000)]
  0x000001ed4040a800 JavaThread "Unconstrained build operations Thread 2" [_thread_blocked, id=17500, stack(0x0000008a59a00000,0x0000008a59b00000)]
  0x000001ed4040d000 JavaThread "Unconstrained build operations Thread 3" [_thread_blocked, id=13656, stack(0x0000008a59b00000,0x0000008a59c00000)]
  0x000001ed40411000 JavaThread "Unconstrained build operations Thread 4" [_thread_blocked, id=17056, stack(0x0000008a59c00000,0x0000008a59d00000)]
  0x000001ed4040c000 JavaThread "Unconstrained build operations Thread 5" [_thread_blocked, id=26572, stack(0x0000008a59d00000,0x0000008a59e00000)]
  0x000001ed41bbd000 JavaThread "Unconstrained build operations Thread 6" [_thread_blocked, id=14884, stack(0x0000008a59e00000,0x0000008a59f00000)]
  0x000001ed41bbb800 JavaThread "Unconstrained build operations Thread 7" [_thread_blocked, id=25664, stack(0x0000008a59f00000,0x0000008a5a000000)]
  0x000001ed41bbe000 JavaThread "Unconstrained build operations Thread 8" [_thread_blocked, id=5948, stack(0x0000008a5a000000,0x0000008a5a100000)]
  0x000001ed41bbe800 JavaThread "Unconstrained build operations Thread 9" [_thread_blocked, id=20016, stack(0x0000008a5a100000,0x0000008a5a200000)]
  0x000001ed41bbf800 JavaThread "Unconstrained build operations Thread 10" [_thread_blocked, id=26408, stack(0x0000008a5a200000,0x0000008a5a300000)]
  0x000001ed41bba800 JavaThread "Unconstrained build operations Thread 11" [_thread_blocked, id=7052, stack(0x0000008a5a300000,0x0000008a5a400000)]
  0x000001ed41bc1000 JavaThread "Unconstrained build operations Thread 12" [_thread_blocked, id=24480, stack(0x0000008a5a400000,0x0000008a5a500000)]
  0x000001ed41bc5000 JavaThread "Unconstrained build operations Thread 13" [_thread_blocked, id=5668, stack(0x0000008a5a500000,0x0000008a5a600000)]
  0x000001ed41bc4800 JavaThread "Unconstrained build operations Thread 14" [_thread_blocked, id=23216, stack(0x0000008a5a600000,0x0000008a5a700000)]
  0x000001ed41bc6000 JavaThread "Unconstrained build operations Thread 15" [_thread_blocked, id=23296, stack(0x0000008a5a700000,0x0000008a5a800000)]
  0x000001ed41bc7000 JavaThread "Unconstrained build operations Thread 16" [_thread_blocked, id=12848, stack(0x0000008a5a800000,0x0000008a5a900000)]
  0x000001ed41bc7800 JavaThread "Unconstrained build operations Thread 17" [_thread_blocked, id=20036, stack(0x0000008a5a900000,0x0000008a5aa00000)]
  0x000001ed41bc2000 JavaThread "Unconstrained build operations Thread 18" [_thread_blocked, id=10400, stack(0x0000008a5aa00000,0x0000008a5ab00000)]
  0x000001ed41bc8800 JavaThread "Unconstrained build operations Thread 19" [_thread_blocked, id=8772, stack(0x0000008a5ab00000,0x0000008a5ac00000)]
  0x000001ed41bc2800 JavaThread "Unconstrained build operations Thread 20" [_thread_blocked, id=8524, stack(0x0000008a5ac00000,0x0000008a5ad00000)]
  0x000001ed41bc3800 JavaThread "Unconstrained build operations Thread 21" [_thread_blocked, id=19048, stack(0x0000008a5ad00000,0x0000008a5ae00000)]
  0x000001ed48171000 JavaThread "Unconstrained build operations Thread 22" [_thread_blocked, id=26296, stack(0x0000008a5ae00000,0x0000008a5af00000)]
  0x000001ed4816d000 JavaThread "Unconstrained build operations Thread 23" [_thread_blocked, id=2492, stack(0x0000008a5af00000,0x0000008a5b000000)]
  0x000001ed4816f800 JavaThread "Unconstrained build operations Thread 24" [_thread_blocked, id=24636, stack(0x0000008a5b000000,0x0000008a5b100000)]
  0x000001ed48170800 JavaThread "Unconstrained build operations Thread 25" [_thread_blocked, id=12072, stack(0x0000008a5b100000,0x0000008a5b200000)]
  0x000001ed4816e000 JavaThread "Unconstrained build operations Thread 26" [_thread_blocked, id=17904, stack(0x0000008a5b200000,0x0000008a5b300000)]
  0x000001ed48177000 JavaThread "Unconstrained build operations Thread 27" [_thread_blocked, id=24880, stack(0x0000008a5b300000,0x0000008a5b400000)]
  0x000001ed48176000 JavaThread "Unconstrained build operations Thread 28" [_thread_blocked, id=25908, stack(0x0000008a5b400000,0x0000008a5b500000)]
  0x000001ed48178800 JavaThread "Unconstrained build operations Thread 29" [_thread_blocked, id=8868, stack(0x0000008a5b500000,0x0000008a5b600000)]
  0x000001ed48178000 JavaThread "Unconstrained build operations Thread 30" [_thread_blocked, id=7320, stack(0x0000008a5b600000,0x0000008a5b700000)]
  0x000001ed48174800 JavaThread "Unconstrained build operations Thread 31" [_thread_blocked, id=19292, stack(0x0000008a5b700000,0x0000008a5b800000)]
  0x000001ed4817b000 JavaThread "Unconstrained build operations Thread 32" [_thread_blocked, id=2404, stack(0x0000008a5b800000,0x0000008a5b900000)]
  0x000001ed48179800 JavaThread "Unconstrained build operations Thread 33" [_thread_blocked, id=11924, stack(0x0000008a5b900000,0x0000008a5ba00000)]
  0x000001ed4817a000 JavaThread "Unconstrained build operations Thread 34" [_thread_blocked, id=10124, stack(0x0000008a5ba00000,0x0000008a5bb00000)]
  0x000001ed48175800 JavaThread "Unconstrained build operations Thread 35" [_thread_blocked, id=11452, stack(0x0000008a5bb00000,0x0000008a5bc00000)]
  0x000001ed4817c000 JavaThread "Unconstrained build operations Thread 36" [_thread_blocked, id=12640, stack(0x0000008a5bc00000,0x0000008a5bd00000)]
  0x000001ed45caf800 JavaThread "Unconstrained build operations Thread 37" [_thread_blocked, id=1552, stack(0x0000008a5bd00000,0x0000008a5be00000)]
  0x000001ed45cae800 JavaThread "Unconstrained build operations Thread 38" [_thread_blocked, id=10580, stack(0x0000008a5be00000,0x0000008a5bf00000)]
  0x000001ed45caa000 JavaThread "Unconstrained build operations Thread 39" [_thread_blocked, id=24944, stack(0x0000008a5bf00000,0x0000008a5c000000)]
  0x000001ed45cb2000 JavaThread "Unconstrained build operations Thread 40" [_thread_blocked, id=10468, stack(0x0000008a5c000000,0x0000008a5c100000)]
  0x000001ed45cb3000 JavaThread "Unconstrained build operations Thread 41" [_thread_blocked, id=22588, stack(0x0000008a5c100000,0x0000008a5c200000)]
  0x000001ed45cb3800 JavaThread "Unconstrained build operations Thread 42" [_thread_blocked, id=25208, stack(0x0000008a5c200000,0x0000008a5c300000)]
  0x000001ed45cb4800 JavaThread "Unconstrained build operations Thread 43" [_thread_blocked, id=21832, stack(0x0000008a5c300000,0x0000008a5c400000)]
  0x000001ed45cb5000 JavaThread "Unconstrained build operations Thread 44" [_thread_blocked, id=1432, stack(0x0000008a5c400000,0x0000008a5c500000)]
  0x000001ed45cb6000 JavaThread "Unconstrained build operations Thread 45" [_thread_blocked, id=24004, stack(0x0000008a5c500000,0x0000008a5c600000)]
  0x000001ed45cb0800 JavaThread "Unconstrained build operations Thread 46" [_thread_blocked, id=8328, stack(0x0000008a5c600000,0x0000008a5c700000)]
  0x000001ed45cb7000 JavaThread "Unconstrained build operations Thread 47" [_thread_blocked, id=9980, stack(0x0000008a5c700000,0x0000008a5c800000)]
  0x000001ed44dcd000 JavaThread "Unconstrained build operations Thread 48" [_thread_blocked, id=25344, stack(0x0000008a5c800000,0x0000008a5c900000)]
  0x000001ed44dd6000 JavaThread "Unconstrained build operations Thread 49" [_thread_blocked, id=17064, stack(0x0000008a5c900000,0x0000008a5ca00000)]
  0x000001ed44dd2000 JavaThread "Unconstrained build operations Thread 50" [_thread_blocked, id=14668, stack(0x0000008a5ca00000,0x0000008a5cb00000)]
  0x000001ed44dd9000 JavaThread "Unconstrained build operations Thread 51" [_thread_blocked, id=25812, stack(0x0000008a5cb00000,0x0000008a5cc00000)]
  0x000001ed44ddb000 JavaThread "Unconstrained build operations Thread 52" [_thread_blocked, id=13476, stack(0x0000008a5cc00000,0x0000008a5cd00000)]
  0x000001ed44dd8800 JavaThread "Unconstrained build operations Thread 53" [_thread_blocked, id=12212, stack(0x0000008a5cd00000,0x0000008a5ce00000)]
  0x000001ed44dda000 JavaThread "Unconstrained build operations Thread 54" [_thread_blocked, id=5488, stack(0x0000008a5ce00000,0x0000008a5cf00000)]
  0x000001ed44dd6800 JavaThread "Unconstrained build operations Thread 55" [_thread_blocked, id=16644, stack(0x0000008a5cf00000,0x0000008a5d000000)]
  0x000001ed44dd7800 JavaThread "Unconstrained build operations Thread 56" [_thread_blocked, id=25676, stack(0x0000008a5d000000,0x0000008a5d100000)]
  0x000001ed40a04800 JavaThread "Unconstrained build operations Thread 57" [_thread_blocked, id=22220, stack(0x0000008a5d100000,0x0000008a5d200000)]
  0x000001ed40a05800 JavaThread "Unconstrained build operations Thread 58" [_thread_blocked, id=15040, stack(0x0000008a5d200000,0x0000008a5d300000)]
  0x000001ed40a03000 JavaThread "Unconstrained build operations Thread 59" [_thread_blocked, id=15488, stack(0x0000008a5d300000,0x0000008a5d400000)]
  0x000001ed40a06000 JavaThread "Unconstrained build operations Thread 60" [_thread_blocked, id=24988, stack(0x0000008a5d400000,0x0000008a5d500000)]
  0x000001ed40a07000 JavaThread "Unconstrained build operations Thread 61" [_thread_blocked, id=12384, stack(0x0000008a5d500000,0x0000008a5d600000)]
  0x000001ed40a02000 JavaThread "Unconstrained build operations Thread 62" [_thread_blocked, id=17636, stack(0x0000008a5d600000,0x0000008a5d700000)]
  0x000001ed40a01800 JavaThread "Unconstrained build operations Thread 63" [_thread_blocked, id=20100, stack(0x0000008a5d700000,0x0000008a5d800000)]
  0x000001ed40a03800 JavaThread "Unconstrained build operations Thread 64" [_thread_blocked, id=22288, stack(0x0000008a5d800000,0x0000008a5d900000)]
  0x000001ed4172f000 JavaThread "Unconstrained build operations Thread 65" [_thread_blocked, id=14652, stack(0x0000008a5d900000,0x0000008a5da00000)]
  0x000001ed4172f800 JavaThread "Unconstrained build operations Thread 66" [_thread_blocked, id=16508, stack(0x0000008a5da00000,0x0000008a5db00000)]
  0x000001ed41731800 JavaThread "Unconstrained build operations Thread 67" [_thread_blocked, id=23152, stack(0x0000008a5db00000,0x0000008a5dc00000)]
  0x000001ed41732000 JavaThread "Unconstrained build operations Thread 68" [_thread_blocked, id=10952, stack(0x0000008a5dc00000,0x0000008a5dd00000)]
  0x000001ed47b03800 JavaThread "Unconstrained build operations Thread 69" [_thread_blocked, id=5028, stack(0x0000008a5dd00000,0x0000008a5de00000)]
  0x000001ed47b07000 JavaThread "Unconstrained build operations Thread 70" [_thread_blocked, id=14184, stack(0x0000008a5de00000,0x0000008a5df00000)]
  0x000001ed47b03000 JavaThread "Unconstrained build operations Thread 71" [_thread_blocked, id=2408, stack(0x0000008a5df00000,0x0000008a5e000000)]
  0x000001ed47b04800 JavaThread "Unconstrained build operations Thread 72" [_thread_blocked, id=24280, stack(0x0000008a5e000000,0x0000008a5e100000)]
  0x000001ed47b05800 JavaThread "Unconstrained build operations Thread 73" [_thread_blocked, id=13668, stack(0x0000008a5e100000,0x0000008a5e200000)]
  0x000001ed47b06000 JavaThread "Unconstrained build operations Thread 74" [_thread_blocked, id=26044, stack(0x0000008a5e200000,0x0000008a5e300000)]
  0x000001ed47b01800 JavaThread "Unconstrained build operations Thread 75" [_thread_blocked, id=4108, stack(0x0000008a5e300000,0x0000008a5e400000)]
  0x000001ed47b08000 JavaThread "Unconstrained build operations Thread 76" [_thread_blocked, id=10108, stack(0x0000008a5e400000,0x0000008a5e500000)]
  0x000001ed47b02000 JavaThread "Unconstrained build operations Thread 77" [_thread_blocked, id=3800, stack(0x0000008a5e500000,0x0000008a5e600000)]
  0x000001ed47b0e800 JavaThread "Unconstrained build operations Thread 78" [_thread_blocked, id=19384, stack(0x0000008a5e600000,0x0000008a5e700000)]
  0x000001ed47b0b000 JavaThread "Unconstrained build operations Thread 79" [_thread_blocked, id=22804, stack(0x0000008a5e700000,0x0000008a5e800000)]
  0x000001ed47b0a800 JavaThread "Unconstrained build operations Thread 80" [_thread_blocked, id=10820, stack(0x0000008a5e800000,0x0000008a5e900000)]
  0x000001ed47b09800 JavaThread "build event listener" [_thread_blocked, id=18952, stack(0x0000008a5f000000,0x0000008a5f100000)]
  0x000001ed47b0c000 JavaThread "Execution worker for ':'" [_thread_blocked, id=18828, stack(0x0000008a5f100000,0x0000008a5f200000)]
  0x000001ed47b0c800 JavaThread "Execution worker for ':' Thread 2" [_thread_blocked, id=4488, stack(0x0000008a5f200000,0x0000008a5f300000)]
  0x000001ed47b0d800 JavaThread "Execution worker for ':' Thread 3" [_thread_blocked, id=12268, stack(0x0000008a5f300000,0x0000008a5f400000)]
  0x000001ed47b08800 JavaThread "Execution worker for ':' Thread 4" [_thread_blocked, id=24224, stack(0x0000008a5f400000,0x0000008a5f500000)]
  0x000001ed47b0f000 JavaThread "Execution worker for ':' Thread 5" [_thread_blocked, id=14720, stack(0x0000008a5f500000,0x0000008a5f600000)]
  0x000001ed47b10000 JavaThread "Execution worker for ':' Thread 6" [_thread_blocked, id=12056, stack(0x0000008a5f600000,0x0000008a5f700000)]
  0x000001ed4aebe800 JavaThread "Execution worker for ':' Thread 7" [_thread_blocked, id=19564, stack(0x0000008a5f700000,0x0000008a5f800000)]
  0x000001ed4aec3000 JavaThread "Cache worker for execution history cache (C:\Users\82105\AndroidStudioProjects\architectureProject\sokdaksokdak\.gradle\7.3.3\executionHistory)" [_thread_blocked, id=13112, stack(0x0000008a5f800000,0x0000008a5f900000)]
  0x000001ed4aec1000 JavaThread "pool-13-thread-1" [_thread_blocked, id=14916, stack(0x0000008a5fc00000,0x0000008a5fd00000)]
  0x000001ed4aebe000 JavaThread "stderr" [_thread_in_native, id=9540, stack(0x0000008a5fe00000,0x0000008a5ff00000)]
  0x000001ed4aec4800 JavaThread "stdout" [_thread_in_native, id=11792, stack(0x0000008a5ff00000,0x0000008a60000000)]
  0x000001ed4aec9800 JavaThread "RMI Scheduler(0)" daemon [_thread_blocked, id=6872, stack(0x0000008a60000000,0x0000008a60100000)]
  0x000001ed4aec7800 JavaThread "RMI GC Daemon" daemon [_thread_blocked, id=16148, stack(0x0000008a60400000,0x0000008a60500000)]
  0x000001ed4aecc000 JavaThread "RMI TCP Accept-0" daemon [_thread_in_native, id=25452, stack(0x0000008a60500000,0x0000008a60600000)]
  0x000001ed4aec6000 JavaThread "RMI Reaper" [_thread_blocked, id=26192, stack(0x0000008a60600000,0x0000008a60700000)]
  0x000001ed4aeca000 JavaThread "RMI TCP Connection(1)-127.0.0.1" daemon [_thread_in_native, id=21356, stack(0x0000008a60700000,0x0000008a60800000)]
  0x000001ed4aec7000 JavaThread "WorkerExecutor Queue Thread 5" [_thread_blocked, id=1688, stack(0x0000008a59100000,0x0000008a59200000)]
  0x000001ed4aec5800 JavaThread "WorkerExecutor Queue Thread 6" [_thread_blocked, id=18052, stack(0x0000008a5f900000,0x0000008a5fa00000)]
  0x000001ed4aec3800 JavaThread "RMI TCP Connection(2)-127.0.0.1" daemon [_thread_in_native, id=18508, stack(0x0000008a60200000,0x0000008a60300000)]
  0x000001ed4aebd000 JavaThread "C2 CompilerThread1" daemon [_thread_blocked, id=23808, stack(0x0000008a58700000,0x0000008a58800000)]
  0x000001ed4aebf800 JavaThread "Cache worker for Java compile cache (C:\Users\82105\.gradle\caches\7.3.3\javaCompile)" [_thread_blocked, id=16848, stack(0x0000008a5fa00000,0x0000008a5fb00000)]
  0x000001ed4aec0800 JavaThread "Build operations" [_thread_blocked, id=14800, stack(0x0000008a5fb00000,0x0000008a5fc00000)]
  0x000001ed4aec2000 JavaThread "Build operations Thread 2" [_thread_blocked, id=11204, stack(0x0000008a60800000,0x0000008a60900000)]
  0x000001ed4aecb000 JavaThread "Build operations Thread 3" [_thread_blocked, id=968, stack(0x0000008a60900000,0x0000008a60a00000)]
  0x000001ed4aec8800 JavaThread "Build operations Thread 4" [_thread_blocked, id=24628, stack(0x0000008a60a00000,0x0000008a60b00000)]
  0x000001ed40409800 JavaThread "Build operations Thread 5" [_thread_blocked, id=26528, stack(0x0000008a60b00000,0x0000008a60c00000)]
  0x000001ed40410000 JavaThread "Build operations Thread 6" [_thread_blocked, id=12884, stack(0x0000008a60c00000,0x0000008a60d00000)]
  0x000001ed4bc08800 JavaThread "Build operations Thread 7" [_thread_blocked, id=16808, stack(0x0000008a60d00000,0x0000008a60e00000)]
  0x000001ed4bc06000 JavaThread "Build operations Thread 8" [_thread_blocked, id=21052, stack(0x0000008a60e00000,0x0000008a60f00000)]
  0x000001ed4bc05800 JavaThread "WorkerExecutor Queue Thread 7" [_thread_blocked, id=16308, stack(0x0000008a60f00000,0x0000008a61000000)]
  0x000001ed4bc09800 JavaThread "WorkerExecutor Queue Thread 8" [_thread_blocked, id=22264, stack(0x0000008a61000000,0x0000008a61100000)]
  0x000001ed4bc0a000 JavaThread "WorkerExecutor Queue Thread 9" [_thread_blocked, id=18900, stack(0x0000008a61100000,0x0000008a61200000)]
  0x000001ed4bc0b000 JavaThread "WorkerExecutor Queue Thread 10" [_thread_blocked, id=1356, stack(0x0000008a61200000,0x0000008a61300000)]
  0x000001ed4bc0c000 JavaThread "WorkerExecutor Queue Thread 12" [_thread_blocked, id=14248, stack(0x0000008a61400000,0x0000008a61500000)]
  0x000001ed4bc0c800 JavaThread "WorkerExecutor Queue Thread 13" [_thread_blocked, id=16868, stack(0x0000008a61500000,0x0000008a61600000)]

Other Threads:
=>0x000001ed3e8d6000 VMThread "VM Thread" [stack: 0x0000008a56c00000,0x0000008a56d00000] [id=13572]
  0x000001ed3f2fa000 WatcherThread [stack: 0x0000008a57600000,0x0000008a57700000] [id=25804]
  0x000001ed24459800 GCTaskThread "GC Thread#0" [stack: 0x0000008a56700000,0x0000008a56800000] [id=14728]
  0x000001ed4024b000 GCTaskThread "GC Thread#1" [stack: 0x0000008a57900000,0x0000008a57a00000] [id=15056]
  0x000001ed3fd0e800 GCTaskThread "GC Thread#2" [stack: 0x0000008a57a00000,0x0000008a57b00000] [id=24324]
  0x000001ed41e06800 GCTaskThread "GC Thread#3" [stack: 0x0000008a57e00000,0x0000008a57f00000] [id=18332]
  0x000001ed4244d800 GCTaskThread "GC Thread#4" [stack: 0x0000008a57f00000,0x0000008a58000000] [id=11116]
  0x000001ed416a2000 GCTaskThread "GC Thread#5" [stack: 0x0000008a58000000,0x0000008a58100000] [id=6664]
  0x000001ed41268800 GCTaskThread "GC Thread#6" [stack: 0x0000008a58100000,0x0000008a58200000] [id=20228]
  0x000001ed41b22800 GCTaskThread "GC Thread#7" [stack: 0x0000008a58200000,0x0000008a58300000] [id=11268]
  0x000001ed2448a800 ConcurrentGCThread "G1 Main Marker" [stack: 0x0000008a56800000,0x0000008a56900000] [id=3192]
  0x000001ed2448c800 ConcurrentGCThread "G1 Conc#0" [stack: 0x0000008a56900000,0x0000008a56a00000] [id=22028]
  0x000001ed3f6fa000 ConcurrentGCThread "G1 Conc#1" [stack: 0x0000008a58b00000,0x0000008a58c00000] [id=1752]
  0x000001ed3e720800 ConcurrentGCThread "G1 Refine#0" [stack: 0x0000008a56a00000,0x0000008a56b00000] [id=13460]
  0x000001ed3e721800 ConcurrentGCThread "G1 Young RemSet Sampling" [stack: 0x0000008a56b00000,0x0000008a56c00000] [id=4344]

Threads with active compile tasks:
C2 CompilerThread0 341999 22609       4       com.android.tools.r8.internal.aZ::a (9 bytes)
C2 CompilerThread1 341999 22080       4       java.util.ArrayList::sort (45 bytes)

VM state:at safepoint (normal execution)

VM Mutex/Monitor currently owned by a thread:  ([mutex/lock_event])
[0x000001ed2443cd30] Threads_lock - owner thread: 0x000001ed3e8d6000
[0x000001ed2443cf70] Heap_lock - owner thread: 0x000001ed4bc0b000

Heap address: 0x0000000080000000, size: 2048 MB, Compressed Oops mode: 32-bit
Narrow klass base: 0x0000000000000000, Narrow klass shift: 3
Compressed class space size: 1073741824 Address: 0x0000000100000000

Heap:
 garbage-first heap   total 275456K, used 143262K [0x0000000080000000, 0x0000000100000000)
  region size 1024K, 1 young (1024K), 1 survivors (1024K)
 Metaspace       used 136029K, capacity 140159K, committed 140656K, reserved 1171456K
  class space    used 17008K, capacity 18555K, committed 18764K, reserved 1048576K
Heap Regions: E=young(eden), S=young(survivor), O=old, HS=humongous(starts), HC=humongous(continues), CS=collection set, F=free, A=archive, TAMS=top-at-mark-start (previous, next)
|   0|0x0000000080000000, 0x0000000080100000, 0x0000000080100000|100%| O|  |TAMS 0x0000000080100000, 0x0000000080000000| Untracked 
|   1|0x0000000080100000, 0x0000000080200000, 0x0000000080200000|100%| O|  |TAMS 0x0000000080200000, 0x0000000080100000| Untracked 
|   2|0x0000000080200000, 0x0000000080300000, 0x0000000080300000|100%| O|  |TAMS 0x0000000080300000, 0x0000000080200000| Untracked 
|   3|0x0000000080300000, 0x0000000080400000, 0x0000000080400000|100%|HS|  |TAMS 0x0000000080400000, 0x0000000080300000| Complete 
|   4|0x0000000080400000, 0x0000000080500000, 0x0000000080500000|100%|HC|  |TAMS 0x0000000080500000, 0x0000000080400000| Complete 
|   5|0x0000000080500000, 0x0000000080600000, 0x0000000080600000|100%|HC|  |TAMS 0x0000000080600000, 0x0000000080500000| Complete 
|   6|0x0000000080600000, 0x0000000080700000, 0x0000000080700000|100%| O|  |TAMS 0x0000000080700000, 0x0000000080600000| Untracked 
|   7|0x0000000080700000, 0x0000000080800000, 0x0000000080800000|100%| O|  |TAMS 0x0000000080800000, 0x0000000080700000| Untracked 
|   8|0x0000000080800000, 0x0000000080900000, 0x0000000080900000|100%| O|  |TAMS 0x0000000080900000, 0x0000000080800000| Untracked 
|   9|0x0000000080900000, 0x0000000080a00000, 0x0000000080a00000|100%| O|  |TAMS 0x0000000080a00000, 0x0000000080900000| Complete 
|  10|0x0000000080a00000, 0x0000000080b00000, 0x0000000080b00000|100%| O|  |TAMS 0x0000000080b00000, 0x0000000080a00000| Untracked 
|  11|0x0000000080b00000, 0x0000000080c00000, 0x0000000080c00000|100%| O|  |TAMS 0x0000000080c00000, 0x0000000080b00000| Untracked 
|  12|0x0000000080c00000, 0x0000000080d00000, 0x0000000080d00000|100%| O|  |TAMS 0x0000000080d00000, 0x0000000080c00000| Untracked 
|  13|0x0000000080d00000, 0x0000000080e00000, 0x0000000080e00000|100%| O|  |TAMS 0x0000000080e00000, 0x0000000080d00000| Untracked 
|  14|0x0000000080e00000, 0x0000000080f00000, 0x0000000080f00000|100%| O|  |TAMS 0x0000000080f00000, 0x0000000080e00000| Untracked 
|  15|0x0000000080f00000, 0x0000000081000000, 0x0000000081000000|100%| O|  |TAMS 0x0000000081000000, 0x0000000080f00000| Untracked 
|  16|0x0000000081000000, 0x0000000081100000, 0x0000000081100000|100%|HS|  |TAMS 0x0000000081100000, 0x0000000081000000| Complete 
|  17|0x0000000081100000, 0x0000000081200000, 0x0000000081200000|100%| O|  |TAMS 0x0000000081200000, 0x0000000081100000| Untracked 
|  18|0x0000000081200000, 0x0000000081300000, 0x0000000081300000|100%| O|  |TAMS 0x0000000081300000, 0x0000000081200000| Untracked 
|  19|0x0000000081300000, 0x0000000081400000, 0x0000000081400000|100%| O|  |TAMS 0x0000000081400000, 0x0000000081300000| Complete 
|  20|0x0000000081400000, 0x0000000081500000, 0x0000000081500000|100%| O|  |TAMS 0x0000000081500000, 0x0000000081400000| Complete 
|  21|0x0000000081500000, 0x0000000081600000, 0x0000000081600000|100%| O|  |TAMS 0x0000000081600000, 0x0000000081500000| Untracked 
|  22|0x0000000081600000, 0x0000000081700000, 0x0000000081700000|100%| O|  |TAMS 0x0000000081700000, 0x0000000081600000| Untracked 
|  23|0x0000000081700000, 0x0000000081800000, 0x0000000081800000|100%| O|  |TAMS 0x0000000081800000, 0x0000000081700000| Untracked 
|  24|0x0000000081800000, 0x0000000081900000, 0x0000000081900000|100%| O|  |TAMS 0x0000000081900000, 0x0000000081800000| Untracked 
|  25|0x0000000081900000, 0x0000000081a00000, 0x0000000081a00000|100%| O|  |TAMS 0x0000000081a00000, 0x0000000081900000| Untracked 
|  26|0x0000000081a00000, 0x0000000081b00000, 0x0000000081b00000|100%| O|  |TAMS 0x0000000081b00000, 0x0000000081a00000| Untracked 
|  27|0x0000000081b00000, 0x0000000081c00000, 0x0000000081c00000|100%| O|  |TAMS 0x0000000081c00000, 0x0000000081b00000| Complete 
|  28|0x0000000081c00000, 0x0000000081d00000, 0x0000000081d00000|100%|HS|  |TAMS 0x0000000081d00000, 0x0000000081c00000| Complete 
|  29|0x0000000081d00000, 0x0000000081e00000, 0x0000000081e00000|100%|HC|  |TAMS 0x0000000081e00000, 0x0000000081d00000| Complete 
|  30|0x0000000081e00000, 0x0000000081f00000, 0x0000000081f00000|100%|HS|  |TAMS 0x0000000081f00000, 0x0000000081e00000| Complete 
|  31|0x0000000081f00000, 0x0000000082000000, 0x0000000082000000|100%|HC|  |TAMS 0x0000000082000000, 0x0000000081f00000| Complete 
|  32|0x0000000082000000, 0x0000000082100000, 0x0000000082100000|100%|HC|  |TAMS 0x0000000082100000, 0x0000000082000000| Complete 
|  33|0x0000000082100000, 0x0000000082200000, 0x0000000082200000|100%|HC|  |TAMS 0x0000000082200000, 0x0000000082100000| Complete 
|  34|0x0000000082200000, 0x0000000082300000, 0x0000000082300000|100%|HS|  |TAMS 0x0000000082300000, 0x0000000082200000| Complete 
|  35|0x0000000082300000, 0x0000000082400000, 0x0000000082400000|100%|HS|  |TAMS 0x0000000082400000, 0x0000000082300000| Complete 
|  36|0x0000000082400000, 0x0000000082500000, 0x0000000082500000|100%|HC|  |TAMS 0x0000000082500000, 0x0000000082400000| Complete 
|  37|0x0000000082500000, 0x0000000082600000, 0x0000000082600000|100%| O|  |TAMS 0x0000000082600000, 0x0000000082500000| Untracked 
|  38|0x0000000082600000, 0x0000000082700000, 0x0000000082700000|100%| O|  |TAMS 0x0000000082700000, 0x0000000082600000| Complete 
|  39|0x0000000082700000, 0x0000000082800000, 0x0000000082800000|100%| O|  |TAMS 0x0000000082800000, 0x0000000082700000| Untracked 
|  40|0x0000000082800000, 0x0000000082900000, 0x0000000082900000|100%| O|  |TAMS 0x0000000082900000, 0x0000000082800000| Untracked 
|  41|0x0000000082900000, 0x0000000082a00000, 0x0000000082a00000|100%| O|  |TAMS 0x0000000082a00000, 0x0000000082900000| Complete 
|  42|0x0000000082a00000, 0x0000000082b00000, 0x0000000082b00000|100%| O|  |TAMS 0x0000000082b00000, 0x0000000082a00000| Complete 
|  43|0x0000000082b00000, 0x0000000082c00000, 0x0000000082c00000|100%| O|  |TAMS 0x0000000082c00000, 0x0000000082b00000| Untracked 
|  44|0x0000000082c00000, 0x0000000082d00000, 0x0000000082d00000|100%| O|  |TAMS 0x0000000082d00000, 0x0000000082c00000| Untracked 
|  45|0x0000000082d00000, 0x0000000082e00000, 0x0000000082e00000|100%| O|  |TAMS 0x0000000082e00000, 0x0000000082d00000| Untracked 
|  46|0x0000000082e00000, 0x0000000082f00000, 0x0000000082f00000|100%| O|  |TAMS 0x0000000082f00000, 0x0000000082e00000| Untracked 
|  47|0x0000000082f00000, 0x0000000083000000, 0x0000000083000000|100%| O|  |TAMS 0x0000000083000000, 0x0000000082f00000| Complete 
|  48|0x0000000083000000, 0x0000000083100000, 0x0000000083100000|100%| O|  |TAMS 0x0000000083100000, 0x0000000083000000| Untracked 
|  49|0x0000000083100000, 0x0000000083200000, 0x0000000083200000|100%| O|  |TAMS 0x0000000083200000, 0x0000000083100000| Untracked 
|  50|0x0000000083200000, 0x0000000083300000, 0x0000000083300000|100%| O|  |TAMS 0x0000000083300000, 0x0000000083200000| Complete 
|  51|0x0000000083300000, 0x0000000083400000, 0x0000000083400000|100%| O|  |TAMS 0x0000000083400000, 0x0000000083300000| Untracked 
|  52|0x0000000083400000, 0x0000000083500000, 0x0000000083500000|100%| O|  |TAMS 0x0000000083500000, 0x0000000083400000| Untracked 
|  53|0x0000000083500000, 0x0000000083600000, 0x0000000083600000|100%| O|  |TAMS 0x0000000083600000, 0x0000000083500000| Untracked 
|  54|0x0000000083600000, 0x0000000083700000, 0x0000000083700000|100%| O|  |TAMS 0x0000000083700000, 0x0000000083600000| Untracked 
|  55|0x0000000083700000, 0x0000000083800000, 0x0000000083800000|100%| O|  |TAMS 0x0000000083800000, 0x0000000083700000| Untracked 
|  56|0x0000000083800000, 0x0000000083900000, 0x0000000083900000|100%| O|  |TAMS 0x0000000083900000, 0x0000000083800000| Untracked 
|  57|0x0000000083900000, 0x0000000083a00000, 0x0000000083a00000|100%| O|  |TAMS 0x0000000083a00000, 0x0000000083900000| Untracked 
|  58|0x0000000083a00000, 0x0000000083b00000, 0x0000000083b00000|100%| O|  |TAMS 0x0000000083b00000, 0x0000000083a00000| Complete 
|  59|0x0000000083b00000, 0x0000000083c00000, 0x0000000083c00000|100%| O|  |TAMS 0x0000000083c00000, 0x0000000083b00000| Complete 
|  60|0x0000000083c00000, 0x0000000083d00000, 0x0000000083d00000|100%| O|  |TAMS 0x0000000083d00000, 0x0000000083c00000| Untracked 
|  61|0x0000000083d00000, 0x0000000083e00000, 0x0000000083e00000|100%| O|  |TAMS 0x0000000083e00000, 0x0000000083d00000| Untracked 
|  62|0x0000000083e00000, 0x0000000083f00000, 0x0000000083f00000|100%| O|  |TAMS 0x0000000083f00000, 0x0000000083e00000| Untracked 
|  63|0x0000000083f00000, 0x0000000084000000, 0x0000000084000000|100%| O|  |TAMS 0x0000000084000000, 0x0000000083f00000| Complete 
|  64|0x0000000084000000, 0x0000000084100000, 0x0000000084100000|100%| O|  |TAMS 0x0000000084100000, 0x0000000084000000| Untracked 
|  65|0x0000000084100000, 0x0000000084200000, 0x0000000084200000|100%| O|  |TAMS 0x0000000084200000, 0x0000000084100000| Untracked 
|  66|0x0000000084200000, 0x0000000084300000, 0x0000000084300000|100%| O|  |TAMS 0x0000000084300000, 0x0000000084200000| Complete 
|  67|0x0000000084300000, 0x0000000084400000, 0x0000000084400000|100%| O|  |TAMS 0x0000000084400000, 0x0000000084300000| Untracked 
|  68|0x0000000084400000, 0x0000000084500000, 0x0000000084500000|100%| O|  |TAMS 0x0000000084500000, 0x0000000084400000| Untracked 
|  69|0x0000000084500000, 0x0000000084600000, 0x0000000084600000|100%| O|  |TAMS 0x0000000084600000, 0x0000000084500000| Untracked 
|  70|0x0000000084600000, 0x0000000084700000, 0x0000000084700000|100%| O|  |TAMS 0x0000000084700000, 0x0000000084600000| Complete 
|  71|0x0000000084700000, 0x0000000084800000, 0x0000000084800000|100%| O|  |TAMS 0x0000000084800000, 0x0000000084700000| Complete 
|  72|0x0000000084800000, 0x0000000084900000, 0x0000000084900000|100%| O|  |TAMS 0x0000000084900000, 0x0000000084800000| Untracked 
|  73|0x0000000084900000, 0x0000000084a00000, 0x0000000084a00000|100%| O|  |TAMS 0x0000000084a00000, 0x0000000084900000| Complete 
|  74|0x0000000084a00000, 0x0000000084b00000, 0x0000000084b00000|100%| O|  |TAMS 0x0000000084b00000, 0x0000000084a00000| Complete 
|  75|0x0000000084b00000, 0x0000000084c00000, 0x0000000084c00000|100%| O|  |TAMS 0x0000000084c00000, 0x0000000084b00000| Complete 
|  76|0x0000000084c00000, 0x0000000084d00000, 0x0000000084d00000|100%| O|  |TAMS 0x0000000084d00000, 0x0000000084c00000| Untracked 
|  77|0x0000000084d00000, 0x0000000084e00000, 0x0000000084e00000|100%| O|  |TAMS 0x0000000084e00000, 0x0000000084d00000| Complete 
|  78|0x0000000084e00000, 0x0000000084f00000, 0x0000000084f00000|100%| O|  |TAMS 0x0000000084f00000, 0x0000000084e00000| Complete 
|  79|0x0000000084f00000, 0x0000000085000000, 0x0000000085000000|100%| O|  |TAMS 0x0000000085000000, 0x0000000084f00000| Complete 
|  80|0x0000000085000000, 0x0000000085100000, 0x0000000085100000|100%| O|  |TAMS 0x0000000085100000, 0x0000000085000000| Complete 
|  81|0x0000000085100000, 0x0000000085200000, 0x0000000085200000|100%| O|  |TAMS 0x0000000085200000, 0x0000000085100000| Untracked 
|  82|0x0000000085200000, 0x0000000085300000, 0x0000000085300000|100%| O|  |TAMS 0x0000000085300000, 0x0000000085200000| Complete 
|  83|0x0000000085300000, 0x0000000085400000, 0x0000000085400000|100%| O|  |TAMS 0x0000000085400000, 0x0000000085300000| Untracked 
|  84|0x0000000085400000, 0x0000000085500000, 0x0000000085500000|100%| O|  |TAMS 0x0000000085500000, 0x0000000085400000| Complete 
|  85|0x0000000085500000, 0x0000000085600000, 0x0000000085600000|100%| O|  |TAMS 0x0000000085600000, 0x0000000085500000| Complete 
|  86|0x0000000085600000, 0x0000000085700000, 0x0000000085700000|100%| O|  |TAMS 0x0000000085700000, 0x0000000085600000| Complete 
|  87|0x0000000085700000, 0x0000000085800000, 0x0000000085800000|100%| O|  |TAMS 0x0000000085800000, 0x0000000085700000| Untracked 
|  88|0x0000000085800000, 0x0000000085900000, 0x0000000085900000|100%| O|  |TAMS 0x0000000085900000, 0x0000000085800000| Untracked 
|  89|0x0000000085900000, 0x0000000085a00000, 0x0000000085a00000|100%| O|  |TAMS 0x0000000085a00000, 0x0000000085900000| Untracked 
|  90|0x0000000085a00000, 0x0000000085b00000, 0x0000000085b00000|100%| O|  |TAMS 0x0000000085b00000, 0x0000000085a00000| Untracked 
|  91|0x0000000085b00000, 0x0000000085c00000, 0x0000000085c00000|100%| O|  |TAMS 0x0000000085c00000, 0x0000000085b00000| Untracked 
|  92|0x0000000085c00000, 0x0000000085d00000, 0x0000000085d00000|100%| O|  |TAMS 0x0000000085c00000, 0x0000000085c00000| Untracked 
|  93|0x0000000085d00000, 0x0000000085e00000, 0x0000000085e00000|100%| O|  |TAMS 0x0000000085e00000, 0x0000000085d00000| Untracked 
|  94|0x0000000085e00000, 0x0000000085f00000, 0x0000000085f00000|100%| O|  |TAMS 0x0000000085f00000, 0x0000000085e00000| Untracked 
|  95|0x0000000085f00000, 0x0000000086000000, 0x0000000086000000|100%| O|  |TAMS 0x0000000086000000, 0x0000000085f00000| Untracked 
|  96|0x0000000086000000, 0x0000000086100000, 0x0000000086100000|100%| O|  |TAMS 0x0000000086100000, 0x0000000086000000| Complete 
|  97|0x0000000086100000, 0x0000000086200000, 0x0000000086200000|100%| O|  |TAMS 0x0000000086200000, 0x0000000086100000| Untracked 
|  98|0x0000000086200000, 0x0000000086300000, 0x0000000086300000|100%| O|  |TAMS 0x0000000086300000, 0x0000000086200000| Untracked 
|  99|0x0000000086300000, 0x0000000086400000, 0x0000000086400000|100%| O|  |TAMS 0x0000000086400000, 0x0000000086300000| Untracked 
| 100|0x0000000086400000, 0x0000000086500000, 0x0000000086500000|100%| O|  |TAMS 0x0000000086500000, 0x0000000086400000| Complete 
| 101|0x0000000086500000, 0x0000000086600000, 0x0000000086600000|100%| O|  |TAMS 0x0000000086600000, 0x0000000086500000| Complete 
| 102|0x0000000086600000, 0x0000000086700000, 0x0000000086700000|100%| O|  |TAMS 0x0000000086700000, 0x0000000086600000| Untracked 
| 103|0x0000000086700000, 0x0000000086800000, 0x0000000086800000|100%| O|  |TAMS 0x0000000086800000, 0x0000000086700000| Complete 
| 104|0x0000000086800000, 0x0000000086900000, 0x0000000086900000|100%| O|  |TAMS 0x0000000086900000, 0x0000000086800000| Complete 
| 105|0x0000000086900000, 0x0000000086a00000, 0x0000000086a00000|100%|HS|  |TAMS 0x0000000086a00000, 0x0000000086900000| Complete 
| 106|0x0000000086a00000, 0x0000000086b00000, 0x0000000086b00000|100%|HC|  |TAMS 0x0000000086b00000, 0x0000000086a00000| Complete 
| 107|0x0000000086b00000, 0x0000000086c00000, 0x0000000086c00000|100%|HC|  |TAMS 0x0000000086c00000, 0x0000000086b00000| Complete 
| 108|0x0000000086c00000, 0x0000000086d00000, 0x0000000086d00000|100%|HC|  |TAMS 0x0000000086d00000, 0x0000000086c00000| Complete 
| 109|0x0000000086d00000, 0x0000000086e00000, 0x0000000086e00000|100%| O|  |TAMS 0x0000000086e00000, 0x0000000086d00000| Untracked 
| 110|0x0000000086e00000, 0x0000000086f00000, 0x0000000086f00000|100%| O|  |TAMS 0x0000000086f00000, 0x0000000086e00000| Untracked 
| 111|0x0000000086f00000, 0x0000000086f00000, 0x0000000087000000|  0%| F|  |TAMS 0x0000000086f00000, 0x0000000086f00000| Untracked 
| 112|0x0000000087000000, 0x0000000087100000, 0x0000000087100000|100%| O|  |TAMS 0x0000000087000000, 0x0000000087000000| Untracked 
| 113|0x0000000087100000, 0x0000000087200000, 0x0000000087200000|100%| O|  |TAMS 0x0000000087200000, 0x0000000087100000| Untracked 
| 114|0x0000000087200000, 0x0000000087300000, 0x0000000087300000|100%| O|  |TAMS 0x0000000087200000, 0x0000000087200000| Untracked 
| 115|0x0000000087300000, 0x000000008730a600, 0x0000000087400000|  4%| O|  |TAMS 0x0000000087300000, 0x0000000087300000| Untracked 
| 116|0x0000000087400000, 0x0000000087500000, 0x0000000087500000|100%| O|  |TAMS 0x0000000087500000, 0x0000000087400000| Complete 
| 117|0x0000000087500000, 0x0000000087600000, 0x0000000087600000|100%| O|  |TAMS 0x0000000087600000, 0x0000000087500000| Complete 
| 118|0x0000000087600000, 0x0000000087700000, 0x0000000087700000|100%| O|  |TAMS 0x0000000087700000, 0x0000000087600000| Complete 
| 119|0x0000000087700000, 0x0000000087800000, 0x0000000087800000|100%| O|  |TAMS 0x0000000087800000, 0x0000000087700000| Untracked 
| 120|0x0000000087800000, 0x0000000087900000, 0x0000000087900000|100%| O|  |TAMS 0x0000000087900000, 0x0000000087800000| Complete 
| 121|0x0000000087900000, 0x0000000087a00000, 0x0000000087a00000|100%| O|  |TAMS 0x0000000087a00000, 0x0000000087900000| Complete 
| 122|0x0000000087a00000, 0x0000000087b00000, 0x0000000087b00000|100%| O|  |TAMS 0x0000000087b00000, 0x0000000087a00000| Untracked 
| 123|0x0000000087b00000, 0x0000000087b00000, 0x0000000087c00000|  0%| F|  |TAMS 0x0000000087b00000, 0x0000000087b00000| Untracked 
| 124|0x0000000087c00000, 0x0000000087d00000, 0x0000000087d00000|100%| O|  |TAMS 0x0000000087d00000, 0x0000000087c00000| Complete 
| 125|0x0000000087d00000, 0x0000000087e00000, 0x0000000087e00000|100%| O|  |TAMS 0x0000000087e00000, 0x0000000087d00000| Untracked 
| 126|0x0000000087e00000, 0x0000000087e00000, 0x0000000087f00000|  0%| F|  |TAMS 0x0000000087e00000, 0x0000000087e00000| Untracked 
| 127|0x0000000087f00000, 0x0000000088000000, 0x0000000088000000|100%| O|  |TAMS 0x0000000087fb4000, 0x0000000087f00000| Untracked 
| 128|0x0000000088000000, 0x0000000088000000, 0x0000000088100000|  0%| F|  |TAMS 0x0000000088000000, 0x0000000088000000| Untracked 
| 129|0x0000000088100000, 0x0000000088200000, 0x0000000088200000|100%| O|  |TAMS 0x0000000088200000, 0x0000000088100000| Complete 
| 130|0x0000000088200000, 0x0000000088200000, 0x0000000088300000|  0%| F|  |TAMS 0x0000000088200000, 0x0000000088200000| Untracked 
| 131|0x0000000088300000, 0x0000000088400000, 0x0000000088400000|100%| O|  |TAMS 0x0000000088400000, 0x0000000088300000| Complete 
| 132|0x0000000088400000, 0x0000000088500000, 0x0000000088500000|100%| O|  |TAMS 0x0000000088500000, 0x0000000088400000| Untracked 
| 133|0x0000000088500000, 0x0000000088600000, 0x0000000088600000|100%| O|  |TAMS 0x0000000088600000, 0x0000000088500000| Untracked 
| 134|0x0000000088600000, 0x0000000088600000, 0x0000000088700000|  0%| F|  |TAMS 0x0000000088600000, 0x0000000088600000| Untracked 
| 135|0x0000000088700000, 0x0000000088800000, 0x0000000088800000|100%| O|  |TAMS 0x0000000088800000, 0x0000000088700000| Complete 
| 136|0x0000000088800000, 0x0000000088900000, 0x0000000088900000|100%| O|  |TAMS 0x0000000088900000, 0x0000000088800000| Complete 
| 137|0x0000000088900000, 0x0000000088a00000, 0x0000000088a00000|100%| O|  |TAMS 0x0000000088a00000, 0x0000000088900000| Complete 
| 138|0x0000000088a00000, 0x0000000088b00000, 0x0000000088b00000|100%| O|  |TAMS 0x0000000088b00000, 0x0000000088a00000| Complete 
| 139|0x0000000088b00000, 0x0000000088c00000, 0x0000000088c00000|100%| O|  |TAMS 0x0000000088c00000, 0x0000000088b00000| Complete 
| 140|0x0000000088c00000, 0x0000000088d00000, 0x0000000088d00000|100%| O|  |TAMS 0x0000000088d00000, 0x0000000088c00000| Complete 
| 141|0x0000000088d00000, 0x0000000088d00000, 0x0000000088e00000|  0%| F|  |TAMS 0x0000000088d00000, 0x0000000088d00000| Untracked 
| 142|0x0000000088e00000, 0x0000000088f00000, 0x0000000088f00000|100%| O|  |TAMS 0x0000000088f00000, 0x0000000088e00000| Complete 
| 143|0x0000000088f00000, 0x0000000089000000, 0x0000000089000000|100%| O|  |TAMS 0x0000000089000000, 0x0000000088f00000| Complete 
| 144|0x0000000089000000, 0x0000000089000000, 0x0000000089100000|  0%| F|  |TAMS 0x0000000089000000, 0x0000000089000000| Untracked 
| 145|0x0000000089100000, 0x0000000089200000, 0x0000000089200000|100%| O|  |TAMS 0x0000000089200000, 0x0000000089100000| Untracked 
| 146|0x0000000089200000, 0x0000000089300000, 0x0000000089300000|100%| O|  |TAMS 0x0000000089300000, 0x0000000089200000| Untracked 
| 147|0x0000000089300000, 0x0000000089300000, 0x0000000089400000|  0%| F|  |TAMS 0x0000000089300000, 0x0000000089300000| Untracked 
| 148|0x0000000089400000, 0x0000000089500000, 0x0000000089500000|100%| O|  |TAMS 0x0000000089500000, 0x0000000089400000| Complete 
| 149|0x0000000089500000, 0x0000000089500000, 0x0000000089600000|  0%| F|  |TAMS 0x0000000089500000, 0x0000000089500000| Untracked 
| 150|0x0000000089600000, 0x0000000089600000, 0x0000000089700000|  0%| F|  |TAMS 0x0000000089600000, 0x0000000089600000| Untracked 
| 151|0x0000000089700000, 0x0000000089700000, 0x0000000089800000|  0%| F|  |TAMS 0x0000000089700000, 0x0000000089700000| Untracked 
| 152|0x0000000089800000, 0x0000000089800000, 0x0000000089900000|  0%| F|  |TAMS 0x0000000089800000, 0x0000000089800000| Untracked 
| 153|0x0000000089900000, 0x0000000089900000, 0x0000000089a00000|  0%| F|  |TAMS 0x0000000089900000, 0x0000000089900000| Untracked 
| 154|0x0000000089a00000, 0x0000000089a00000, 0x0000000089b00000|  0%| F|  |TAMS 0x0000000089a00000, 0x0000000089a00000| Untracked 
| 155|0x0000000089b00000, 0x0000000089b00000, 0x0000000089c00000|  0%| F|  |TAMS 0x0000000089b00000, 0x0000000089b00000| Untracked 
| 156|0x0000000089c00000, 0x0000000089c00000, 0x0000000089d00000|  0%| F|  |TAMS 0x0000000089c00000, 0x0000000089c00000| Untracked 
| 157|0x0000000089d00000, 0x0000000089d00000, 0x0000000089e00000|  0%| F|  |TAMS 0x0000000089d00000, 0x0000000089d00000| Untracked 
| 158|0x0000000089e00000, 0x0000000089e00000, 0x0000000089f00000|  0%| F|  |TAMS 0x0000000089e00000, 0x0000000089e00000| Untracked 
| 159|0x0000000089f00000, 0x0000000089f00000, 0x000000008a000000|  0%| F|  |TAMS 0x0000000089f00000, 0x0000000089f00000| Untracked 
| 160|0x000000008a000000, 0x000000008a000000, 0x000000008a100000|  0%| F|  |TAMS 0x000000008a000000, 0x000000008a000000| Untracked 
| 161|0x000000008a100000, 0x000000008a100000, 0x000000008a200000|  0%| F|  |TAMS 0x000000008a100000, 0x000000008a100000| Untracked 
| 162|0x000000008a200000, 0x000000008a200000, 0x000000008a300000|  0%| F|  |TAMS 0x000000008a200000, 0x000000008a200000| Untracked 
| 163|0x000000008a300000, 0x000000008a300000, 0x000000008a400000|  0%| F|  |TAMS 0x000000008a300000, 0x000000008a300000| Untracked 
| 164|0x000000008a400000, 0x000000008a400000, 0x000000008a500000|  0%| F|  |TAMS 0x000000008a400000, 0x000000008a400000| Untracked 
| 165|0x000000008a500000, 0x000000008a500000, 0x000000008a600000|  0%| F|  |TAMS 0x000000008a500000, 0x000000008a500000| Untracked 
| 166|0x000000008a600000, 0x000000008a600000, 0x000000008a700000|  0%| F|  |TAMS 0x000000008a600000, 0x000000008a600000| Untracked 
| 167|0x000000008a700000, 0x000000008a700000, 0x000000008a800000|  0%| F|  |TAMS 0x000000008a700000, 0x000000008a700000| Untracked 
| 168|0x000000008a800000, 0x000000008a800000, 0x000000008a900000|  0%| F|  |TAMS 0x000000008a800000, 0x000000008a800000| Untracked 
| 169|0x000000008a900000, 0x000000008a900000, 0x000000008aa00000|  0%| F|  |TAMS 0x000000008a900000, 0x000000008a900000| Untracked 
| 170|0x000000008aa00000, 0x000000008aa00000, 0x000000008ab00000|  0%| F|  |TAMS 0x000000008aa00000, 0x000000008aa00000| Untracked 
| 171|0x000000008ab00000, 0x000000008ab00000, 0x000000008ac00000|  0%| F|  |TAMS 0x000000008ab00000, 0x000000008ab00000| Untracked 
| 172|0x000000008ac00000, 0x000000008ac00000, 0x000000008ad00000|  0%| F|  |TAMS 0x000000008ac00000, 0x000000008ac00000| Untracked 
| 173|0x000000008ad00000, 0x000000008ad00000, 0x000000008ae00000|  0%| F|  |TAMS 0x000000008ad00000, 0x000000008ad00000| Untracked 
| 174|0x000000008ae00000, 0x000000008ae00000, 0x000000008af00000|  0%| F|  |TAMS 0x000000008ae00000, 0x000000008ae00000| Untracked 
| 175|0x000000008af00000, 0x000000008af00000, 0x000000008b000000|  0%| F|  |TAMS 0x000000008af00000, 0x000000008af00000| Untracked 
| 176|0x000000008b000000, 0x000000008b000000, 0x000000008b100000|  0%| F|  |TAMS 0x000000008b000000, 0x000000008b000000| Untracked 
| 177|0x000000008b100000, 0x000000008b100000, 0x000000008b200000|  0%| F|  |TAMS 0x000000008b100000, 0x000000008b100000| Untracked 
| 178|0x000000008b200000, 0x000000008b200000, 0x000000008b300000|  0%| F|  |TAMS 0x000000008b200000, 0x000000008b200000| Untracked 
| 179|0x000000008b300000, 0x000000008b300000, 0x000000008b400000|  0%| F|  |TAMS 0x000000008b300000, 0x000000008b300000| Untracked 
| 180|0x000000008b400000, 0x000000008b400000, 0x000000008b500000|  0%| F|  |TAMS 0x000000008b400000, 0x000000008b400000| Untracked 
| 181|0x000000008b500000, 0x000000008b500000, 0x000000008b600000|  0%| F|  |TAMS 0x000000008b500000, 0x000000008b500000| Untracked 
| 182|0x000000008b600000, 0x000000008b600000, 0x000000008b700000|  0%| F|  |TAMS 0x000000008b600000, 0x000000008b600000| Untracked 
| 183|0x000000008b700000, 0x000000008b700000, 0x000000008b800000|  0%| F|  |TAMS 0x000000008b700000, 0x000000008b700000| Untracked 
| 184|0x000000008b800000, 0x000000008b800000, 0x000000008b900000|  0%| F|  |TAMS 0x000000008b800000, 0x000000008b800000| Untracked 
| 185|0x000000008b900000, 0x000000008b900000, 0x000000008ba00000|  0%| F|  |TAMS 0x000000008b900000, 0x000000008b900000| Untracked 
| 186|0x000000008ba00000, 0x000000008ba00000, 0x000000008bb00000|  0%| F|  |TAMS 0x000000008ba00000, 0x000000008ba00000| Untracked 
| 187|0x000000008bb00000, 0x000000008bb00000, 0x000000008bc00000|  0%| F|  |TAMS 0x000000008bb00000, 0x000000008bb00000| Untracked 
| 188|0x000000008bc00000, 0x000000008bc00000, 0x000000008bd00000|  0%| F|  |TAMS 0x000000008bc00000, 0x000000008bc00000| Untracked 
| 189|0x000000008bd00000, 0x000000008bd00000, 0x000000008be00000|  0%| F|  |TAMS 0x000000008bd00000, 0x000000008bd00000| Untracked 
| 190|0x000000008be00000, 0x000000008be00000, 0x000000008bf00000|  0%| F|  |TAMS 0x000000008be00000, 0x000000008be00000| Untracked 
| 191|0x000000008bf00000, 0x000000008bf00000, 0x000000008c000000|  0%| F|  |TAMS 0x000000008bf00000, 0x000000008bf00000| Untracked 
| 192|0x000000008c000000, 0x000000008c000000, 0x000000008c100000|  0%| F|  |TAMS 0x000000008c000000, 0x000000008c000000| Untracked 
| 193|0x000000008c100000, 0x000000008c100000, 0x000000008c200000|  0%| F|  |TAMS 0x000000008c100000, 0x000000008c100000| Untracked 
| 194|0x000000008c200000, 0x000000008c200000, 0x000000008c300000|  0%| F|  |TAMS 0x000000008c200000, 0x000000008c200000| Untracked 
| 195|0x000000008c300000, 0x000000008c300000, 0x000000008c400000|  0%| F|  |TAMS 0x000000008c300000, 0x000000008c300000| Untracked 
| 196|0x000000008c400000, 0x000000008c400000, 0x000000008c500000|  0%| F|  |TAMS 0x000000008c400000, 0x000000008c400000| Untracked 
| 197|0x000000008c500000, 0x000000008c500000, 0x000000008c600000|  0%| F|  |TAMS 0x000000008c500000, 0x000000008c500000| Untracked 
| 198|0x000000008c600000, 0x000000008c600000, 0x000000008c700000|  0%| F|  |TAMS 0x000000008c600000, 0x000000008c600000| Untracked 
| 199|0x000000008c700000, 0x000000008c700000, 0x000000008c800000|  0%| F|  |TAMS 0x000000008c700000, 0x000000008c700000| Untracked 
| 200|0x000000008c800000, 0x000000008c800000, 0x000000008c900000|  0%| F|  |TAMS 0x000000008c800000, 0x000000008c800000| Untracked 
| 201|0x000000008c900000, 0x000000008c900000, 0x000000008ca00000|  0%| F|  |TAMS 0x000000008c900000, 0x000000008c900000| Untracked 
| 202|0x000000008ca00000, 0x000000008ca00000, 0x000000008cb00000|  0%| F|  |TAMS 0x000000008ca00000, 0x000000008ca00000| Untracked 
| 203|0x000000008cb00000, 0x000000008cb00000, 0x000000008cc00000|  0%| F|  |TAMS 0x000000008cb00000, 0x000000008cb00000| Untracked 
| 204|0x000000008cc00000, 0x000000008cc00000, 0x000000008cd00000|  0%| F|  |TAMS 0x000000008cc00000, 0x000000008cc00000| Untracked 
| 205|0x000000008cd00000, 0x000000008cd00000, 0x000000008ce00000|  0%| F|  |TAMS 0x000000008cd00000, 0x000000008cd00000| Untracked 
| 206|0x000000008ce00000, 0x000000008ce00000, 0x000000008cf00000|  0%| F|  |TAMS 0x000000008ce00000, 0x000000008ce00000| Untracked 
| 207|0x000000008cf00000, 0x000000008cf00000, 0x000000008d000000|  0%| F|  |TAMS 0x000000008cf00000, 0x000000008cf00000| Untracked 
| 208|0x000000008d000000, 0x000000008d000000, 0x000000008d100000|  0%| F|  |TAMS 0x000000008d000000, 0x000000008d000000| Untracked 
| 209|0x000000008d100000, 0x000000008d100000, 0x000000008d200000|  0%| F|  |TAMS 0x000000008d100000, 0x000000008d100000| Untracked 
| 210|0x000000008d200000, 0x000000008d200000, 0x000000008d300000|  0%| F|  |TAMS 0x000000008d200000, 0x000000008d200000| Untracked 
| 211|0x000000008d300000, 0x000000008d300000, 0x000000008d400000|  0%| F|  |TAMS 0x000000008d300000, 0x000000008d300000| Untracked 
| 212|0x000000008d400000, 0x000000008d400000, 0x000000008d500000|  0%| F|  |TAMS 0x000000008d400000, 0x000000008d400000| Untracked 
| 213|0x000000008d500000, 0x000000008d500000, 0x000000008d600000|  0%| F|  |TAMS 0x000000008d500000, 0x000000008d500000| Untracked 
| 214|0x000000008d600000, 0x000000008d600000, 0x000000008d700000|  0%| F|  |TAMS 0x000000008d600000, 0x000000008d600000| Untracked 
| 215|0x000000008d700000, 0x000000008d7dd390, 0x000000008d800000| 86%| S|CS|TAMS 0x000000008d700000, 0x000000008d700000| Complete 
| 216|0x000000008d800000, 0x000000008d800000, 0x000000008d900000|  0%| F|  |TAMS 0x000000008d800000, 0x000000008d800000| Untracked 
| 217|0x000000008d900000, 0x000000008d900000, 0x000000008da00000|  0%| F|  |TAMS 0x000000008d900000, 0x000000008d900000| Untracked 
| 218|0x000000008da00000, 0x000000008da00000, 0x000000008db00000|  0%| F|  |TAMS 0x000000008da00000, 0x000000008da00000| Untracked 
| 219|0x000000008db00000, 0x000000008db00000, 0x000000008dc00000|  0%| F|  |TAMS 0x000000008db00000, 0x000000008db00000| Untracked 
| 220|0x000000008dc00000, 0x000000008dc00000, 0x000000008dd00000|  0%| F|  |TAMS 0x000000008dc00000, 0x000000008dc00000| Untracked 
| 221|0x000000008dd00000, 0x000000008dd00000, 0x000000008de00000|  0%| F|  |TAMS 0x000000008dd00000, 0x000000008dd00000| Untracked 
| 222|0x000000008de00000, 0x000000008de00000, 0x000000008df00000|  0%| F|  |TAMS 0x000000008de00000, 0x000000008de00000| Untracked 
| 223|0x000000008df00000, 0x000000008df00000, 0x000000008e000000|  0%| F|  |TAMS 0x000000008df00000, 0x000000008df00000| Untracked 

Card table byte_map: [0x000001ed37680000,0x000001ed37a80000] _byte_map_base: 0x000001ed37280000

Marking Bits (Prev, Next): (CMBitMap*) 0x000001ed24481920, (CMBitMap*) 0x000001ed244818e8
 Prev Bits: [0x000001ed39e80000, 0x000001ed3be80000)
 Next Bits: [0x000001ed37e80000, 0x000001ed39e80000)

Polling page: 0x000001ed223a0000

Metaspace:

Usage:
  Non-class:    118.75 MB capacity,   116.23 MB ( 98%) used,     2.05 MB (  2%) free+waste,   485.38 KB ( <1%) overhead. 
      Class:     18.12 MB capacity,    16.61 MB ( 92%) used,     1.30 MB (  7%) free+waste,   219.31 KB (  1%) overhead. 
       Both:    136.87 MB capacity,   132.84 MB ( 97%) used,     3.34 MB (  2%) free+waste,   704.69 KB ( <1%) overhead. 

Virtual space:
  Non-class space:      120.00 MB reserved,     119.04 MB (>99%) committed 
      Class space:        1.00 GB reserved,      18.32 MB (  2%) committed 
             Both:        1.12 GB reserved,     137.36 MB ( 12%) committed 

Chunk freelists:
   Non-Class:  224.00 KB
       Class:  165.00 KB
        Both:  389.00 KB

MaxMetaspaceSize: 17179869184.00 GB
CompressedClassSpaceSize: 1.00 GB
Initial GC threshold: 20.80 MB
Current GC threshold: 228.52 MB
CDS: off

CodeHeap 'non-profiled nmethods': size=120000Kb used=13554Kb max_used=13554Kb free=106445Kb
 bounds [0x000001ed2fa20000, 0x000001ed30780000, 0x000001ed36f50000]
CodeHeap 'profiled nmethods': size=120000Kb used=45653Kb max_used=45653Kb free=74346Kb
 bounds [0x000001ed284f0000, 0x000001ed2b190000, 0x000001ed2fa20000]
CodeHeap 'non-nmethods': size=5760Kb used=2497Kb max_used=2555Kb free=3263Kb
 bounds [0x000001ed27f50000, 0x000001ed281e0000, 0x000001ed284f0000]
 total_blobs=21236 nmethods=20201 adapters=946
 compilation: enabled
              stopped_count=0, restarted_count=0
 full_count=0

Compilation events (20 events):
Event: 341.881 Thread 0x000001ed3f16b000 22618       3       com.android.tools.r8.graph.a2::a (10 bytes)
Event: 341.882 Thread 0x000001ed3f16b000 nmethod 22618 0x000001ed2b185210 code [0x000001ed2b1853e0, 0x000001ed2b185698]
Event: 341.882 Thread 0x000001ed3f16b000 22619       3       com.android.tools.r8.graph.Z1::<init> (5 bytes)
Event: 341.882 Thread 0x000001ed3f16b000 nmethod 22619 0x000001ed2b185810 code [0x000001ed2b1859e0, 0x000001ed2b185bf8]
Event: 341.882 Thread 0x000001ed3f16b000 22620       3       com.android.tools.r8.graph.Z1::<init> (5 bytes)
Event: 341.882 Thread 0x000001ed3f16b000 nmethod 22620 0x000001ed2b185d10 code [0x000001ed2b185ec0, 0x000001ed2b186078]
Event: 341.882 Thread 0x000001ed3f16b000 22621       3       com.android.tools.r8.graph.Z1::b (2 bytes)
Event: 341.882 Thread 0x000001ed3f16b000 nmethod 22621 0x000001ed2b186190 code [0x000001ed2b186340, 0x000001ed2b186438]
Event: 341.882 Thread 0x000001ed3f16b000 22622       3       com.android.tools.r8.graph.Z1::a (38 bytes)
Event: 341.883 Thread 0x000001ed3f16b000 nmethod 22622 0x000001ed2b186510 code [0x000001ed2b186700, 0x000001ed2b186d98]
Event: 341.883 Thread 0x000001ed3f16b000 22623       3       com.android.tools.r8.graph.a2::<init> (10 bytes)
Event: 341.883 Thread 0x000001ed3f16b000 nmethod 22623 0x000001ed2b186f90 code [0x000001ed2b187160, 0x000001ed2b187558]
Event: 341.884 Thread 0x000001ed3f16b000 22624       3       com.android.tools.r8.graph.a2::<init> (19 bytes)
Event: 341.884 Thread 0x000001ed3f16b000 nmethod 22624 0x000001ed2b187710 code [0x000001ed2b1878e0, 0x000001ed2b187c78]
Event: 341.884 Thread 0x000001ed3f16b000 22613       3       com.android.tools.r8.code.I2::a (43 bytes)
Event: 341.885 Thread 0x000001ed3f16b000 nmethod 22613 0x000001ed2b187d90 code [0x000001ed2b187fa0, 0x000001ed2b188678]
Event: 341.885 Thread 0x000001ed3f11c000 nmethod 22599 0x000001ed2fc3c110 code [0x000001ed2fc3c2a0, 0x000001ed2fc3c498]
Event: 341.885 Thread 0x000001ed3f11c000 22391       4       com.android.tools.r8.graph.L::t (8 bytes)
Event: 341.886 Thread 0x000001ed3f11c000 nmethod 22391 0x000001ed2fb6cc90 code [0x000001ed2fb6ce20, 0x000001ed2fb6ce98]
Event: 341.886 Thread 0x000001ed3f11c000 22609       4       com.android.tools.r8.internal.aZ::a (9 bytes)

GC Heap History (20 events):
Event: 337.920 GC heap after
{Heap after GC invocations=92 (full 0):
 garbage-first heap   total 190464K, used 136182K [0x0000000080000000, 0x0000000100000000)
  region size 1024K, 1 young (1024K), 1 survivors (1024K)
 Metaspace       used 123743K, capacity 127145K, committed 127344K, reserved 1161216K
  class space    used 15310K, capacity 16592K, committed 16716K, reserved 1048576K
}
Event: 338.344 GC heap before
{Heap before GC invocations=92 (full 0):
 garbage-first heap   total 190464K, used 161782K [0x0000000080000000, 0x0000000100000000)
  region size 1024K, 23 young (23552K), 1 survivors (1024K)
 Metaspace       used 124676K, capacity 128121K, committed 128496K, reserved 1161216K
  class space    used 15454K, capacity 16712K, committed 16844K, reserved 1048576K
}
Event: 338.349 GC heap after
{Heap after GC invocations=93 (full 0):
 garbage-first heap   total 190464K, used 138569K [0x0000000080000000, 0x0000000100000000)
  region size 1024K, 3 young (3072K), 3 survivors (3072K)
 Metaspace       used 124676K, capacity 128121K, committed 128496K, reserved 1161216K
  class space    used 15454K, capacity 16712K, committed 16844K, reserved 1048576K
}
Event: 338.782 GC heap before
{Heap before GC invocations=94 (full 0):
 garbage-first heap   total 190464K, used 159049K [0x0000000080000000, 0x0000000100000000)
  region size 1024K, 24 young (24576K), 3 survivors (3072K)
 Metaspace       used 127725K, capacity 131371K, committed 131568K, reserved 1163264K
  class space    used 15907K, capacity 17261K, committed 17356K, reserved 1048576K
}
Event: 338.794 GC heap after
{Heap after GC invocations=95 (full 0):
 garbage-first heap   total 190464K, used 142930K [0x0000000080000000, 0x0000000100000000)
  region size 1024K, 3 young (3072K), 3 survivors (3072K)
 Metaspace       used 127725K, capacity 131371K, committed 131568K, reserved 1163264K
  class space    used 15907K, capacity 17261K, committed 17356K, reserved 1048576K
}
Event: 338.829 GC heap before
{Heap before GC invocations=95 (full 0):
 garbage-first heap   total 190464K, used 149074K [0x0000000080000000, 0x0000000100000000)
  region size 1024K, 9 young (9216K), 3 survivors (3072K)
 Metaspace       used 127829K, capacity 131450K, committed 131568K, reserved 1163264K
  class space    used 15921K, capacity 17266K, committed 17356K, reserved 1048576K
}
Event: 338.859 GC heap after
{Heap after GC invocations=96 (full 0):
 garbage-first heap   total 190464K, used 139315K [0x0000000080000000, 0x0000000100000000)
  region size 1024K, 2 young (2048K), 2 survivors (2048K)
 Metaspace       used 127829K, capacity 131450K, committed 131568K, reserved 1163264K
  class space    used 15921K, capacity 17266K, committed 17356K, reserved 1048576K
}
Event: 338.993 GC heap before
{Heap before GC invocations=96 (full 0):
 garbage-first heap   total 190464K, used 157747K [0x0000000080000000, 0x0000000100000000)
  region size 1024K, 21 young (21504K), 2 survivors (2048K)
 Metaspace       used 129247K, capacity 132926K, committed 133104K, reserved 1165312K
  class space    used 16123K, capacity 17502K, committed 17612K, reserved 1048576K
}
Event: 339.011 GC heap after
{Heap after GC invocations=97 (full 0):
 garbage-first heap   total 190464K, used 144384K [0x0000000080000000, 0x0000000100000000)
  region size 1024K, 3 young (3072K), 3 survivors (3072K)
 Metaspace       used 129247K, capacity 132926K, committed 133104K, reserved 1165312K
  class space    used 16123K, capacity 17502K, committed 17612K, reserved 1048576K
}
Event: 339.303 GC heap before
{Heap before GC invocations=97 (full 0):
 garbage-first heap   total 190464K, used 159744K [0x0000000080000000, 0x0000000100000000)
  region size 1024K, 19 young (19456K), 3 survivors (3072K)
 Metaspace       used 130809K, capacity 134732K, committed 135024K, reserved 1167360K
  class space    used 16388K, capacity 17870K, committed 17996K, reserved 1048576K
}
Event: 339.317 GC heap after
{Heap after GC invocations=98 (full 0):
 garbage-first heap   total 190464K, used 147068K [0x0000000080000000, 0x0000000100000000)
  region size 1024K, 3 young (3072K), 3 survivors (3072K)
 Metaspace       used 130809K, capacity 134732K, committed 135024K, reserved 1167360K
  class space    used 16388K, capacity 17870K, committed 17996K, reserved 1048576K
}
Event: 339.705 GC heap before
{Heap before GC invocations=99 (full 0):
 garbage-first heap   total 190464K, used 160380K [0x0000000080000000, 0x0000000100000000)
  region size 1024K, 17 young (17408K), 3 survivors (3072K)
 Metaspace       used 133158K, capacity 137142K, committed 137456K, reserved 1169408K
  class space    used 16750K, capacity 18268K, committed 18380K, reserved 1048576K
}
Event: 339.715 GC heap after
{Heap after GC invocations=100 (full 0):
 garbage-first heap   total 229376K, used 147754K [0x0000000080000000, 0x0000000100000000)
  region size 1024K, 1 young (1024K), 1 survivors (1024K)
 Metaspace       used 133158K, capacity 137142K, committed 137456K, reserved 1169408K
  class space    used 16750K, capacity 18268K, committed 18380K, reserved 1048576K
}
Event: 339.882 GC heap before
{Heap before GC invocations=100 (full 0):
 garbage-first heap   total 229376K, used 157994K [0x0000000080000000, 0x0000000100000000)
  region size 1024K, 11 young (11264K), 1 survivors (1024K)
 Metaspace       used 133773K, capacity 137832K, committed 137968K, reserved 1169408K
  class space    used 16835K, capacity 18369K, committed 18380K, reserved 1048576K
}
Event: 339.895 GC heap after
{Heap after GC invocations=101 (full 0):
 garbage-first heap   total 229376K, used 143810K [0x0000000080000000, 0x0000000100000000)
  region size 1024K, 1 young (1024K), 1 survivors (1024K)
 Metaspace       used 133773K, capacity 137832K, committed 137968K, reserved 1169408K
  class space    used 16835K, capacity 18369K, committed 18380K, reserved 1048576K
}
Event: 340.585 GC heap before
{Heap before GC invocations=101 (full 0):
 garbage-first heap   total 229376K, used 175554K [0x0000000080000000, 0x0000000100000000)
  region size 1024K, 33 young (33792K), 1 survivors (1024K)
 Metaspace       used 135657K, capacity 139950K, committed 140144K, reserved 1171456K
  class space    used 17093K, capacity 18719K, committed 18764K, reserved 1048576K
}
Event: 340.596 GC heap after
{Heap after GC invocations=102 (full 0):
 garbage-first heap   total 229376K, used 145005K [0x0000000080000000, 0x0000000100000000)
  region size 1024K, 2 young (2048K), 2 survivors (2048K)
 Metaspace       used 135657K, capacity 139950K, committed 140144K, reserved 1171456K
  class space    used 17093K, capacity 18719K, committed 18764K, reserved 1048576K
}
Event: 341.704 GC heap before
{Heap before GC invocations=103 (full 0):
 garbage-first heap   total 229376K, used 178797K [0x0000000080000000, 0x0000000100000000)
  region size 1024K, 36 young (36864K), 2 survivors (2048K)
 Metaspace       used 135943K, capacity 140015K, committed 140656K, reserved 1171456K
  class space    used 17007K, capacity 18555K, committed 18764K, reserved 1048576K
}
Event: 341.715 GC heap after
{Heap after GC invocations=104 (full 0):
 garbage-first heap   total 229376K, used 146114K [0x0000000080000000, 0x0000000100000000)
  region size 1024K, 3 young (3072K), 3 survivors (3072K)
 Metaspace       used 135943K, capacity 140015K, committed 140656K, reserved 1171456K
  class space    used 17007K, capacity 18555K, committed 18764K, reserved 1048576K
}
Event: 341.887 GC heap before
{Heap before GC invocations=104 (full 0):
 garbage-first heap   total 229376K, used 153282K [0x0000000080000000, 0x0000000100000000)
  region size 1024K, 11 young (11264K), 3 survivors (3072K)
 Metaspace       used 136029K, capacity 140159K, committed 140656K, reserved 1171456K
  class space    used 17008K, capacity 18555K, committed 18764K, reserved 1048576K
}

Deoptimization events (20 events):
Event: 341.597 Thread 0x000001ed4bc0a000 DEOPT PACKING pc=0x000001ed290523c7 sp=0x0000008a611fc650
Event: 341.597 Thread 0x000001ed4bc0a000 DEOPT UNPACKING pc=0x000001ed27f9a95e sp=0x0000008a611fbab8 mode 0
Event: 341.612 Thread 0x000001ed4bc0c000 DEOPT PACKING pc=0x000001ed290523c7 sp=0x0000008a614fcf60
Event: 341.612 Thread 0x000001ed4bc0c000 DEOPT UNPACKING pc=0x000001ed27f9a95e sp=0x0000008a614fc3d8 mode 0
Event: 341.670 Thread 0x000001ed4bc0c000 DEOPT PACKING pc=0x000001ed292d632d sp=0x0000008a614fc430
Event: 341.670 Thread 0x000001ed4bc0c000 DEOPT UNPACKING pc=0x000001ed27f9a95e sp=0x0000008a614fb8e0 mode 0
Event: 341.682 Thread 0x000001ed4bc0b000 DEOPT PACKING pc=0x000001ed2864ff2b sp=0x0000008a612fbb00
Event: 341.682 Thread 0x000001ed4bc0b000 DEOPT UNPACKING pc=0x000001ed27f9a95e sp=0x0000008a612fb060 mode 0
Event: 341.690 Thread 0x000001ed4bc0a000 Uncommon trap: trap_request=0xffffff4d fr.pc=0x000001ed3045f448 relative=0x0000000000001b48
Event: 341.690 Thread 0x000001ed4bc0a000 Uncommon trap: reason=unstable_if action=reinterpret pc=0x000001ed3045f448 method=java.util.TimSort.countRunAndMakeAscending([Ljava/lang/Object;IILjava/util/Comparator;)I @ 27 c2
Event: 341.690 Thread 0x000001ed4bc0a000 DEOPT PACKING pc=0x000001ed3045f448 sp=0x0000008a611fc9c0
Event: 341.690 Thread 0x000001ed4bc0a000 DEOPT UNPACKING pc=0x000001ed27f9a1af sp=0x0000008a611fc908 mode 2
Event: 341.721 Thread 0x000001ed4bc0b000 DEOPT PACKING pc=0x000001ed293287e1 sp=0x0000008a612fbc00
Event: 341.721 Thread 0x000001ed4bc0b000 DEOPT UNPACKING pc=0x000001ed27f9a95e sp=0x0000008a612fb118 mode 0
Event: 341.757 Thread 0x000001ed4bc0b000 DEOPT PACKING pc=0x000001ed291b5706 sp=0x0000008a612fc2c0
Event: 341.757 Thread 0x000001ed4bc0b000 DEOPT UNPACKING pc=0x000001ed27f9a95e sp=0x0000008a612fb8b8 mode 0
Event: 341.810 Thread 0x000001ed4bc0c800 Uncommon trap: trap_request=0xffffff4d fr.pc=0x000001ed302f6cd4 relative=0x0000000000000194
Event: 341.810 Thread 0x000001ed4bc0c800 Uncommon trap: reason=unstable_if action=reinterpret pc=0x000001ed302f6cd4 method=java.util.concurrent.TimeUnit.convert(JLjava/util/concurrent/TimeUnit;)J @ 8 c2
Event: 341.810 Thread 0x000001ed4bc0c800 DEOPT PACKING pc=0x000001ed302f6cd4 sp=0x0000008a615fc5d0
Event: 341.810 Thread 0x000001ed4bc0c800 DEOPT UNPACKING pc=0x000001ed27f9a1af sp=0x0000008a615fc580 mode 2

Classes redefined (0 events):
No events

Internal exceptions (20 events):
Event: 339.935 Thread 0x000001ed4aec5800 Exception <a 'java/lang/NoSuchMethodError'{0x000000008dc7b7d0}: 'java.lang.Object java.lang.invoke.Invokers$Holder.linkToTargetMethod(java.lang.Object, java.lang.Object, java.lang.Object, java.lang.Object, java.lang.Object, java.lang.Object, java.lang.Object, java.lang.Object, java.lang.Object, java.lang.Object)'> (0x000000008dc7b7d0) thrown at [./src/hotspot/share/interpreter/linkResolver.cpp, line 773]
Event: 339.953 Thread 0x000001ed4aec5800 Exception <a 'java/lang/IncompatibleClassChangeError'{0x000000008da9dd48}: Found class java.lang.Object, but interface was expected> (0x000000008da9dd48) thrown at [./src/hotspot/share/interpreter/linkResolver.cpp, line 839]
Event: 339.995 Thread 0x000001ed4bc05800 Exception <a 'java/lang/NoSuchMethodError'{0x000000008d3c5088}: 'java.lang.Object java.lang.invoke.Invokers$Holder.linkToTargetMethod(java.lang.Object, int, java.lang.Object, java.lang.Object, java.lang.Object, java.lang.Object)'> (0x000000008d3c5088) thrown at [./src/hotspot/share/interpreter/linkResolver.cpp, line 773]
Event: 339.997 Thread 0x000001ed4bc05800 Exception <a 'java/lang/NoSuchMethodError'{0x000000008d3d16a8}: 'java.lang.Object java.lang.invoke.DirectMethodHandle$Holder.invokeStatic(java.lang.Object, java.lang.Object, java.lang.Object, java.lang.Object, int, java.lang.Object, java.lang.Object)'> (0x000000008d3d16a8) thrown at [./src/hotspot/share/interpreter/linkResolver.cpp, line 773]
Event: 339.998 Thread 0x000001ed4bc05800 Exception <a 'java/lang/NoSuchMethodError'{0x000000008d3d5100}: 'java.lang.Object java.lang.invoke.Invokers$Holder.linkToTargetMethod(java.lang.Object, java.lang.Object, java.lang.Object, int, java.lang.Object, java.lang.Object, java.lang.Object)'> (0x000000008d3d5100) thrown at [./src/hotspot/share/interpreter/linkResolver.cpp, line 773]
Event: 340.002 Thread 0x000001ed4bc05800 Exception <a 'java/lang/NoSuchMethodError'{0x000000008d257cd0}: 'void java.lang.invoke.DirectMethodHandle$Holder.invokeStatic(java.lang.Object, java.lang.Object, java.lang.Object, java.lang.Object, java.lang.Object, java.lang.Object, java.lang.Object, java.lang.Object)'> (0x000000008d257cd0) thrown at [./src/hotspot/share/interpreter/linkResolver.cpp, line 773]
Event: 340.423 Thread 0x000001ed4aec5800 Exception <a 'java/lang/IncompatibleClassChangeError'{0x000000008c9aefe0}: Found class java.lang.Object, but interface was expected> (0x000000008c9aefe0) thrown at [./src/hotspot/share/interpreter/linkResolver.cpp, line 839]
Event: 340.495 Thread 0x000001ed4aec5800 Exception <a 'java/lang/NoSuchMethodError'{0x000000008c5fc270}: 'void java.lang.invoke.DirectMethodHandle$Holder.invokeSpecial(java.lang.Object, java.lang.Object, int)'> (0x000000008c5fc270) thrown at [./src/hotspot/share/interpreter/linkResolver.cpp, line 773]
Event: 340.495 Thread 0x000001ed4bc05800 Exception <a 'java/lang/NoSuchMethodError'{0x000000008c477f78}: 'void java.lang.invoke.DirectMethodHandle$Holder.invokeSpecial(java.lang.Object, java.lang.Object, int)'> (0x000000008c477f78) thrown at [./src/hotspot/share/interpreter/linkResolver.cpp, line 773]
Event: 340.532 Thread 0x000001ed4aec5800 Exception <a 'sun/nio/fs/WindowsException'{0x000000008c3d9bc8}> (0x000000008c3d9bc8) thrown at [./src/hotspot/share/prims/jni.cpp, line 615]
Event: 340.535 Thread 0x000001ed4bc05800 Exception <a 'sun/nio/fs/WindowsException'{0x000000008c47d328}> (0x000000008c47d328) thrown at [./src/hotspot/share/prims/jni.cpp, line 615]
Event: 340.536 Thread 0x000001ed4aec7000 Exception <a 'sun/nio/fs/WindowsException'{0x000000008c3f0b08}> (0x000000008c3f0b08) thrown at [./src/hotspot/share/prims/jni.cpp, line 615]
Event: 340.568 Thread 0x000001ed4aec5800 Exception <a 'sun/nio/fs/WindowsException'{0x000000008c2d26e8}> (0x000000008c2d26e8) thrown at [./src/hotspot/share/prims/jni.cpp, line 615]
Event: 340.583 Thread 0x000001ed4aec5800 Exception <a 'sun/nio/fs/WindowsException'{0x000000008c07aea8}> (0x000000008c07aea8) thrown at [./src/hotspot/share/prims/jni.cpp, line 615]
Event: 340.604 Thread 0x000001ed4aec5800 Exception <a 'sun/nio/fs/WindowsException'{0x000000008df29188}> (0x000000008df29188) thrown at [./src/hotspot/share/prims/jni.cpp, line 615]
Event: 340.611 Thread 0x000001ed4bc05800 Exception <a 'sun/nio/fs/WindowsException'{0x000000008df921f8}> (0x000000008df921f8) thrown at [./src/hotspot/share/prims/jni.cpp, line 615]
Event: 341.235 Thread 0x000001ed4aec5800 Exception <a 'sun/nio/fs/WindowsException'{0x000000008d57a280}> (0x000000008d57a280) thrown at [./src/hotspot/share/prims/jni.cpp, line 615]
Event: 341.540 Thread 0x000001ed4bc09800 Exception <a 'sun/nio/fs/WindowsException'{0x000000008c955218}> (0x000000008c955218) thrown at [./src/hotspot/share/prims/jni.cpp, line 615]
Event: 341.551 Thread 0x000001ed4bc09800 Exception <a 'sun/nio/fs/WindowsException'{0x000000008c7f4898}> (0x000000008c7f4898) thrown at [./src/hotspot/share/prims/jni.cpp, line 615]
Event: 341.564 Thread 0x000001ed4bc09800 Exception <a 'sun/nio/fs/WindowsException'{0x000000008c4bfa90}> (0x000000008c4bfa90) thrown at [./src/hotspot/share/prims/jni.cpp, line 615]

Events (20 events):
Event: 341.344 loading class com/android/tools/r8/internal/dZ done
Event: 341.345 loading class com/android/tools/r8/internal/qt
Event: 341.345 loading class com/android/tools/r8/internal/qt done
Event: 341.347 loading class com/android/tools/r8/internal/yt
Event: 341.347 loading class com/android/tools/r8/internal/yt done
Event: 341.347 loading class com/android/tools/r8/internal/ut
Event: 341.347 loading class com/android/tools/r8/internal/ut done
Event: 341.348 loading class com/android/tools/r8/internal/r2
Event: 341.348 loading class com/android/tools/r8/internal/r2 done
Event: 341.528 Executing VM operation: ICBufferFull
Event: 341.529 Executing VM operation: ICBufferFull done
Event: 341.677 Executing VM operation: BulkRevokeBias
Event: 341.680 Executing VM operation: BulkRevokeBias done
Event: 341.703 Executing VM operation: G1CollectForAllocation
Event: 341.715 Executing VM operation: G1CollectForAllocation done
Event: 341.794 loading class com/android/tools/r8/internal/gg
Event: 341.794 loading class com/android/tools/r8/internal/gg done
Event: 341.842 Executing VM operation: RevokeBias
Event: 341.843 Executing VM operation: RevokeBias done
Event: 341.887 Executing VM operation: G1CollectForAllocation


Dynamic libraries:
0x00007ff65d8d0000 - 0x00007ff65d8da000 	C:\Program Files\Android\Android Studio\jre\bin\java.exe
0x00007ffa74a60000 - 0x00007ffa74c69000 	C:\WINDOWS\SYSTEM32\ntdll.dll
0x00007ffa739f0000 - 0x00007ffa73aae000 	C:\WINDOWS\System32\KERNEL32.DLL
0x00007ffa72000000 - 0x00007ffa7237b000 	C:\WINDOWS\System32\KERNELBASE.dll
0x00007ffa727c0000 - 0x00007ffa728d1000 	C:\WINDOWS\System32\ucrtbase.dll
0x00007ffa5d9a0000 - 0x00007ffa5d9b9000 	C:\Program Files\Android\Android Studio\jre\bin\jli.dll
0x00007ffa58360000 - 0x00007ffa58377000 	C:\Program Files\Android\Android Studio\jre\bin\VCRUNTIME140.dll
0x00007ffa72940000 - 0x00007ffa72aed000 	C:\WINDOWS\System32\USER32.dll
0x00007ffa71f30000 - 0x00007ffa71f56000 	C:\WINDOWS\System32\win32u.dll
0x00007ffa73df0000 - 0x00007ffa73e19000 	C:\WINDOWS\System32\GDI32.dll
0x00007ffa58510000 - 0x00007ffa587b5000 	C:\WINDOWS\WinSxS\amd64_microsoft.windows.common-controls_6595b64144ccf1df_6.0.22000.120_none_9d947278b86cc467\COMCTL32.dll
0x00007ffa72400000 - 0x00007ffa72518000 	C:\WINDOWS\System32\gdi32full.dll
0x00007ffa736f0000 - 0x00007ffa73793000 	C:\WINDOWS\System32\msvcrt.dll
0x00007ffa71f60000 - 0x00007ffa71ffd000 	C:\WINDOWS\System32\msvcp_win.dll
0x00007ffa748c0000 - 0x00007ffa748f2000 	C:\WINDOWS\System32\IMM32.DLL
0x00007ffa34320000 - 0x00007ffa343bd000 	C:\Program Files\Android\Android Studio\jre\bin\msvcp140.dll
0x00007ffa31740000 - 0x00007ffa32225000 	C:\Program Files\Android\Android Studio\jre\bin\server\jvm.dll
0x00007ffa73d40000 - 0x00007ffa73dee000 	C:\WINDOWS\System32\ADVAPI32.dll
0x00007ffa73880000 - 0x00007ffa7391e000 	C:\WINDOWS\System32\sechost.dll
0x00007ffa747a0000 - 0x00007ffa748c0000 	C:\WINDOWS\System32\RPCRT4.dll
0x00007ffa72ed0000 - 0x00007ffa72ed8000 	C:\WINDOWS\System32\PSAPI.DLL
0x00007ffa5b5a0000 - 0x00007ffa5b5a9000 	C:\WINDOWS\SYSTEM32\WSOCK32.dll
0x00007ffa72b00000 - 0x00007ffa72b6f000 	C:\WINDOWS\System32\WS2_32.dll
0x00007ffa6bb40000 - 0x00007ffa6bb73000 	C:\WINDOWS\SYSTEM32\WINMM.dll
0x00007ffa64e30000 - 0x00007ffa64e3a000 	C:\WINDOWS\SYSTEM32\VERSION.dll
0x00007ffa70f70000 - 0x00007ffa70f88000 	C:\WINDOWS\SYSTEM32\kernel.appcore.dll
0x00007ffa6c280000 - 0x00007ffa6c291000 	C:\Program Files\Android\Android Studio\jre\bin\verify.dll
0x00007ffa6fa00000 - 0x00007ffa6fc21000 	C:\WINDOWS\SYSTEM32\DBGHELP.DLL
0x00007ffa6ee70000 - 0x00007ffa6eea1000 	C:\WINDOWS\SYSTEM32\dbgcore.DLL
0x00007ffa72380000 - 0x00007ffa723ff000 	C:\WINDOWS\System32\bcryptPrimitives.dll
0x00007ffa6bdf0000 - 0x00007ffa6be19000 	C:\Program Files\Android\Android Studio\jre\bin\java.dll
0x00007ffa6dba0000 - 0x00007ffa6dbab000 	C:\Program Files\Android\Android Studio\jre\bin\jimage.dll
0x00007ffa69690000 - 0x00007ffa696a8000 	C:\Program Files\Android\Android Studio\jre\bin\zip.dll
0x00007ffa73fe0000 - 0x00007ffa74798000 	C:\WINDOWS\System32\SHELL32.dll
0x00007ffa6ffe0000 - 0x00007ffa70845000 	C:\WINDOWS\SYSTEM32\windows.storage.dll
0x00007ffa73370000 - 0x00007ffa736e8000 	C:\WINDOWS\System32\combase.dll
0x00007ffa6fe70000 - 0x00007ffa6ffd6000 	C:\WINDOWS\SYSTEM32\wintypes.dll
0x00007ffa72de0000 - 0x00007ffa72eca000 	C:\WINDOWS\System32\SHCORE.dll
0x00007ffa73ce0000 - 0x00007ffa73d3d000 	C:\WINDOWS\System32\shlwapi.dll
0x00007ffa71e60000 - 0x00007ffa71e81000 	C:\WINDOWS\SYSTEM32\profapi.dll
0x00007ffa629a0000 - 0x00007ffa629ba000 	C:\Program Files\Android\Android Studio\jre\bin\net.dll
0x00007ffa6e940000 - 0x00007ffa6ea54000 	C:\WINDOWS\SYSTEM32\WINHTTP.dll
0x00007ffa71450000 - 0x00007ffa714b7000 	C:\WINDOWS\system32\mswsock.dll
0x00007ffa62110000 - 0x00007ffa62124000 	C:\Program Files\Android\Android Studio\jre\bin\nio.dll
0x00007ffa5dd50000 - 0x00007ffa5dd77000 	C:\Users\82105\.gradle\native\e1d6ef7f7dcc3fd88c89a11ec53ec762bb8ba0a96d01ffa2cd45eb1d1d8dd5c5\windows-amd64\native-platform.dll
0x00007ffa33310000 - 0x00007ffa33454000 	C:\Users\82105\.gradle\native\5664cfc778a61ccfe75a443a1ab52a65af34e5dc3c78e0209fed803814484fcb\windows-amd64\native-platform-file-events.dll
0x00007ffa6d3d0000 - 0x00007ffa6d3da000 	C:\Program Files\Android\Android Studio\jre\bin\management.dll
0x00007ffa6c540000 - 0x00007ffa6c54d000 	C:\Program Files\Android\Android Studio\jre\bin\management_ext.dll
0x00007ffa71700000 - 0x00007ffa71718000 	C:\WINDOWS\SYSTEM32\CRYPTSP.dll
0x00007ffa70ed0000 - 0x00007ffa70f05000 	C:\WINDOWS\system32\rsaenh.dll
0x00007ffa715b0000 - 0x00007ffa715d9000 	C:\WINDOWS\SYSTEM32\USERENV.dll
0x00007ffa71880000 - 0x00007ffa718a7000 	C:\WINDOWS\SYSTEM32\bcrypt.dll
0x00007ffa71b70000 - 0x00007ffa71b7c000 	C:\WINDOWS\SYSTEM32\CRYPTBASE.dll
0x00007ffa70aa0000 - 0x00007ffa70acd000 	C:\WINDOWS\SYSTEM32\IPHLPAPI.DLL
0x00007ffa72dc0000 - 0x00007ffa72dc9000 	C:\WINDOWS\System32\NSI.dll
0x00007ffa69b30000 - 0x00007ffa69b49000 	C:\WINDOWS\SYSTEM32\dhcpcsvc6.DLL
0x00007ffa6b8e0000 - 0x00007ffa6b8fe000 	C:\WINDOWS\SYSTEM32\dhcpcsvc.DLL
0x00007ffa70ad0000 - 0x00007ffa70bb8000 	C:\WINDOWS\SYSTEM32\DNSAPI.dll
0x00007ffa61020000 - 0x00007ffa61047000 	C:\Program Files\Android\Android Studio\jre\bin\sunec.dll
0x00007ffa70f90000 - 0x00007ffa70fc4000 	C:\WINDOWS\SYSTEM32\ntmarta.dll
0x00007ffa6c2a0000 - 0x00007ffa6c2a8000 	C:\Program Files\Android\Android Studio\jre\bin\rmi.dll

dbghelp: loaded successfully - version: 4.0.5 - missing functions: none
symbol engine: initialized successfully - sym options: 0x614 - pdb path: .;C:\Program Files\Android\Android Studio\jre\bin;C:\WINDOWS\SYSTEM32;C:\WINDOWS\WinSxS\amd64_microsoft.windows.common-controls_6595b64144ccf1df_6.0.22000.120_none_9d947278b86cc467;C:\Program Files\Android\Android Studio\jre\bin\server;C:\Users\82105\.gradle\native\e1d6ef7f7dcc3fd88c89a11ec53ec762bb8ba0a96d01ffa2cd45eb1d1d8dd5c5\windows-amd64;C:\Users\82105\.gradle\native\5664cfc778a61ccfe75a443a1ab52a65af34e5dc3c78e0209fed803814484fcb\windows-amd64

VM Arguments:
jvm_args: --add-opens=java.base/java.util=ALL-UNNAMED --add-opens=java.base/java.lang=ALL-UNNAMED --add-opens=java.base/java.lang.invoke=ALL-UNNAMED --add-opens=java.base/java.util=ALL-UNNAMED --add-opens=java.prefs/java.util.prefs=ALL-UNNAMED --add-opens=java.prefs/java.util.prefs=ALL-UNNAMED --add-opens=java.base/java.nio.charset=ALL-UNNAMED --add-opens=java.base/java.net=ALL-UNNAMED --add-opens=java.base/java.util.concurrent.atomic=ALL-UNNAMED -Xmx2048m -Dfile.encoding=UTF-8 -Duser.country=KR -Duser.language=ko -Duser.variant 
java_command: org.gradle.launcher.daemon.bootstrap.GradleDaemon 7.3.3
java_class_path (initial): C:\Users\82105\.gradle\wrapper\dists\gradle-7.3.3-bin\6a41zxkdtcxs8rphpq6y0069z\gradle-7.3.3\lib\gradle-launcher-7.3.3.jar
Launcher Type: SUN_STANDARD

[Global flags]
     intx CICompilerCount                          = 4                                         {product} {ergonomic}
     uint ConcGCThreads                            = 2                                         {product} {ergonomic}
     uint G1ConcRefinementThreads                  = 8                                         {product} {ergonomic}
   size_t G1HeapRegionSize                         = 1048576                                   {product} {ergonomic}
    uintx GCDrainStackTargetSize                   = 64                                        {product} {ergonomic}
   size_t InitialHeapSize                          = 132120576                                 {product} {ergonomic}
   size_t MarkStackSize                            = 4194304                                   {product} {ergonomic}
   size_t MaxHeapSize                              = 2147483648                                {product} {command line}
   size_t MaxNewSize                               = 1287651328                                {product} {ergonomic}
   size_t MinHeapDeltaBytes                        = 1048576                                   {product} {ergonomic}
    uintx NonNMethodCodeHeapSize                   = 5836300                                {pd product} {ergonomic}
    uintx NonProfiledCodeHeapSize                  = 122910970                              {pd product} {ergonomic}
    uintx ProfiledCodeHeapSize                     = 122910970                              {pd product} {ergonomic}
    uintx ReservedCodeCacheSize                    = 251658240                              {pd product} {ergonomic}
     bool SegmentedCodeCache                       = true                                      {product} {ergonomic}
     bool UseCompressedClassPointers               = true                                 {lp64_product} {ergonomic}
     bool UseCompressedOops                        = true                                 {lp64_product} {ergonomic}
     bool UseG1GC                                  = true                                      {product} {ergonomic}
     bool UseLargePagesIndividualAllocation        = false                                  {pd product} {ergonomic}

Logging:
Log output configuration:
 #0: stdout all=warning uptime,level,tags
 #1: stderr all=off uptime,level,tags

Environment Variables:
JAVA_HOME=C:\Program Files\Java\jdk-11.0.14
CLASSPATH=C:\Program Files\Java\jdk-11.0.14\lib
PATH=C:\oraclexe\app\oracle\product\11.2.0\server\bin;C:\Program Files (x86)\Intel\Intel(R) Management Engine Components\iCLS\;C:\Program Files\Intel\Intel(R) Management Engine Components\iCLS\;C:\WINDOWS\system32;C:\WINDOWS;C:\WINDOWS\System32\Wbem;C:\WINDOWS\System32\WindowsPowerShell\v1.0\;C:\WINDOWS\System32\OpenSSH\;C:\Program Files (x86)\Intel\Intel(R) Management Engine Components\DAL;C:\Program Files\Intel\Intel(R) Management Engine Components\DAL;C:\Program Files (x86)\PuTTY\;C:\Program Files\Java\jdk-11.0.14\bin;C:\Program Files\Git\cmd;C:\MinGW\bin;C:\Program Files\nodejs\;C:\Bitnami\wampstack-8.0.5-0\mysql\bin;C:\dev\apache-maven-3.8.5\bin;C:\dev\gradle-7.4\bin;C:\Program Files\PuTTY\;C:\Program Files\Docker\Docker\resources\bin;C:\ProgramData\DockerDesktop\version-bin;C:\Program Files\MySQL\MySQL Shell 8.0\bin\;C:\Users\82105\anaconda3;C:\Users\82105\anaconda3\Library\mingw-w64\bin;C:\Users\82105\anaconda3\Library\usr\bin;C:\Users\82105\anaconda3\Library\bin;C:\Users\82105\anaconda3\Scripts;C:\Python39\Scripts\;C:\Python39\;C:\Users\82105\AppData\Local\Microsoft\WindowsApps;C:\Program Files\Multipass\bin;"C:\Program Files\JetBrains\IntelliJ IDEA Community Edition 2021.3.1\bin;C:\Windows\System32";;C:\Users\82105\AppData\Local\Programs\Microsoft VS Code\bin;C:\Users\82105\AppData\Roaming\npm;C:\Users\82105\AppData\Local\Google\Cloud SDK\google-cloud-sdk\bin
USERNAME=82105
OS=Windows_NT
PROCESSOR_IDENTIFIER=Intel64 Family 6 Model 142 Stepping 12, GenuineIntel



---------------  S Y S T E M  ---------------

OS: Windows 10 , 64 bit Build 22000 (10.0.22000.1219)
OS uptime: 8 days 19:11 hours
Hyper-V role detected

CPU:total 8 (initial active 8) (4 cores per cpu, 2 threads per core) family 6 model 142 stepping 12 microcode 0xde, cmov, cx8, fxsr, mmx, sse, sse2, sse3, ssse3, sse4.1, sse4.2, popcnt, avx, avx2, aes, clmul, erms, 3dnowpref, lzcnt, ht, tsc, tscinvbit, bmi1, bmi2, adx, fma

Memory: 4k page, system-wide physical 7986M (511M free)
TotalPageFile size 16178M (AvailPageFile size 31M)
current process WorkingSet (physical memory assigned to process): 545M, peak: 546M
current process commit charge ("private bytes"): 646M, peak: 691M

vm_info: OpenJDK 64-Bit Server VM (11.0.12+7-b1504.28-7817840) for windows-amd64 JRE (11.0.12+7-b1504.28-7817840), built on Oct 13 2021 22:12:33 by "builder" with MS VC++ 14.0 (VS2015)

END.
