#
# There is insufficient memory for the Java Runtime Environment to continue.
# Native memory allocation (malloc) failed to allocate 1132816 bytes for Chunk::new
# Possible reasons:
#   The system is out of physical RAM or swap space
#   The process is running with CompressedOops enabled, and the Java Heap may be blocking the growth of the native heap
# Possible solutions:
#   Reduce memory load on the system
#   Increase physical memory or swap space
#   Check if swap backing store is full
#   Decrease Java heap size (-Xmx/-Xms)
#   Decrease number of Java threads
#   Decrease Java thread stack sizes (-Xss)
#   Set larger code cache with -XX:ReservedCodeCacheSize=
#   JVM is running with Unscaled Compressed Oops mode in which the Java heap is
#     placed in the first 4GB address space. The Java Heap base address is the
#     maximum limit for the native heap growth. Please use -XX:HeapBaseMinAddress
#     to set the Java Heap base and to place the Java Heap above 4GB virtual address.
# This output file may be truncated or incomplete.
#
#  Out of Memory Error (./src/hotspot/share/memory/arena.cpp:197), pid=24704, tid=19536
#
# JRE version: OpenJDK Runtime Environment (11.0.12+7) (build 11.0.12+7-b1504.28-7817840)
# Java VM: OpenJDK 64-Bit Server VM (11.0.12+7-b1504.28-7817840, mixed mode, tiered, compressed oops, g1 gc, windows-amd64)
# No core dump will be written. Minidumps are not enabled by default on client versions of Windows
#

---------------  S U M M A R Y ------------

Command Line: --add-opens=java.base/java.util=ALL-UNNAMED --add-opens=java.base/java.lang=ALL-UNNAMED --add-opens=java.base/java.lang.invoke=ALL-UNNAMED --add-opens=java.base/java.util=ALL-UNNAMED --add-opens=java.prefs/java.util.prefs=ALL-UNNAMED --add-opens=java.prefs/java.util.prefs=ALL-UNNAMED --add-opens=java.base/java.nio.charset=ALL-UNNAMED --add-opens=java.base/java.net=ALL-UNNAMED --add-opens=java.base/java.util.concurrent.atomic=ALL-UNNAMED -Xmx2048m -Dfile.encoding=UTF-8 -Duser.country=KR -Duser.language=ko -Duser.variant org.gradle.launcher.daemon.bootstrap.GradleDaemon 7.3.3

Host: Intel(R) Core(TM) i5-8265U CPU @ 1.60GHz, 8 cores, 7G,  Windows 10 , 64 bit Build 22000 (10.0.22000.1219)
Time: Tue Nov 22 17:15:18 2022 대한민국 표준시 elapsed time: 49.922086 seconds (0d 0h 0m 49s)

---------------  T H R E A D  ---------------

Current thread (0x0000021175262800):  JavaThread "C2 CompilerThread1" daemon [_thread_in_native, id=19536, stack(0x0000009c01d00000,0x0000009c01e00000)]


Current CompileTask:
C2:  49922 16030       4       java.lang.reflect.AccessibleObject::verifyAccess (84 bytes)

Stack: [0x0000009c01d00000,0x0000009c01e00000]
Native frames: (J=compiled Java code, j=interpreted, Vv=VM code, C=native code)
V  [jvm.dll+0x5fbcea]
V  [jvm.dll+0x731905]
V  [jvm.dll+0x732f1d]
V  [jvm.dll+0x7335d3]
V  [jvm.dll+0x247bf8]
V  [jvm.dll+0xc018c]
V  [jvm.dll+0xc06cc]
V  [jvm.dll+0x35b31d]
V  [jvm.dll+0x328803]
V  [jvm.dll+0x327cfa]
V  [jvm.dll+0x200602]
V  [jvm.dll+0x1ff794]
V  [jvm.dll+0x18868c]
V  [jvm.dll+0x20e0d7]
V  [jvm.dll+0x20c901]
V  [jvm.dll+0x6f9b7f]
V  [jvm.dll+0x6f26a5]
V  [jvm.dll+0x5fabf6]
C  [ucrtbase.dll+0x26c0c]
C  [KERNEL32.DLL+0x15550]
C  [ntdll.dll+0x485b]


---------------  P R O C E S S  ---------------

Threads class SMR info:
_java_thread_list=0x0000021179358640, length=142, elements={
0x00000211512ef800, 0x000002116d717000, 0x000002116d724800, 0x000002116d747800,
0x000002116d748800, 0x000002116d749800, 0x000002116d74a800, 0x000002116e054000,
0x000002116e059000, 0x000002116e1c6000, 0x0000021170bf7000, 0x000002116f4ea000,
0x000002117113f800, 0x0000021170e6b800, 0x00000211718e6000, 0x000002116fba8000,
0x000002116f714000, 0x000002116f715000, 0x0000021170414000, 0x0000021170231000,
0x000002117022e000, 0x0000021170233800, 0x0000021170234800, 0x0000021170230800,
0x000002117022f000, 0x0000021170232000, 0x0000021170233000, 0x000002117022f800,
0x0000021171e46800, 0x0000021171e49000, 0x0000021171e47000, 0x0000021171e48000,
0x0000021171e4e800, 0x0000021171e4b800, 0x0000021171e4f800, 0x0000021171e50000,
0x0000021171e4d000, 0x0000021171e4a800, 0x0000021171e51000, 0x0000021171e54800,
0x0000021171e55000, 0x0000021171e52000, 0x0000021171e52800, 0x0000021171e53800,
0x0000021173f99800, 0x0000021173f98800, 0x0000021173f94800, 0x0000021173f95800,
0x0000021173f98000, 0x0000021173f96000, 0x0000021173f97000, 0x0000021173f94000,
0x0000021173f9a800, 0x0000021171b1f800, 0x0000021171b1c800, 0x0000021171b21000,
0x0000021171b1b800, 0x0000021171b1e800, 0x0000021171b20800, 0x0000021171b22000,
0x0000021171b23000, 0x0000021171b1d000, 0x0000021171b23800, 0x0000021171b1e000,
0x0000021171b29800, 0x0000021171b27800, 0x0000021171b2a000, 0x0000021171b25000,
0x0000021171b28800, 0x0000021171b24800, 0x0000021171b26000, 0x0000021171b27000,
0x0000021173152800, 0x0000021173156000, 0x0000021173156800, 0x0000021173155000,
0x0000021173157800, 0x0000021173154800, 0x0000021173152000, 0x0000021173158800,
0x0000021173159000, 0x0000021173153800, 0x000002117315e000, 0x000002117315a000,
0x000002117315b800, 0x000002117315f000, 0x000002117315c800, 0x000002117315d800,
0x000002117315f800, 0x0000021173160800, 0x000002117315b000, 0x0000021170fc5000,
0x0000021170fc6000, 0x0000021170fc3800, 0x0000021170fc4800, 0x0000021170fc0800,
0x0000021170fc2000, 0x0000021170fc7000, 0x0000021170fc2800, 0x0000021170fc1000,
0x0000021170fcc800, 0x0000021170fc8800, 0x0000021170fcd800, 0x0000021170fc7800,
0x0000021170fcb800, 0x0000021170fcb000, 0x0000021170fcf000, 0x0000021170fc9800,
0x0000021170fca000, 0x0000021170fce000, 0x000002117148c000, 0x000002117148d000,
0x000002117148b000, 0x000002117148d800, 0x000002117148a800, 0x000002117148e800,
0x000002117148f000, 0x0000021171489800, 0x0000021171491000, 0x0000021171495000,
0x0000021171496000, 0x0000021171498000, 0x0000021171490000, 0x0000021171494000,
0x0000021171496800, 0x0000021171497800, 0x0000021175261000, 0x000002117525e800,
0x000002117525f800, 0x0000021175260000, 0x0000021175262000, 0x0000021175262800,
0x000002117525c000, 0x000002117525d000, 0x0000021175263800, 0x000002117525e000,
0x0000021175269000, 0x000002117526a000, 0x0000021175266800, 0x0000021175265000,
0x0000021175264800, 0x000002117526b000
}

Java Threads: ( => current thread )
  0x00000211512ef800 JavaThread "main" [_thread_blocked, id=8584, stack(0x0000009c79300000,0x0000009c79400000)]
  0x000002116d717000 JavaThread "Reference Handler" daemon [_thread_blocked, id=18212, stack(0x0000009c79a00000,0x0000009c79b00000)]
  0x000002116d724800 JavaThread "Finalizer" daemon [_thread_blocked, id=2052, stack(0x0000009c79b00000,0x0000009c79c00000)]
  0x000002116d747800 JavaThread "Signal Dispatcher" daemon [_thread_blocked, id=10924, stack(0x0000009c79c00000,0x0000009c79d00000)]
  0x000002116d748800 JavaThread "Attach Listener" daemon [_thread_blocked, id=25216, stack(0x0000009c79d00000,0x0000009c79e00000)]
  0x000002116d749800 JavaThread "Service Thread" daemon [_thread_blocked, id=22232, stack(0x0000009c79e00000,0x0000009c79f00000)]
  0x000002116d74a800 JavaThread "C2 CompilerThread0" daemon [_thread_in_native, id=4160, stack(0x0000009c79f00000,0x0000009c7a000000)]
  0x000002116e054000 JavaThread "C1 CompilerThread0" daemon [_thread_in_native, id=17148, stack(0x0000009c7a000000,0x0000009c7a100000)]
  0x000002116e059000 JavaThread "Sweeper thread" daemon [_thread_blocked, id=14804, stack(0x0000009c7a100000,0x0000009c7a200000)]
  0x000002116e1c6000 JavaThread "Common-Cleaner" daemon [_thread_blocked, id=14924, stack(0x0000009c7a200000,0x0000009c7a300000)]
  0x0000021170bf7000 JavaThread "Daemon health stats" [_thread_blocked, id=4500, stack(0x0000009c7a700000,0x0000009c7a800000)]
  0x000002116f4ea000 JavaThread "Incoming local TCP Connector on port 53092" [_thread_in_native, id=828, stack(0x0000009c7a400000,0x0000009c7a500000)]
  0x000002117113f800 JavaThread "Daemon periodic checks" [_thread_blocked, id=12020, stack(0x0000009c7aa00000,0x0000009c7ab00000)]
  0x0000021170e6b800 JavaThread "Daemon" [_thread_blocked, id=25152, stack(0x0000009c7ab00000,0x0000009c7ac00000)]
  0x00000211718e6000 JavaThread "Handler for socket connection from /127.0.0.1:53092 to /127.0.0.1:53093" [_thread_in_native, id=1396, stack(0x0000009c7ac00000,0x0000009c7ad00000)]
  0x000002116fba8000 JavaThread "Cancel handler" [_thread_blocked, id=7668, stack(0x0000009c7ad00000,0x0000009c7ae00000)]
  0x000002116f714000 JavaThread "Daemon worker" [_thread_blocked, id=22516, stack(0x0000009c7ae00000,0x0000009c7af00000)]
  0x000002116f715000 JavaThread "Asynchronous log dispatcher for DefaultDaemonConnection: socket connection from /127.0.0.1:53092 to /127.0.0.1:53093" [_thread_blocked, id=12280, stack(0x0000009c7af00000,0x0000009c7b000000)]
  0x0000021170414000 JavaThread "Stdin handler" [_thread_blocked, id=26536, stack(0x0000009c7b000000,0x0000009c7b100000)]
  0x0000021170231000 JavaThread "Daemon client event forwarder" [_thread_blocked, id=3256, stack(0x0000009c7b100000,0x0000009c7b200000)]
  0x000002117022e000 JavaThread "Cache worker for journal cache (C:\Users\82105\.gradle\caches\journal-1)" [_thread_blocked, id=4304, stack(0x0000009c7b200000,0x0000009c7b300000)]
  0x0000021170233800 JavaThread "File lock request listener" [_thread_in_native, id=9660, stack(0x0000009c7b300000,0x0000009c7b400000)]
  0x0000021170234800 JavaThread "Cache worker for file hash cache (C:\Users\82105\.gradle\caches\7.3.3\fileHashes)" [_thread_blocked, id=22656, stack(0x0000009c7b400000,0x0000009c7b500000)]
  0x0000021170230800 JavaThread "Cache worker for file hash cache (C:\Users\82105\AndroidStudioProjects\architectureProject\sokdaksokdak\.gradle\7.3.3\fileHashes)" [_thread_blocked, id=2268, stack(0x0000009c7bb00000,0x0000009c7bc00000)]
  0x000002117022f000 JavaThread "File watcher server" daemon [_thread_in_native, id=18260, stack(0x0000009c7bc00000,0x0000009c7bd00000)]
  0x0000021170232000 JavaThread "File watcher consumer" daemon [_thread_blocked, id=16304, stack(0x0000009c7bd00000,0x0000009c7be00000)]
  0x0000021170233000 JavaThread "Cache worker for checksums cache (C:\Users\82105\AndroidStudioProjects\architectureProject\sokdaksokdak\.gradle\7.3.3\checksums)" [_thread_blocked, id=9828, stack(0x0000009c7ba00000,0x0000009c7bb00000)]
  0x000002117022f800 JavaThread "Cache worker for cache directory md-supplier (C:\Users\82105\.gradle\caches\7.3.3\md-supplier)" [_thread_blocked, id=22240, stack(0x0000009c7be00000,0x0000009c7bf00000)]
  0x0000021171e46800 JavaThread "Cache worker for cache directory md-rule (C:\Users\82105\.gradle\caches\7.3.3\md-rule)" [_thread_blocked, id=8020, stack(0x0000009c7c000000,0x0000009c7c100000)]
  0x0000021171e49000 JavaThread "Cache worker for execution history cache (C:\Users\82105\.gradle\caches\7.3.3\executionHistory)" [_thread_blocked, id=23788, stack(0x0000009c7bf00000,0x0000009c7c000000)]
  0x0000021171e47000 JavaThread "jar transforms" [_thread_blocked, id=852, stack(0x0000009c7c200000,0x0000009c7c300000)]
  0x0000021171e48000 JavaThread "Cache worker for file content cache (C:\Users\82105\.gradle\caches\7.3.3\fileContent)" [_thread_blocked, id=12688, stack(0x0000009c7c300000,0x0000009c7c400000)]
  0x0000021171e4e800 JavaThread "jar transforms Thread 2" [_thread_blocked, id=13976, stack(0x0000009c7c400000,0x0000009c7c500000)]
  0x0000021171e4b800 JavaThread "Cache worker for dependencies-accessors (C:\Users\82105\AndroidStudioProjects\architectureProject\sokdaksokdak\.gradle\7.3.3\dependencies-accessors)" [_thread_blocked, id=9936, stack(0x0000009c7c500000,0x0000009c7c600000)]
  0x0000021171e4f800 JavaThread "jar transforms Thread 3" [_thread_blocked, id=12640, stack(0x0000009c7c600000,0x0000009c7c700000)]
  0x0000021171e50000 JavaThread "Cache worker for Build Output Cleanup Cache (C:\Users\82105\AndroidStudioProjects\architectureProject\sokdaksokdak\.gradle\buildOutputCleanup)" [_thread_blocked, id=11808, stack(0x0000009c7c700000,0x0000009c7c800000)]
  0x0000021171e4d000 JavaThread "Unconstrained build operations" [_thread_blocked, id=5512, stack(0x0000009c7c800000,0x0000009c7c900000)]
  0x0000021171e4a800 JavaThread "Unconstrained build operations Thread 2" [_thread_blocked, id=4936, stack(0x0000009c7c900000,0x0000009c7ca00000)]
  0x0000021171e51000 JavaThread "Unconstrained build operations Thread 3" [_thread_blocked, id=19800, stack(0x0000009c7ca00000,0x0000009c7cb00000)]
  0x0000021171e54800 JavaThread "Unconstrained build operations Thread 4" [_thread_blocked, id=5424, stack(0x0000009c7cb00000,0x0000009c7cc00000)]
  0x0000021171e55000 JavaThread "Unconstrained build operations Thread 5" [_thread_blocked, id=11716, stack(0x0000009c7cc00000,0x0000009c7cd00000)]
  0x0000021171e52000 JavaThread "Unconstrained build operations Thread 6" [_thread_blocked, id=13124, stack(0x0000009c7cd00000,0x0000009c7ce00000)]
  0x0000021171e52800 JavaThread "Unconstrained build operations Thread 7" [_thread_blocked, id=12784, stack(0x0000009c7ce00000,0x0000009c7cf00000)]
  0x0000021171e53800 JavaThread "Unconstrained build operations Thread 8" [_thread_blocked, id=14672, stack(0x0000009c7cf00000,0x0000009c7d000000)]
  0x0000021173f99800 JavaThread "Unconstrained build operations Thread 9" [_thread_blocked, id=20656, stack(0x0000009c7d000000,0x0000009c7d100000)]
  0x0000021173f98800 JavaThread "Unconstrained build operations Thread 10" [_thread_blocked, id=13476, stack(0x0000009c7d100000,0x0000009c7d200000)]
  0x0000021173f94800 JavaThread "Unconstrained build operations Thread 11" [_thread_blocked, id=9980, stack(0x0000009c7d200000,0x0000009c7d300000)]
  0x0000021173f95800 JavaThread "Unconstrained build operations Thread 12" [_thread_blocked, id=8328, stack(0x0000009c7d300000,0x0000009c7d400000)]
  0x0000021173f98000 JavaThread "Unconstrained build operations Thread 13" [_thread_blocked, id=14668, stack(0x0000009c7d400000,0x0000009c7d500000)]
  0x0000021173f96000 JavaThread "Unconstrained build operations Thread 14" [_thread_blocked, id=1432, stack(0x0000009c7d500000,0x0000009c7d600000)]
  0x0000021173f97000 JavaThread "Unconstrained build operations Thread 15" [_thread_blocked, id=21832, stack(0x0000009c7d600000,0x0000009c7d700000)]
  0x0000021173f94000 JavaThread "Unconstrained build operations Thread 16" [_thread_blocked, id=15488, stack(0x0000009c7d700000,0x0000009c7d800000)]
  0x0000021173f9a800 JavaThread "Unconstrained build operations Thread 17" [_thread_blocked, id=5784, stack(0x0000009c7d800000,0x0000009c7d900000)]
  0x0000021171b1f800 JavaThread "Unconstrained build operations Thread 18" [_thread_blocked, id=10952, stack(0x0000009c7d900000,0x0000009c7da00000)]
  0x0000021171b1c800 JavaThread "Unconstrained build operations Thread 19" [_thread_blocked, id=25208, stack(0x0000009c7da00000,0x0000009c7db00000)]
  0x0000021171b21000 JavaThread "Unconstrained build operations Thread 20" [_thread_blocked, id=12704, stack(0x0000009c7db00000,0x0000009c7dc00000)]
  0x0000021171b1b800 JavaThread "Unconstrained build operations Thread 21" [_thread_blocked, id=23200, stack(0x0000009c7dc00000,0x0000009c7dd00000)]
  0x0000021171b1e800 JavaThread "Unconstrained build operations Thread 22" [_thread_blocked, id=25988, stack(0x0000009c7dd00000,0x0000009c7de00000)]
  0x0000021171b20800 JavaThread "Unconstrained build operations Thread 23" [_thread_blocked, id=4036, stack(0x0000009c7de00000,0x0000009c7df00000)]
  0x0000021171b22000 JavaThread "Unconstrained build operations Thread 24" [_thread_blocked, id=15664, stack(0x0000009c7df00000,0x0000009c7e000000)]
  0x0000021171b23000 JavaThread "Unconstrained build operations Thread 25" [_thread_blocked, id=16456, stack(0x0000009c7e000000,0x0000009c7e100000)]
  0x0000021171b1d000 JavaThread "Unconstrained build operations Thread 26" [_thread_blocked, id=20444, stack(0x0000009c7e100000,0x0000009c7e200000)]
  0x0000021171b23800 JavaThread "Unconstrained build operations Thread 27" [_thread_blocked, id=10108, stack(0x0000009c7e200000,0x0000009c7e300000)]
  0x0000021171b1e000 JavaThread "Unconstrained build operations Thread 28" [_thread_blocked, id=2096, stack(0x0000009c7e300000,0x0000009c7e400000)]
  0x0000021171b29800 JavaThread "Unconstrained build operations Thread 29" [_thread_blocked, id=8284, stack(0x0000009c7e400000,0x0000009c7e500000)]
  0x0000021171b27800 JavaThread "Unconstrained build operations Thread 30" [_thread_blocked, id=25724, stack(0x0000009c7e500000,0x0000009c7e600000)]
  0x0000021171b2a000 JavaThread "Unconstrained build operations Thread 31" [_thread_blocked, id=13688, stack(0x0000009c7e600000,0x0000009c7e700000)]
  0x0000021171b25000 JavaThread "Unconstrained build operations Thread 32" [_thread_blocked, id=19240, stack(0x0000009c7e700000,0x0000009c7e800000)]
  0x0000021171b28800 JavaThread "Unconstrained build operations Thread 33" [_thread_blocked, id=10092, stack(0x0000009c7e800000,0x0000009c7e900000)]
  0x0000021171b24800 JavaThread "Unconstrained build operations Thread 34" [_thread_blocked, id=13404, stack(0x0000009c7e900000,0x0000009c7ea00000)]
  0x0000021171b26000 JavaThread "Unconstrained build operations Thread 35" [_thread_blocked, id=3716, stack(0x0000009c7ea00000,0x0000009c7eb00000)]
  0x0000021171b27000 JavaThread "Unconstrained build operations Thread 36" [_thread_blocked, id=1352, stack(0x0000009c7eb00000,0x0000009c7ec00000)]
  0x0000021173152800 JavaThread "Unconstrained build operations Thread 37" [_thread_blocked, id=24404, stack(0x0000009c7ec00000,0x0000009c7ed00000)]
  0x0000021173156000 JavaThread "Unconstrained build operations Thread 38" [_thread_blocked, id=16376, stack(0x0000009c7ed00000,0x0000009c7ee00000)]
  0x0000021173156800 JavaThread "Unconstrained build operations Thread 39" [_thread_blocked, id=14916, stack(0x0000009c7ee00000,0x0000009c7ef00000)]
  0x0000021173155000 JavaThread "Unconstrained build operations Thread 40" [_thread_blocked, id=21516, stack(0x0000009c7ef00000,0x0000009c7f000000)]
  0x0000021173157800 JavaThread "Unconstrained build operations Thread 41" [_thread_blocked, id=11308, stack(0x0000009c7f000000,0x0000009c7f100000)]
  0x0000021173154800 JavaThread "Unconstrained build operations Thread 42" [_thread_blocked, id=1696, stack(0x0000009c7f100000,0x0000009c7f200000)]
  0x0000021173152000 JavaThread "Unconstrained build operations Thread 43" [_thread_blocked, id=23132, stack(0x0000009c7f200000,0x0000009c7f300000)]
  0x0000021173158800 JavaThread "Unconstrained build operations Thread 44" [_thread_blocked, id=9540, stack(0x0000009c7f300000,0x0000009c7f400000)]
  0x0000021173159000 JavaThread "Unconstrained build operations Thread 45" [_thread_blocked, id=18668, stack(0x0000009c7f400000,0x0000009c7f500000)]
  0x0000021173153800 JavaThread "Unconstrained build operations Thread 46" [_thread_blocked, id=7516, stack(0x0000009c7f500000,0x0000009c7f600000)]
  0x000002117315e000 JavaThread "Unconstrained build operations Thread 47" [_thread_blocked, id=22004, stack(0x0000009c7f600000,0x0000009c7f700000)]
  0x000002117315a000 JavaThread "Unconstrained build operations Thread 48" [_thread_blocked, id=16608, stack(0x0000009c7f700000,0x0000009c7f800000)]
  0x000002117315b800 JavaThread "Unconstrained build operations Thread 49" [_thread_blocked, id=24848, stack(0x0000009c7f800000,0x0000009c7f900000)]
  0x000002117315f000 JavaThread "Unconstrained build operations Thread 50" [_thread_blocked, id=22820, stack(0x0000009c7f900000,0x0000009c7fa00000)]
  0x000002117315c800 JavaThread "Unconstrained build operations Thread 51" [_thread_blocked, id=10912, stack(0x0000009c7fa00000,0x0000009c7fb00000)]
  0x000002117315d800 JavaThread "Unconstrained build operations Thread 52" [_thread_blocked, id=12776, stack(0x0000009c7fb00000,0x0000009c7fc00000)]
  0x000002117315f800 JavaThread "Unconstrained build operations Thread 53" [_thread_blocked, id=24216, stack(0x0000009c7fc00000,0x0000009c7fd00000)]
  0x0000021173160800 JavaThread "Unconstrained build operations Thread 54" [_thread_blocked, id=26012, stack(0x0000009c7fd00000,0x0000009c7fe00000)]
  0x000002117315b000 JavaThread "Unconstrained build operations Thread 55" [_thread_blocked, id=15752, stack(0x0000009c7fe00000,0x0000009c7ff00000)]
  0x0000021170fc5000 JavaThread "Unconstrained build operations Thread 56" [_thread_blocked, id=19784, stack(0x0000009c7ff00000,0x0000009c80000000)]
  0x0000021170fc6000 JavaThread "Unconstrained build operations Thread 57" [_thread_blocked, id=1504, stack(0x0000009c00000000,0x0000009c00100000)]
  0x0000021170fc3800 JavaThread "Unconstrained build operations Thread 58" [_thread_blocked, id=25508, stack(0x0000009c00100000,0x0000009c00200000)]
  0x0000021170fc4800 JavaThread "Unconstrained build operations Thread 59" [_thread_blocked, id=10136, stack(0x0000009c00200000,0x0000009c00300000)]
  0x0000021170fc0800 JavaThread "Unconstrained build operations Thread 60" [_thread_blocked, id=18740, stack(0x0000009c00300000,0x0000009c00400000)]
  0x0000021170fc2000 JavaThread "Unconstrained build operations Thread 61" [_thread_blocked, id=5672, stack(0x0000009c00400000,0x0000009c00500000)]
  0x0000021170fc7000 JavaThread "Unconstrained build operations Thread 62" [_thread_blocked, id=11496, stack(0x0000009c00500000,0x0000009c00600000)]
  0x0000021170fc2800 JavaThread "Unconstrained build operations Thread 63" [_thread_blocked, id=24600, stack(0x0000009c00600000,0x0000009c00700000)]
  0x0000021170fc1000 JavaThread "Unconstrained build operations Thread 64" [_thread_blocked, id=23460, stack(0x0000009c00700000,0x0000009c00800000)]
  0x0000021170fcc800 JavaThread "Unconstrained build operations Thread 65" [_thread_blocked, id=4804, stack(0x0000009c00800000,0x0000009c00900000)]
  0x0000021170fc8800 JavaThread "Unconstrained build operations Thread 66" [_thread_blocked, id=9716, stack(0x0000009c00900000,0x0000009c00a00000)]
  0x0000021170fcd800 JavaThread "Unconstrained build operations Thread 67" [_thread_blocked, id=1984, stack(0x0000009c00a00000,0x0000009c00b00000)]
  0x0000021170fc7800 JavaThread "Unconstrained build operations Thread 68" [_thread_blocked, id=14680, stack(0x0000009c00b00000,0x0000009c00c00000)]
  0x0000021170fcb800 JavaThread "Unconstrained build operations Thread 69" [_thread_blocked, id=14384, stack(0x0000009c00c00000,0x0000009c00d00000)]
  0x0000021170fcb000 JavaThread "Unconstrained build operations Thread 70" [_thread_blocked, id=25788, stack(0x0000009c00d00000,0x0000009c00e00000)]
  0x0000021170fcf000 JavaThread "Unconstrained build operations Thread 71" [_thread_blocked, id=16984, stack(0x0000009c00e00000,0x0000009c00f00000)]
  0x0000021170fc9800 JavaThread "Unconstrained build operations Thread 72" [_thread_blocked, id=16776, stack(0x0000009c00f00000,0x0000009c01000000)]
  0x0000021170fca000 JavaThread "Unconstrained build operations Thread 73" [_thread_blocked, id=26340, stack(0x0000009c01000000,0x0000009c01100000)]
  0x0000021170fce000 JavaThread "Unconstrained build operations Thread 74" [_thread_blocked, id=23440, stack(0x0000009c01100000,0x0000009c01200000)]
  0x000002117148c000 JavaThread "Unconstrained build operations Thread 75" [_thread_blocked, id=18132, stack(0x0000009c01200000,0x0000009c01300000)]
  0x000002117148d000 JavaThread "Unconstrained build operations Thread 76" [_thread_blocked, id=3668, stack(0x0000009c01300000,0x0000009c01400000)]
  0x000002117148b000 JavaThread "Unconstrained build operations Thread 77" [_thread_blocked, id=1300, stack(0x0000009c01400000,0x0000009c01500000)]
  0x000002117148d800 JavaThread "Unconstrained build operations Thread 78" [_thread_blocked, id=5560, stack(0x0000009c01500000,0x0000009c01600000)]
  0x000002117148a800 JavaThread "Unconstrained build operations Thread 79" [_thread_blocked, id=24628, stack(0x0000009c01600000,0x0000009c01700000)]
  0x000002117148e800 JavaThread "Unconstrained build operations Thread 80" [_thread_blocked, id=20688, stack(0x0000009c01700000,0x0000009c01800000)]
  0x000002117148f000 JavaThread "jar transforms Thread 4" [_thread_blocked, id=25160, stack(0x0000009c01800000,0x0000009c01900000)]
  0x0000021171489800 JavaThread "jar transforms Thread 5" [_thread_blocked, id=12164, stack(0x0000009c01900000,0x0000009c01a00000)]
  0x0000021171491000 JavaThread "jar transforms Thread 6" [_thread_blocked, id=25808, stack(0x0000009c01a00000,0x0000009c01b00000)]
  0x0000021171495000 JavaThread "jar transforms Thread 7" [_thread_blocked, id=16868, stack(0x0000009c01b00000,0x0000009c01c00000)]
  0x0000021171496000 JavaThread "jar transforms Thread 8" [_thread_blocked, id=22532, stack(0x0000009c01c00000,0x0000009c01d00000)]
  0x0000021171498000 JavaThread "Memory manager" [_thread_blocked, id=26292, stack(0x0000009c01f00000,0x0000009c02000000)]
  0x0000021171490000 JavaThread "build event listener" [_thread_blocked, id=2088, stack(0x0000009c02000000,0x0000009c02100000)]
  0x0000021171494000 JavaThread "Execution worker for ':'" [_thread_blocked, id=4652, stack(0x0000009c02100000,0x0000009c02200000)]
  0x0000021171496800 JavaThread "Execution worker for ':' Thread 2" [_thread_blocked, id=14724, stack(0x0000009c02200000,0x0000009c02300000)]
  0x0000021171497800 JavaThread "Execution worker for ':' Thread 3" [_thread_blocked, id=15116, stack(0x0000009c02300000,0x0000009c02400000)]
  0x0000021175261000 JavaThread "Execution worker for ':' Thread 4" [_thread_blocked, id=13468, stack(0x0000009c02400000,0x0000009c02500000)]
  0x000002117525e800 JavaThread "Execution worker for ':' Thread 5" [_thread_blocked, id=6120, stack(0x0000009c02500000,0x0000009c02600000)]
  0x000002117525f800 JavaThread "Execution worker for ':' Thread 6" [_thread_blocked, id=7728, stack(0x0000009c02600000,0x0000009c02700000)]
  0x0000021175260000 JavaThread "Execution worker for ':' Thread 7" [_thread_blocked, id=10172, stack(0x0000009c02700000,0x0000009c02800000)]
  0x0000021175262000 JavaThread "Cache worker for execution history cache (C:\Users\82105\AndroidStudioProjects\architectureProject\sokdaksokdak\.gradle\7.3.3\executionHistory)" [_thread_blocked, id=22464, stack(0x0000009c02800000,0x0000009c02900000)]
=>0x0000021175262800 JavaThread "C2 CompilerThread1" daemon [_thread_in_native, id=19536, stack(0x0000009c01d00000,0x0000009c01e00000)]
  0x000002117525c000 JavaThread "WorkerExecutor Queue" [_thread_blocked, id=17444, stack(0x0000009c01e00000,0x0000009c01f00000)]
  0x000002117525d000 JavaThread "WorkerExecutor Queue Thread 2" [_thread_blocked, id=16308, stack(0x0000009c02b00000,0x0000009c02c00000)]
  0x0000021175263800 JavaThread "WorkerExecutor Queue Thread 3" [_thread_blocked, id=10652, stack(0x0000009c02c00000,0x0000009c02d00000)]
  0x000002117525e000 JavaThread "WorkerExecutor Queue Thread 4" [_thread_in_native, id=26332, stack(0x0000009c02d00000,0x0000009c02e00000)]
  0x0000021175269000 JavaThread "WorkerExecutor Queue Thread 5" [_thread_blocked, id=10216, stack(0x0000009c02e00000,0x0000009c02f00000)]
  0x000002117526a000 JavaThread "WorkerExecutor Queue Thread 6" [_thread_blocked, id=16652, stack(0x0000009c02f00000,0x0000009c03000000)]
  0x0000021175266800 JavaThread "WorkerExecutor Queue Thread 7" [_thread_blocked, id=26112, stack(0x0000009c03000000,0x0000009c03100000)]
  0x0000021175265000 JavaThread "WorkerExecutor Queue Thread 8" [_thread_blocked, id=7980, stack(0x0000009c03100000,0x0000009c03200000)]
  0x0000021175264800 JavaThread "C2 CompilerThread2" daemon [_thread_in_native, id=16840, stack(0x0000009c03300000,0x0000009c03400000)]
  0x000002117526b000 JavaThread "WorkerExecutor Queue Thread 10" [_thread_blocked, id=26384, stack(0x0000009c03200000,0x0000009c03300000)]

Other Threads:
  0x000002116d714800 VMThread "VM Thread" [stack: 0x0000009c79900000,0x0000009c79a00000] [id=11328]
  0x000002116e1d3000 WatcherThread [stack: 0x0000009c7a300000,0x0000009c7a400000] [id=18008]
  0x000002115130b000 GCTaskThread "GC Thread#0" [stack: 0x0000009c79400000,0x0000009c79500000] [id=9628]
  0x000002116ee5a000 GCTaskThread "GC Thread#1" [stack: 0x0000009c7a500000,0x0000009c7a600000] [id=9016]
  0x000002116ee58800 GCTaskThread "GC Thread#2" [stack: 0x0000009c7a600000,0x0000009c7a700000] [id=9728]
  0x000002116ee5d000 GCTaskThread "GC Thread#3" [stack: 0x0000009c7a800000,0x0000009c7a900000] [id=9600]
  0x000002116ee5f000 GCTaskThread "GC Thread#4" [stack: 0x0000009c7b500000,0x0000009c7b600000] [id=16780]
  0x000002116ee5e800 GCTaskThread "GC Thread#5" [stack: 0x0000009c7b600000,0x0000009c7b700000] [id=3844]
  0x000002116ee60000 GCTaskThread "GC Thread#6" [stack: 0x0000009c7b700000,0x0000009c7b800000] [id=6776]
  0x000002116ee5a800 GCTaskThread "GC Thread#7" [stack: 0x0000009c7b800000,0x0000009c7b900000] [id=25992]
  0x000002115133b800 ConcurrentGCThread "G1 Main Marker" [stack: 0x0000009c79500000,0x0000009c79600000] [id=112]
  0x000002115133e000 ConcurrentGCThread "G1 Conc#0" [stack: 0x0000009c79600000,0x0000009c79700000] [id=12744]
  0x000002116ee5c000 ConcurrentGCThread "G1 Conc#1" [stack: 0x0000009c7b900000,0x0000009c7ba00000] [id=16252]
  0x00000211513ce800 ConcurrentGCThread "G1 Refine#0" [stack: 0x0000009c79700000,0x0000009c79800000] [id=11596]
  0x00000211705ab000 ConcurrentGCThread "G1 Refine#1" [stack: 0x0000009c7a900000,0x0000009c7aa00000] [id=15548]
  0x000002116d565800 ConcurrentGCThread "G1 Young RemSet Sampling" [stack: 0x0000009c79800000,0x0000009c79900000] [id=19044]

Threads with active compile tasks:
C2 CompilerThread0  50006 16081       4       java.lang.reflect.AccessibleObject::checkAccess (40 bytes)
C2 CompilerThread1  50006 16030       4       java.lang.reflect.AccessibleObject::verifyAccess (84 bytes)
C2 CompilerThread2  50006 16096       4       kotlin.reflect.jvm.internal.impl.name.FqNameUnsafe::hashCode (8 bytes)

VM state:not at safepoint (normal execution)

VM Mutex/Monitor currently owned by a thread: None

Heap address: 0x0000000080000000, size: 2048 MB, Compressed Oops mode: 32-bit
Narrow klass base: 0x0000000000000000, Narrow klass shift: 3
Compressed class space size: 1073741824 Address: 0x0000000100000000

Heap:
 garbage-first heap   total 225280K, used 181320K [0x0000000080000000, 0x0000000100000000)
  region size 1024K, 60 young (61440K), 4 survivors (4096K)
 Metaspace       used 111212K, capacity 114405K, committed 115416K, reserved 1148928K
  class space    used 14443K, capacity 15665K, committed 16088K, reserved 1048576K
Heap Regions: E=young(eden), S=young(survivor), O=old, HS=humongous(starts), HC=humongous(continues), CS=collection set, F=free, A=archive, TAMS=top-at-mark-start (previous, next)
|   0|0x0000000080000000, 0x0000000080100000, 0x0000000080100000|100%| O|  |TAMS 0x0000000080100000, 0x0000000080000000| Untracked 
|   1|0x0000000080100000, 0x0000000080200000, 0x0000000080200000|100%| O|  |TAMS 0x0000000080200000, 0x0000000080100000| Untracked 
|   2|0x0000000080200000, 0x0000000080300000, 0x0000000080300000|100%| O|  |TAMS 0x0000000080300000, 0x0000000080200000| Untracked 
|   3|0x0000000080300000, 0x0000000080400000, 0x0000000080400000|100%|HS|  |TAMS 0x0000000080400000, 0x0000000080300000| Complete 
|   4|0x0000000080400000, 0x0000000080500000, 0x0000000080500000|100%|HC|  |TAMS 0x0000000080500000, 0x0000000080400000| Complete 
|   5|0x0000000080500000, 0x0000000080600000, 0x0000000080600000|100%|HC|  |TAMS 0x0000000080600000, 0x0000000080500000| Complete 
|   6|0x0000000080600000, 0x0000000080700000, 0x0000000080700000|100%| O|  |TAMS 0x0000000080700000, 0x0000000080600000| Untracked 
|   7|0x0000000080700000, 0x0000000080800000, 0x0000000080800000|100%| O|  |TAMS 0x0000000080800000, 0x0000000080700000| Untracked 
|   8|0x0000000080800000, 0x0000000080900000, 0x0000000080900000|100%| O|  |TAMS 0x0000000080900000, 0x0000000080800000| Untracked 
|   9|0x0000000080900000, 0x0000000080a00000, 0x0000000080a00000|100%| O|  |TAMS 0x0000000080a00000, 0x0000000080900000| Untracked 
|  10|0x0000000080a00000, 0x0000000080b00000, 0x0000000080b00000|100%| O|  |TAMS 0x0000000080b00000, 0x0000000080a00000| Untracked 
|  11|0x0000000080b00000, 0x0000000080c00000, 0x0000000080c00000|100%| O|  |TAMS 0x0000000080c00000, 0x0000000080b00000| Untracked 
|  12|0x0000000080c00000, 0x0000000080d00000, 0x0000000080d00000|100%| O|  |TAMS 0x0000000080d00000, 0x0000000080c00000| Complete 
|  13|0x0000000080d00000, 0x0000000080e00000, 0x0000000080e00000|100%| O|  |TAMS 0x0000000080e00000, 0x0000000080d00000| Untracked 
|  14|0x0000000080e00000, 0x0000000080f00000, 0x0000000080f00000|100%| O|  |TAMS 0x0000000080f00000, 0x0000000080e00000| Untracked 
|  15|0x0000000080f00000, 0x0000000081000000, 0x0000000081000000|100%|HS|  |TAMS 0x0000000081000000, 0x0000000080f00000| Complete 
|  16|0x0000000081000000, 0x0000000081100000, 0x0000000081100000|100%| O|  |TAMS 0x0000000081100000, 0x0000000081000000| Untracked 
|  17|0x0000000081100000, 0x0000000081200000, 0x0000000081200000|100%| O|  |TAMS 0x0000000081200000, 0x0000000081100000| Untracked 
|  18|0x0000000081200000, 0x0000000081300000, 0x0000000081300000|100%| O|  |TAMS 0x0000000081300000, 0x0000000081200000| Untracked 
|  19|0x0000000081300000, 0x0000000081400000, 0x0000000081400000|100%| O|  |TAMS 0x0000000081400000, 0x0000000081300000| Untracked 
|  20|0x0000000081400000, 0x0000000081500000, 0x0000000081500000|100%| O|  |TAMS 0x0000000081500000, 0x0000000081400000| Untracked 
|  21|0x0000000081500000, 0x0000000081600000, 0x0000000081600000|100%| O|  |TAMS 0x0000000081600000, 0x0000000081500000| Untracked 
|  22|0x0000000081600000, 0x0000000081700000, 0x0000000081700000|100%| O|  |TAMS 0x0000000081700000, 0x0000000081600000| Untracked 
|  23|0x0000000081700000, 0x0000000081800000, 0x0000000081800000|100%| O|  |TAMS 0x0000000081800000, 0x0000000081700000| Untracked 
|  24|0x0000000081800000, 0x0000000081900000, 0x0000000081900000|100%| O|  |TAMS 0x0000000081900000, 0x0000000081800000| Untracked 
|  25|0x0000000081900000, 0x0000000081a00000, 0x0000000081a00000|100%| O|  |TAMS 0x0000000081a00000, 0x0000000081900000| Untracked 
|  26|0x0000000081a00000, 0x0000000081b00000, 0x0000000081b00000|100%| O|  |TAMS 0x0000000081b00000, 0x0000000081a00000| Untracked 
|  27|0x0000000081b00000, 0x0000000081c00000, 0x0000000081c00000|100%| O|  |TAMS 0x0000000081c00000, 0x0000000081b00000| Complete 
|  28|0x0000000081c00000, 0x0000000081d00000, 0x0000000081d00000|100%|HS|  |TAMS 0x0000000081d00000, 0x0000000081c00000| Complete 
|  29|0x0000000081d00000, 0x0000000081e00000, 0x0000000081e00000|100%|HC|  |TAMS 0x0000000081e00000, 0x0000000081d00000| Complete 
|  30|0x0000000081e00000, 0x0000000081f00000, 0x0000000081f00000|100%|HS|  |TAMS 0x0000000081f00000, 0x0000000081e00000| Complete 
|  31|0x0000000081f00000, 0x0000000082000000, 0x0000000082000000|100%|HC|  |TAMS 0x0000000082000000, 0x0000000081f00000| Complete 
|  32|0x0000000082000000, 0x0000000082100000, 0x0000000082100000|100%|HC|  |TAMS 0x0000000082100000, 0x0000000082000000| Complete 
|  33|0x0000000082100000, 0x0000000082200000, 0x0000000082200000|100%|HC|  |TAMS 0x0000000082200000, 0x0000000082100000| Complete 
|  34|0x0000000082200000, 0x0000000082300000, 0x0000000082300000|100%|HS|  |TAMS 0x0000000082300000, 0x0000000082200000| Complete 
|  35|0x0000000082300000, 0x0000000082400000, 0x0000000082400000|100%|HS|  |TAMS 0x0000000082400000, 0x0000000082300000| Complete 
|  36|0x0000000082400000, 0x0000000082500000, 0x0000000082500000|100%|HC|  |TAMS 0x0000000082500000, 0x0000000082400000| Complete 
|  37|0x0000000082500000, 0x0000000082600000, 0x0000000082600000|100%| O|  |TAMS 0x0000000082600000, 0x0000000082500000| Untracked 
|  38|0x0000000082600000, 0x0000000082700000, 0x0000000082700000|100%| O|  |TAMS 0x0000000082700000, 0x0000000082600000| Untracked 
|  39|0x0000000082700000, 0x0000000082800000, 0x0000000082800000|100%| O|  |TAMS 0x0000000082800000, 0x0000000082700000| Untracked 
|  40|0x0000000082800000, 0x0000000082900000, 0x0000000082900000|100%| O|  |TAMS 0x0000000082900000, 0x0000000082800000| Untracked 
|  41|0x0000000082900000, 0x0000000082a00000, 0x0000000082a00000|100%| O|  |TAMS 0x0000000082a00000, 0x0000000082900000| Untracked 
|  42|0x0000000082a00000, 0x0000000082b00000, 0x0000000082b00000|100%| O|  |TAMS 0x0000000082b00000, 0x0000000082a00000| Complete 
|  43|0x0000000082b00000, 0x0000000082c00000, 0x0000000082c00000|100%| O|  |TAMS 0x0000000082c00000, 0x0000000082b00000| Untracked 
|  44|0x0000000082c00000, 0x0000000082d00000, 0x0000000082d00000|100%| O|  |TAMS 0x0000000082d00000, 0x0000000082c00000| Untracked 
|  45|0x0000000082d00000, 0x0000000082e00000, 0x0000000082e00000|100%| O|  |TAMS 0x0000000082e00000, 0x0000000082d00000| Complete 
|  46|0x0000000082e00000, 0x0000000082f00000, 0x0000000082f00000|100%| O|  |TAMS 0x0000000082f00000, 0x0000000082e00000| Untracked 
|  47|0x0000000082f00000, 0x0000000083000000, 0x0000000083000000|100%| O|  |TAMS 0x0000000083000000, 0x0000000082f00000| Untracked 
|  48|0x0000000083000000, 0x0000000083100000, 0x0000000083100000|100%| O|  |TAMS 0x0000000083100000, 0x0000000083000000| Untracked 
|  49|0x0000000083100000, 0x0000000083200000, 0x0000000083200000|100%| O|  |TAMS 0x0000000083200000, 0x0000000083100000| Untracked 
|  50|0x0000000083200000, 0x0000000083300000, 0x0000000083300000|100%| O|  |TAMS 0x0000000083300000, 0x0000000083200000| Untracked 
|  51|0x0000000083300000, 0x0000000083400000, 0x0000000083400000|100%| O|  |TAMS 0x0000000083400000, 0x0000000083300000| Untracked 
|  52|0x0000000083400000, 0x0000000083500000, 0x0000000083500000|100%| O|  |TAMS 0x0000000083500000, 0x0000000083400000| Untracked 
|  53|0x0000000083500000, 0x0000000083600000, 0x0000000083600000|100%| O|  |TAMS 0x0000000083600000, 0x0000000083500000| Complete 
|  54|0x0000000083600000, 0x0000000083700000, 0x0000000083700000|100%| O|  |TAMS 0x0000000083700000, 0x0000000083600000| Untracked 
|  55|0x0000000083700000, 0x0000000083800000, 0x0000000083800000|100%| O|  |TAMS 0x0000000083800000, 0x0000000083700000| Untracked 
|  56|0x0000000083800000, 0x0000000083900000, 0x0000000083900000|100%| O|  |TAMS 0x0000000083900000, 0x0000000083800000| Complete 
|  57|0x0000000083900000, 0x0000000083a00000, 0x0000000083a00000|100%| O|  |TAMS 0x0000000083a00000, 0x0000000083900000| Complete 
|  58|0x0000000083a00000, 0x0000000083b00000, 0x0000000083b00000|100%| O|  |TAMS 0x0000000083b00000, 0x0000000083a00000| Untracked 
|  59|0x0000000083b00000, 0x0000000083c00000, 0x0000000083c00000|100%| O|  |TAMS 0x0000000083c00000, 0x0000000083b00000| Untracked 
|  60|0x0000000083c00000, 0x0000000083d00000, 0x0000000083d00000|100%| O|  |TAMS 0x0000000083d00000, 0x0000000083c00000| Untracked 
|  61|0x0000000083d00000, 0x0000000083e00000, 0x0000000083e00000|100%| O|  |TAMS 0x0000000083e00000, 0x0000000083d00000| Untracked 
|  62|0x0000000083e00000, 0x0000000083f00000, 0x0000000083f00000|100%| O|  |TAMS 0x0000000083f00000, 0x0000000083e00000| Complete 
|  63|0x0000000083f00000, 0x0000000084000000, 0x0000000084000000|100%| O|  |TAMS 0x0000000084000000, 0x0000000083f00000| Untracked 
|  64|0x0000000084000000, 0x0000000084100000, 0x0000000084100000|100%| O|  |TAMS 0x0000000084100000, 0x0000000084000000| Complete 
|  65|0x0000000084100000, 0x0000000084200000, 0x0000000084200000|100%| O|  |TAMS 0x0000000084200000, 0x0000000084100000| Untracked 
|  66|0x0000000084200000, 0x0000000084300000, 0x0000000084300000|100%| O|  |TAMS 0x0000000084300000, 0x0000000084200000| Untracked 
|  67|0x0000000084300000, 0x0000000084400000, 0x0000000084400000|100%| O|  |TAMS 0x0000000084400000, 0x0000000084300000| Complete 
|  68|0x0000000084400000, 0x0000000084500000, 0x0000000084500000|100%| O|  |TAMS 0x0000000084500000, 0x0000000084400000| Untracked 
|  69|0x0000000084500000, 0x0000000084600000, 0x0000000084600000|100%| O|  |TAMS 0x0000000084600000, 0x0000000084500000| Complete 
|  70|0x0000000084600000, 0x0000000084700000, 0x0000000084700000|100%| O|  |TAMS 0x0000000084700000, 0x0000000084600000| Untracked 
|  71|0x0000000084700000, 0x0000000084800000, 0x0000000084800000|100%| O|  |TAMS 0x0000000084800000, 0x0000000084700000| Untracked 
|  72|0x0000000084800000, 0x0000000084900000, 0x0000000084900000|100%| O|  |TAMS 0x0000000084900000, 0x0000000084800000| Untracked 
|  73|0x0000000084900000, 0x0000000084a00000, 0x0000000084a00000|100%| O|  |TAMS 0x0000000084a00000, 0x0000000084900000| Complete 
|  74|0x0000000084a00000, 0x0000000084b00000, 0x0000000084b00000|100%| O|  |TAMS 0x0000000084b00000, 0x0000000084a00000| Complete 
|  75|0x0000000084b00000, 0x0000000084c00000, 0x0000000084c00000|100%| O|  |TAMS 0x0000000084c00000, 0x0000000084b00000| Untracked 
|  76|0x0000000084c00000, 0x0000000084d00000, 0x0000000084d00000|100%| O|  |TAMS 0x0000000084d00000, 0x0000000084c00000| Complete 
|  77|0x0000000084d00000, 0x0000000084e00000, 0x0000000084e00000|100%| O|  |TAMS 0x0000000084e00000, 0x0000000084d00000| Untracked 
|  78|0x0000000084e00000, 0x0000000084f00000, 0x0000000084f00000|100%| O|  |TAMS 0x0000000084f00000, 0x0000000084e00000| Untracked 
|  79|0x0000000084f00000, 0x0000000085000000, 0x0000000085000000|100%| O|  |TAMS 0x0000000085000000, 0x0000000084f00000| Complete 
|  80|0x0000000085000000, 0x0000000085100000, 0x0000000085100000|100%| O|  |TAMS 0x0000000085100000, 0x0000000085000000| Complete 
|  81|0x0000000085100000, 0x0000000085200000, 0x0000000085200000|100%| O|  |TAMS 0x0000000085200000, 0x0000000085100000| Untracked 
|  82|0x0000000085200000, 0x0000000085300000, 0x0000000085300000|100%| O|  |TAMS 0x0000000085300000, 0x0000000085200000| Untracked 
|  83|0x0000000085300000, 0x0000000085400000, 0x0000000085400000|100%| O|  |TAMS 0x0000000085400000, 0x0000000085300000| Untracked 
|  84|0x0000000085400000, 0x0000000085500000, 0x0000000085500000|100%| O|  |TAMS 0x0000000085500000, 0x0000000085400000| Untracked 
|  85|0x0000000085500000, 0x0000000085600000, 0x0000000085600000|100%| O|  |TAMS 0x0000000085600000, 0x0000000085500000| Untracked 
|  86|0x0000000085600000, 0x0000000085700000, 0x0000000085700000|100%| O|  |TAMS 0x0000000085700000, 0x0000000085600000| Complete 
|  87|0x0000000085700000, 0x0000000085800000, 0x0000000085800000|100%| O|  |TAMS 0x0000000085800000, 0x0000000085700000| Untracked 
|  88|0x0000000085800000, 0x0000000085900000, 0x0000000085900000|100%| O|  |TAMS 0x0000000085900000, 0x0000000085800000| Untracked 
|  89|0x0000000085900000, 0x0000000085a00000, 0x0000000085a00000|100%| O|  |TAMS 0x0000000085a00000, 0x0000000085900000| Untracked 
|  90|0x0000000085a00000, 0x0000000085b00000, 0x0000000085b00000|100%| O|  |TAMS 0x0000000085b00000, 0x0000000085a00000| Untracked 
|  91|0x0000000085b00000, 0x0000000085c00000, 0x0000000085c00000|100%| O|  |TAMS 0x0000000085c00000, 0x0000000085b00000| Untracked 
|  92|0x0000000085c00000, 0x0000000085d00000, 0x0000000085d00000|100%| O|  |TAMS 0x0000000085d00000, 0x0000000085c00000| Untracked 
|  93|0x0000000085d00000, 0x0000000085e00000, 0x0000000085e00000|100%| O|  |TAMS 0x0000000085e00000, 0x0000000085d00000| Complete 
|  94|0x0000000085e00000, 0x0000000085f00000, 0x0000000085f00000|100%| O|  |TAMS 0x0000000085f00000, 0x0000000085e00000| Complete 
|  95|0x0000000085f00000, 0x0000000086000000, 0x0000000086000000|100%| O|  |TAMS 0x0000000086000000, 0x0000000085f00000| Complete 
|  96|0x0000000086000000, 0x0000000086100000, 0x0000000086100000|100%| O|  |TAMS 0x0000000086100000, 0x0000000086000000| Complete 
|  97|0x0000000086100000, 0x0000000086200000, 0x0000000086200000|100%| O|  |TAMS 0x0000000086200000, 0x0000000086100000| Untracked 
|  98|0x0000000086200000, 0x0000000086300000, 0x0000000086300000|100%| O|  |TAMS 0x0000000086300000, 0x0000000086200000| Complete 
|  99|0x0000000086300000, 0x0000000086400000, 0x0000000086400000|100%| O|  |TAMS 0x0000000086400000, 0x0000000086300000| Complete 
| 100|0x0000000086400000, 0x0000000086500000, 0x0000000086500000|100%| O|  |TAMS 0x0000000086500000, 0x0000000086400000| Complete 
| 101|0x0000000086500000, 0x0000000086600000, 0x0000000086600000|100%| O|  |TAMS 0x0000000086600000, 0x0000000086500000| Complete 
| 102|0x0000000086600000, 0x0000000086700000, 0x0000000086700000|100%| O|  |TAMS 0x0000000086700000, 0x0000000086600000| Untracked 
| 103|0x0000000086700000, 0x0000000086800000, 0x0000000086800000|100%| O|  |TAMS 0x0000000086800000, 0x0000000086700000| Complete 
| 104|0x0000000086800000, 0x0000000086900000, 0x0000000086900000|100%| O|  |TAMS 0x0000000086900000, 0x0000000086800000| Complete 
| 105|0x0000000086900000, 0x0000000086a00000, 0x0000000086a00000|100%| O|  |TAMS 0x0000000086a00000, 0x0000000086900000| Complete 
| 106|0x0000000086a00000, 0x0000000086b00000, 0x0000000086b00000|100%| O|  |TAMS 0x0000000086b00000, 0x0000000086a00000| Complete 
| 107|0x0000000086b00000, 0x0000000086c00000, 0x0000000086c00000|100%| O|  |TAMS 0x0000000086c00000, 0x0000000086b00000| Complete 
| 108|0x0000000086c00000, 0x0000000086d00000, 0x0000000086d00000|100%| O|  |TAMS 0x0000000086d00000, 0x0000000086c00000| Complete 
| 109|0x0000000086d00000, 0x0000000086e00000, 0x0000000086e00000|100%| O|  |TAMS 0x0000000086e00000, 0x0000000086d00000| Complete 
| 110|0x0000000086e00000, 0x0000000086f00000, 0x0000000086f00000|100%| O|  |TAMS 0x0000000086f00000, 0x0000000086e00000| Complete 
| 111|0x0000000086f00000, 0x0000000087000000, 0x0000000087000000|100%| O|  |TAMS 0x0000000087000000, 0x0000000086f00000| Complete 
| 112|0x0000000087000000, 0x00000000870c8c00, 0x0000000087100000| 78%| O|  |TAMS 0x00000000870c8c00, 0x0000000087000000| Untracked 
| 113|0x0000000087100000, 0x0000000087200000, 0x0000000087200000|100%|HS|  |TAMS 0x0000000087100000, 0x0000000087100000| Complete 
| 114|0x0000000087200000, 0x0000000087300000, 0x0000000087300000|100%|HS|  |TAMS 0x0000000087200000, 0x0000000087200000| Complete 
| 115|0x0000000087300000, 0x0000000087400000, 0x0000000087400000|100%|HS|  |TAMS 0x0000000087300000, 0x0000000087300000| Complete 
| 116|0x0000000087400000, 0x0000000087500000, 0x0000000087500000|100%|HS|  |TAMS 0x0000000087400000, 0x0000000087400000| Complete 
| 117|0x0000000087500000, 0x0000000087600000, 0x0000000087600000|100%|HS|  |TAMS 0x0000000087500000, 0x0000000087500000| Complete 
| 118|0x0000000087600000, 0x0000000087700000, 0x0000000087700000|100%|HS|  |TAMS 0x0000000087600000, 0x0000000087600000| Complete 
| 119|0x0000000087700000, 0x0000000087800000, 0x0000000087800000|100%|HS|  |TAMS 0x0000000087700000, 0x0000000087700000| Complete 
| 120|0x0000000087800000, 0x0000000087800000, 0x0000000087900000|  0%| F|  |TAMS 0x0000000087800000, 0x0000000087800000| Untracked 
| 121|0x0000000087900000, 0x0000000087900000, 0x0000000087a00000|  0%| F|  |TAMS 0x0000000087900000, 0x0000000087900000| Untracked 
| 122|0x0000000087a00000, 0x0000000087a00000, 0x0000000087b00000|  0%| F|  |TAMS 0x0000000087a00000, 0x0000000087a00000| Untracked 
| 123|0x0000000087b00000, 0x0000000087b00000, 0x0000000087c00000|  0%| F|  |TAMS 0x0000000087b00000, 0x0000000087b00000| Untracked 
| 124|0x0000000087c00000, 0x0000000087c00000, 0x0000000087d00000|  0%| F|  |TAMS 0x0000000087c00000, 0x0000000087c00000| Untracked 
| 125|0x0000000087d00000, 0x0000000087d00000, 0x0000000087e00000|  0%| F|  |TAMS 0x0000000087d00000, 0x0000000087d00000| Untracked 
| 126|0x0000000087e00000, 0x0000000087e00000, 0x0000000087f00000|  0%| F|  |TAMS 0x0000000087e00000, 0x0000000087e00000| Untracked 
| 127|0x0000000087f00000, 0x0000000087f00000, 0x0000000088000000|  0%| F|  |TAMS 0x0000000087f00000, 0x0000000087f00000| Untracked 
| 128|0x0000000088000000, 0x0000000088000000, 0x0000000088100000|  0%| F|  |TAMS 0x0000000088000000, 0x0000000088000000| Untracked 
| 129|0x0000000088100000, 0x0000000088100000, 0x0000000088200000|  0%| F|  |TAMS 0x0000000088100000, 0x0000000088100000| Untracked 
| 130|0x0000000088200000, 0x0000000088200000, 0x0000000088300000|  0%| F|  |TAMS 0x0000000088200000, 0x0000000088200000| Untracked 
| 131|0x0000000088300000, 0x0000000088300000, 0x0000000088400000|  0%| F|  |TAMS 0x0000000088300000, 0x0000000088300000| Untracked 
| 132|0x0000000088400000, 0x0000000088400000, 0x0000000088500000|  0%| F|  |TAMS 0x0000000088400000, 0x0000000088400000| Untracked 
| 133|0x0000000088500000, 0x0000000088500000, 0x0000000088600000|  0%| F|  |TAMS 0x0000000088500000, 0x0000000088500000| Untracked 
| 134|0x0000000088600000, 0x0000000088600000, 0x0000000088700000|  0%| F|  |TAMS 0x0000000088600000, 0x0000000088600000| Untracked 
| 135|0x0000000088700000, 0x0000000088700000, 0x0000000088800000|  0%| F|  |TAMS 0x0000000088700000, 0x0000000088700000| Untracked 
| 136|0x0000000088800000, 0x0000000088800000, 0x0000000088900000|  0%| F|  |TAMS 0x0000000088800000, 0x0000000088800000| Untracked 
| 137|0x0000000088900000, 0x0000000088900000, 0x0000000088a00000|  0%| F|  |TAMS 0x0000000088900000, 0x0000000088900000| Untracked 
| 138|0x0000000088a00000, 0x0000000088a00000, 0x0000000088b00000|  0%| F|  |TAMS 0x0000000088a00000, 0x0000000088a00000| Untracked 
| 139|0x0000000088b00000, 0x0000000088b00000, 0x0000000088c00000|  0%| F|  |TAMS 0x0000000088b00000, 0x0000000088b00000| Untracked 
| 140|0x0000000088c00000, 0x0000000088c00000, 0x0000000088d00000|  0%| F|  |TAMS 0x0000000088c00000, 0x0000000088c00000| Untracked 
| 141|0x0000000088d00000, 0x0000000088d00000, 0x0000000088e00000|  0%| F|  |TAMS 0x0000000088d00000, 0x0000000088d00000| Untracked 
| 142|0x0000000088e00000, 0x0000000088e00000, 0x0000000088f00000|  0%| F|  |TAMS 0x0000000088e00000, 0x0000000088e00000| Untracked 
| 143|0x0000000088f00000, 0x0000000088f00000, 0x0000000089000000|  0%| F|  |TAMS 0x0000000088f00000, 0x0000000088f00000| Untracked 
| 144|0x0000000089000000, 0x0000000089000000, 0x0000000089100000|  0%| F|  |TAMS 0x0000000089000000, 0x0000000089000000| Untracked 
| 145|0x0000000089100000, 0x0000000089100000, 0x0000000089200000|  0%| F|  |TAMS 0x0000000089100000, 0x0000000089100000| Untracked 
| 146|0x0000000089200000, 0x0000000089200000, 0x0000000089300000|  0%| F|  |TAMS 0x0000000089200000, 0x0000000089200000| Untracked 
| 147|0x0000000089300000, 0x0000000089300000, 0x0000000089400000|  0%| F|  |TAMS 0x0000000089300000, 0x0000000089300000| Untracked 
| 148|0x0000000089400000, 0x0000000089400000, 0x0000000089500000|  0%| F|  |TAMS 0x0000000089400000, 0x0000000089400000| Untracked 
| 149|0x0000000089500000, 0x0000000089500000, 0x0000000089600000|  0%| F|  |TAMS 0x0000000089500000, 0x0000000089500000| Untracked 
| 150|0x0000000089600000, 0x0000000089600000, 0x0000000089700000|  0%| F|  |TAMS 0x0000000089600000, 0x0000000089600000| Untracked 
| 151|0x0000000089700000, 0x0000000089700000, 0x0000000089800000|  0%| F|  |TAMS 0x0000000089700000, 0x0000000089700000| Untracked 
| 152|0x0000000089800000, 0x0000000089800000, 0x0000000089900000|  0%| F|  |TAMS 0x0000000089800000, 0x0000000089800000| Untracked 
| 153|0x0000000089900000, 0x0000000089900000, 0x0000000089a00000|  0%| F|  |TAMS 0x0000000089900000, 0x0000000089900000| Untracked 
| 154|0x0000000089a00000, 0x0000000089a00000, 0x0000000089b00000|  0%| F|  |TAMS 0x0000000089a00000, 0x0000000089a00000| Untracked 
| 155|0x0000000089b00000, 0x0000000089b00000, 0x0000000089c00000|  0%| F|  |TAMS 0x0000000089b00000, 0x0000000089b00000| Untracked 
| 156|0x0000000089c00000, 0x0000000089c00000, 0x0000000089d00000|  0%| F|  |TAMS 0x0000000089c00000, 0x0000000089c00000| Untracked 
| 157|0x0000000089d00000, 0x0000000089d00000, 0x0000000089e00000|  0%| F|  |TAMS 0x0000000089d00000, 0x0000000089d00000| Untracked 
| 158|0x0000000089e00000, 0x0000000089e00000, 0x0000000089f00000|  0%| F|  |TAMS 0x0000000089e00000, 0x0000000089e00000| Untracked 
| 159|0x0000000089f00000, 0x0000000089f00000, 0x000000008a000000|  0%| F|  |TAMS 0x0000000089f00000, 0x0000000089f00000| Untracked 
| 160|0x000000008a000000, 0x000000008a0daa30, 0x000000008a100000| 85%| E|  |TAMS 0x000000008a000000, 0x000000008a000000| Complete 
| 161|0x000000008a100000, 0x000000008a200000, 0x000000008a200000|100%| E|CS|TAMS 0x000000008a100000, 0x000000008a100000| Complete 
| 162|0x000000008a200000, 0x000000008a300000, 0x000000008a300000|100%| E|CS|TAMS 0x000000008a200000, 0x000000008a200000| Complete 
| 163|0x000000008a300000, 0x000000008a400000, 0x000000008a400000|100%| E|CS|TAMS 0x000000008a300000, 0x000000008a300000| Complete 
| 164|0x000000008a400000, 0x000000008a500000, 0x000000008a500000|100%| E|CS|TAMS 0x000000008a400000, 0x000000008a400000| Complete 
| 165|0x000000008a500000, 0x000000008a600000, 0x000000008a600000|100%| E|CS|TAMS 0x000000008a500000, 0x000000008a500000| Complete 
| 166|0x000000008a600000, 0x000000008a700000, 0x000000008a700000|100%| E|CS|TAMS 0x000000008a600000, 0x000000008a600000| Complete 
| 167|0x000000008a700000, 0x000000008a800000, 0x000000008a800000|100%| E|CS|TAMS 0x000000008a700000, 0x000000008a700000| Complete 
| 168|0x000000008a800000, 0x000000008a900000, 0x000000008a900000|100%| E|CS|TAMS 0x000000008a800000, 0x000000008a800000| Complete 
| 169|0x000000008a900000, 0x000000008aa00000, 0x000000008aa00000|100%| E|CS|TAMS 0x000000008a900000, 0x000000008a900000| Complete 
| 170|0x000000008aa00000, 0x000000008ab00000, 0x000000008ab00000|100%| E|CS|TAMS 0x000000008aa00000, 0x000000008aa00000| Complete 
| 171|0x000000008ab00000, 0x000000008ac00000, 0x000000008ac00000|100%| E|CS|TAMS 0x000000008ab00000, 0x000000008ab00000| Complete 
| 172|0x000000008ac00000, 0x000000008ad00000, 0x000000008ad00000|100%| E|CS|TAMS 0x000000008ac00000, 0x000000008ac00000| Complete 
| 173|0x000000008ad00000, 0x000000008ae00000, 0x000000008ae00000|100%| E|CS|TAMS 0x000000008ad00000, 0x000000008ad00000| Complete 
| 174|0x000000008ae00000, 0x000000008af00000, 0x000000008af00000|100%| E|CS|TAMS 0x000000008ae00000, 0x000000008ae00000| Complete 
| 175|0x000000008af00000, 0x000000008b000000, 0x000000008b000000|100%| E|CS|TAMS 0x000000008af00000, 0x000000008af00000| Complete 
| 176|0x000000008b000000, 0x000000008b100000, 0x000000008b100000|100%| E|  |TAMS 0x000000008b000000, 0x000000008b000000| Complete 
| 177|0x000000008b100000, 0x000000008b200000, 0x000000008b200000|100%| E|CS|TAMS 0x000000008b100000, 0x000000008b100000| Complete 
| 178|0x000000008b200000, 0x000000008b300000, 0x000000008b300000|100%| E|CS|TAMS 0x000000008b200000, 0x000000008b200000| Complete 
| 179|0x000000008b300000, 0x000000008b400000, 0x000000008b400000|100%| E|CS|TAMS 0x000000008b300000, 0x000000008b300000| Complete 
| 180|0x000000008b400000, 0x000000008b500000, 0x000000008b500000|100%| E|CS|TAMS 0x000000008b400000, 0x000000008b400000| Complete 
| 181|0x000000008b500000, 0x000000008b600000, 0x000000008b600000|100%| E|CS|TAMS 0x000000008b500000, 0x000000008b500000| Complete 
| 182|0x000000008b600000, 0x000000008b700000, 0x000000008b700000|100%| E|CS|TAMS 0x000000008b600000, 0x000000008b600000| Complete 
| 183|0x000000008b700000, 0x000000008b800000, 0x000000008b800000|100%| E|CS|TAMS 0x000000008b700000, 0x000000008b700000| Complete 
| 184|0x000000008b800000, 0x000000008b900000, 0x000000008b900000|100%| E|CS|TAMS 0x000000008b800000, 0x000000008b800000| Complete 
| 185|0x000000008b900000, 0x000000008ba00000, 0x000000008ba00000|100%| E|CS|TAMS 0x000000008b900000, 0x000000008b900000| Complete 
| 186|0x000000008ba00000, 0x000000008bb00000, 0x000000008bb00000|100%| E|CS|TAMS 0x000000008ba00000, 0x000000008ba00000| Complete 
| 187|0x000000008bb00000, 0x000000008bc00000, 0x000000008bc00000|100%| E|CS|TAMS 0x000000008bb00000, 0x000000008bb00000| Complete 
| 188|0x000000008bc00000, 0x000000008bd00000, 0x000000008bd00000|100%| E|CS|TAMS 0x000000008bc00000, 0x000000008bc00000| Complete 
| 189|0x000000008bd00000, 0x000000008be00000, 0x000000008be00000|100%| E|CS|TAMS 0x000000008bd00000, 0x000000008bd00000| Complete 
| 190|0x000000008be00000, 0x000000008bf00000, 0x000000008bf00000|100%| E|CS|TAMS 0x000000008be00000, 0x000000008be00000| Complete 
| 191|0x000000008bf00000, 0x000000008c000000, 0x000000008c000000|100%| E|CS|TAMS 0x000000008bf00000, 0x000000008bf00000| Complete 
| 192|0x000000008c000000, 0x000000008c100000, 0x000000008c100000|100%| E|CS|TAMS 0x000000008c000000, 0x000000008c000000| Complete 
| 193|0x000000008c100000, 0x000000008c200000, 0x000000008c200000|100%| E|CS|TAMS 0x000000008c100000, 0x000000008c100000| Complete 
| 194|0x000000008c200000, 0x000000008c249628, 0x000000008c300000| 28%| S|CS|TAMS 0x000000008c200000, 0x000000008c200000| Complete 
| 195|0x000000008c300000, 0x000000008c400000, 0x000000008c400000|100%| S|CS|TAMS 0x000000008c300000, 0x000000008c300000| Complete 
| 196|0x000000008c400000, 0x000000008c500000, 0x000000008c500000|100%| S|CS|TAMS 0x000000008c400000, 0x000000008c400000| Complete 
| 197|0x000000008c500000, 0x000000008c600000, 0x000000008c600000|100%| S|CS|TAMS 0x000000008c500000, 0x000000008c500000| Complete 
| 198|0x000000008c600000, 0x000000008c700000, 0x000000008c700000|100%| E|CS|TAMS 0x000000008c600000, 0x000000008c600000| Complete 
| 199|0x000000008c700000, 0x000000008c800000, 0x000000008c800000|100%| E|CS|TAMS 0x000000008c700000, 0x000000008c700000| Complete 
| 200|0x000000008c800000, 0x000000008c900000, 0x000000008c900000|100%| E|CS|TAMS 0x000000008c800000, 0x000000008c800000| Complete 
| 201|0x000000008c900000, 0x000000008ca00000, 0x000000008ca00000|100%| E|CS|TAMS 0x000000008c900000, 0x000000008c900000| Complete 
| 202|0x000000008ca00000, 0x000000008cb00000, 0x000000008cb00000|100%| E|CS|TAMS 0x000000008ca00000, 0x000000008ca00000| Complete 
| 203|0x000000008cb00000, 0x000000008cc00000, 0x000000008cc00000|100%| E|CS|TAMS 0x000000008cb00000, 0x000000008cb00000| Complete 
| 204|0x000000008cc00000, 0x000000008cd00000, 0x000000008cd00000|100%| E|CS|TAMS 0x000000008cc00000, 0x000000008cc00000| Complete 
| 205|0x000000008cd00000, 0x000000008ce00000, 0x000000008ce00000|100%| E|CS|TAMS 0x000000008cd00000, 0x000000008cd00000| Complete 
| 206|0x000000008ce00000, 0x000000008cf00000, 0x000000008cf00000|100%| E|CS|TAMS 0x000000008ce00000, 0x000000008ce00000| Complete 
| 207|0x000000008cf00000, 0x000000008d000000, 0x000000008d000000|100%| E|CS|TAMS 0x000000008cf00000, 0x000000008cf00000| Complete 
| 208|0x000000008d000000, 0x000000008d100000, 0x000000008d100000|100%| E|CS|TAMS 0x000000008d000000, 0x000000008d000000| Complete 
| 209|0x000000008d100000, 0x000000008d200000, 0x000000008d200000|100%| E|CS|TAMS 0x000000008d100000, 0x000000008d100000| Complete 
| 210|0x000000008d200000, 0x000000008d300000, 0x000000008d300000|100%| E|CS|TAMS 0x000000008d200000, 0x000000008d200000| Complete 
| 211|0x000000008d300000, 0x000000008d400000, 0x000000008d400000|100%| E|CS|TAMS 0x000000008d300000, 0x000000008d300000| Complete 
| 212|0x000000008d400000, 0x000000008d500000, 0x000000008d500000|100%| E|CS|TAMS 0x000000008d400000, 0x000000008d400000| Complete 
| 213|0x000000008d500000, 0x000000008d600000, 0x000000008d600000|100%| E|CS|TAMS 0x000000008d500000, 0x000000008d500000| Complete 
| 214|0x000000008d600000, 0x000000008d700000, 0x000000008d700000|100%| E|CS|TAMS 0x000000008d600000, 0x000000008d600000| Complete 
| 215|0x000000008d700000, 0x000000008d800000, 0x000000008d800000|100%| E|CS|TAMS 0x000000008d700000, 0x000000008d700000| Complete 
| 216|0x000000008d800000, 0x000000008d900000, 0x000000008d900000|100%| E|CS|TAMS 0x000000008d800000, 0x000000008d800000| Complete 
| 217|0x000000008d900000, 0x000000008da00000, 0x000000008da00000|100%| E|CS|TAMS 0x000000008d900000, 0x000000008d900000| Complete 
| 218|0x000000008da00000, 0x000000008db00000, 0x000000008db00000|100%| E|CS|TAMS 0x000000008da00000, 0x000000008da00000| Complete 
| 219|0x000000008db00000, 0x000000008dc00000, 0x000000008dc00000|100%| E|CS|TAMS 0x000000008db00000, 0x000000008db00000| Complete 

Card table byte_map: [0x0000021166440000,0x0000021166840000] _byte_map_base: 0x0000021166040000

Marking Bits (Prev, Next): (CMBitMap*) 0x0000021151332d88, (CMBitMap*) 0x0000021151332dc0
 Prev Bits: [0x0000021166c40000, 0x0000021168c40000)
 Next Bits: [0x0000021168c40000, 0x000002116ac40000)

Polling page: 0x00000211513d0000

Metaspace:

Usage:
  Non-class:     96.43 MB capacity,    94.54 MB ( 98%) used,     1.51 MB (  2%) free+waste,   379.75 KB ( <1%) overhead. 
      Class:     15.33 MB capacity,    14.12 MB ( 92%) used,     1.05 MB (  7%) free+waste,   171.00 KB (  1%) overhead. 
       Both:    111.75 MB capacity,   108.66 MB ( 97%) used,     2.56 MB (  2%) free+waste,   550.75 KB ( <1%) overhead. 

Virtual space:
  Non-class space:       98.00 MB reserved,      97.00 MB ( 99%) committed 
      Class space:        1.00 GB reserved,      15.71 MB (  2%) committed 
             Both:        1.10 GB reserved,     112.71 MB ( 10%) committed 

Chunk freelists:
   Non-Class:  396.00 KB
       Class:  367.00 KB
        Both:  763.00 KB

MaxMetaspaceSize: 17179869184.00 GB
CompressedClassSpaceSize: 1.00 GB
Initial GC threshold: 20.80 MB
Current GC threshold: 186.19 MB
CDS: off

CodeHeap 'non-profiled nmethods': size=120000Kb used=9992Kb max_used=9992Kb free=110007Kb
 bounds [0x000002115e0a0000, 0x000002115ea70000, 0x00000211655d0000]
CodeHeap 'profiled nmethods': size=120000Kb used=35400Kb max_used=35400Kb free=84599Kb
 bounds [0x0000021156b70000, 0x0000021158e10000, 0x000002115e0a0000]
CodeHeap 'non-nmethods': size=5760Kb used=2438Kb max_used=2497Kb free=3321Kb
 bounds [0x00000211565d0000, 0x0000021156860000, 0x0000021156b70000]
 total_blobs=16705 nmethods=15745 adapters=871
 compilation: enabled
              stopped_count=0, restarted_count=0
 full_count=0

Compilation events (20 events):
Event: 49.860 Thread 0x000002116e054000 nmethod 16100 0x0000021158de3e10 code [0x0000021158de4000, 0x0000021158de4418]
Event: 49.865 Thread 0x000002116e054000 16101       3       jdk.internal.reflect.ClassFileAssembler::opc_dup (11 bytes)
Event: 49.866 Thread 0x000002116e054000 nmethod 16101 0x0000021158de4590 code [0x0000021158de4760, 0x0000021158de4a68]
Event: 49.868 Thread 0x000002116e054000 16102       3       jdk.internal.reflect.ClassFileAssembler::opc_dup_x1 (11 bytes)
Event: 49.869 Thread 0x000002116e054000 nmethod 16102 0x0000021158de4c10 code [0x0000021158de4de0, 0x0000021158de50e8]
Event: 49.869 Thread 0x000002116e054000 16104       3       jdk.internal.reflect.AccessorGenerator::emitMethod (275 bytes)
Event: 49.876 Thread 0x000002116e054000 nmethod 16104 0x0000021158de5290 code [0x0000021158de5960, 0x0000021158de8b38]
Event: 49.876 Thread 0x000002116e054000 16103       3       jdk.internal.reflect.ClassFileAssembler::opc_swap (7 bytes)
Event: 49.876 Thread 0x000002116e054000 nmethod 16103 0x0000021158dea610 code [0x0000021158dea7e0, 0x0000021158dea9c8]
Event: 49.876 Thread 0x000002116e054000 16105       3       jdk.internal.reflect.ClassFileAssembler::getMaxStack (6 bytes)
Event: 49.877 Thread 0x000002116e054000 nmethod 16105 0x0000021158deab10 code [0x0000021158deacc0, 0x0000021158deadd8]
Event: 49.877 Thread 0x000002116e054000 16106       3       java.security.ProtectionDomain::<init> (99 bytes)
Event: 49.880 Thread 0x000002116e054000 nmethod 16106 0x0000021158deae90 code [0x0000021158deb0c0, 0x0000021158debba8]
Event: 49.906 Thread 0x000002116e054000 16108   !   3       java.io.ObjectInputStream::filterCheck (223 bytes)
Event: 49.910 Thread 0x000002116e054000 nmethod 16108 0x0000021158debe10 code [0x0000021158dec240, 0x0000021158dee508]
Event: 49.910 Thread 0x000002116e054000 16110       3       java.io.ObjectInputStream$BlockDataInputStream::skipBlockData (32 bytes)
Event: 49.911 Thread 0x000002116e054000 nmethod 16110 0x0000021158def110 code [0x0000021158def300, 0x0000021158def5f8]
Event: 49.911 Thread 0x000002116e054000 16112   !   3       java.io.ObjectInputStream$BlockDataInputStream::readBlockHeader (249 bytes)
Event: 49.915 Thread 0x000002116e054000 nmethod 16112 0x0000021158def710 code [0x0000021158defb60, 0x0000021158df18c8]
Event: 49.915 Thread 0x000002116e054000 16113       3       java.io.ObjectInputStream::readClassDesc (123 bytes)

GC Heap History (20 events):
Event: 40.303 GC heap before
{Heap before GC invocations=37 (full 0):
 garbage-first heap   total 155648K, used 128140K [0x0000000080000000, 0x0000000100000000)
  region size 1024K, 39 young (39936K), 3 survivors (3072K)
 Metaspace       used 93689K, capacity 95889K, committed 96344K, reserved 1132544K
  class space    used 12156K, capacity 12958K, committed 13144K, reserved 1048576K
}
Event: 40.316 GC heap after
{Heap after GC invocations=38 (full 0):
 garbage-first heap   total 155648K, used 94033K [0x0000000080000000, 0x0000000100000000)
  region size 1024K, 5 young (5120K), 5 survivors (5120K)
 Metaspace       used 93689K, capacity 95889K, committed 96344K, reserved 1132544K
  class space    used 12156K, capacity 12958K, committed 13144K, reserved 1048576K
}
Event: 41.093 GC heap before
{Heap before GC invocations=39 (full 0):
 garbage-first heap   total 155648K, used 127825K [0x0000000080000000, 0x0000000100000000)
  region size 1024K, 39 young (39936K), 5 survivors (5120K)
 Metaspace       used 94180K, capacity 96439K, committed 96984K, reserved 1132544K
  class space    used 12192K, capacity 13033K, committed 13272K, reserved 1048576K
}
Event: 41.109 GC heap after
{Heap after GC invocations=40 (full 0):
 garbage-first heap   total 187392K, used 96156K [0x0000000080000000, 0x0000000100000000)
  region size 1024K, 3 young (3072K), 3 survivors (3072K)
 Metaspace       used 94180K, capacity 96439K, committed 96984K, reserved 1132544K
  class space    used 12192K, capacity 13033K, committed 13272K, reserved 1048576K
}
Event: 41.884 GC heap before
{Heap before GC invocations=40 (full 0):
 garbage-first heap   total 187392K, used 141212K [0x0000000080000000, 0x0000000100000000)
  region size 1024K, 48 young (49152K), 3 survivors (3072K)
 Metaspace       used 94224K, capacity 96447K, committed 96984K, reserved 1132544K
  class space    used 12195K, capacity 13034K, committed 13272K, reserved 1048576K
}
Event: 41.895 GC heap after
{Heap after GC invocations=41 (full 0):
 garbage-first heap   total 187392K, used 98526K [0x0000000080000000, 0x0000000100000000)
  region size 1024K, 5 young (5120K), 5 survivors (5120K)
 Metaspace       used 94224K, capacity 96447K, committed 96984K, reserved 1132544K
  class space    used 12195K, capacity 13034K, committed 13272K, reserved 1048576K
}
Event: 42.659 GC heap before
{Heap before GC invocations=42 (full 0):
 garbage-first heap   total 187392K, used 114910K [0x0000000080000000, 0x0000000100000000)
  region size 1024K, 23 young (23552K), 5 survivors (5120K)
 Metaspace       used 95163K, capacity 97429K, committed 97752K, reserved 1134592K
  class space    used 12263K, capacity 13125K, committed 13272K, reserved 1048576K
}
Event: 42.673 GC heap after
{Heap after GC invocations=43 (full 0):
 garbage-first heap   total 187392K, used 99300K [0x0000000080000000, 0x0000000100000000)
  region size 1024K, 4 young (4096K), 4 survivors (4096K)
 Metaspace       used 95163K, capacity 97429K, committed 97752K, reserved 1134592K
  class space    used 12263K, capacity 13125K, committed 13272K, reserved 1048576K
}
Event: 43.672 GC heap before
{Heap before GC invocations=44 (full 0):
 garbage-first heap   total 187392K, used 150500K [0x0000000080000000, 0x0000000100000000)
  region size 1024K, 51 young (52224K), 4 survivors (4096K)
 Metaspace       used 99608K, capacity 102166K, committed 102488K, reserved 1138688K
  class space    used 12901K, capacity 13845K, committed 13912K, reserved 1048576K
}
Event: 43.689 GC heap after
{Heap after GC invocations=45 (full 0):
 garbage-first heap   total 187392K, used 106808K [0x0000000080000000, 0x0000000100000000)
  region size 1024K, 7 young (7168K), 7 survivors (7168K)
 Metaspace       used 99608K, capacity 102166K, committed 102488K, reserved 1138688K
  class space    used 12901K, capacity 13845K, committed 13912K, reserved 1048576K
}
Event: 44.252 GC heap before
{Heap before GC invocations=45 (full 0):
 garbage-first heap   total 187392K, used 149816K [0x0000000080000000, 0x0000000100000000)
  region size 1024K, 49 young (50176K), 7 survivors (7168K)
 Metaspace       used 102688K, capacity 105561K, committed 105688K, reserved 1140736K
  class space    used 13395K, capacity 14545K, committed 14552K, reserved 1048576K
}
Event: 44.288 GC heap after
{Heap after GC invocations=46 (full 0):
 garbage-first heap   total 225280K, used 115204K [0x0000000080000000, 0x0000000100000000)
  region size 1024K, 7 young (7168K), 7 survivors (7168K)
 Metaspace       used 102688K, capacity 105561K, committed 105688K, reserved 1140736K
  class space    used 13395K, capacity 14545K, committed 14552K, reserved 1048576K
}
Event: 45.344 GC heap before
{Heap before GC invocations=47 (full 0):
 garbage-first heap   total 225280K, used 167428K [0x0000000080000000, 0x0000000100000000)
  region size 1024K, 59 young (60416K), 7 survivors (7168K)
 Metaspace       used 107016K, capacity 110173K, committed 110424K, reserved 1144832K
  class space    used 14098K, capacity 15344K, committed 15448K, reserved 1048576K
}
Event: 45.363 GC heap after
{Heap after GC invocations=48 (full 0):
 garbage-first heap   total 225280K, used 118379K [0x0000000080000000, 0x0000000100000000)
  region size 1024K, 3 young (3072K), 3 survivors (3072K)
 Metaspace       used 107016K, capacity 110173K, committed 110424K, reserved 1144832K
  class space    used 14098K, capacity 15344K, committed 15448K, reserved 1048576K
}
Event: 46.068 GC heap before
{Heap before GC invocations=48 (full 0):
 garbage-first heap   total 225280K, used 170603K [0x0000000080000000, 0x0000000100000000)
  region size 1024K, 55 young (56320K), 3 survivors (3072K)
 Metaspace       used 108901K, capacity 112383K, committed 112600K, reserved 1146880K
  class space    used 14364K, capacity 15760K, committed 15832K, reserved 1048576K
}
Event: 46.079 GC heap after
{Heap after GC invocations=49 (full 0):
 garbage-first heap   total 225280K, used 119859K [0x0000000080000000, 0x0000000100000000)
  region size 1024K, 5 young (5120K), 5 survivors (5120K)
 Metaspace       used 108901K, capacity 112383K, committed 112600K, reserved 1146880K
  class space    used 14364K, capacity 15760K, committed 15832K, reserved 1048576K
}
Event: 47.157 GC heap before
{Heap before GC invocations=50 (full 0):
 garbage-first heap   total 225280K, used 167987K [0x0000000080000000, 0x0000000100000000)
  region size 1024K, 54 young (55296K), 5 survivors (5120K)
 Metaspace       used 108771K, capacity 111795K, committed 113112K, reserved 1146880K
  class space    used 14122K, capacity 15311K, committed 15832K, reserved 1048576K
}
Event: 47.171 GC heap after
{Heap after GC invocations=51 (full 0):
 garbage-first heap   total 225280K, used 119715K [0x0000000080000000, 0x0000000100000000)
  region size 1024K, 5 young (5120K), 5 survivors (5120K)
 Metaspace       used 108771K, capacity 111795K, committed 113112K, reserved 1146880K
  class space    used 14122K, capacity 15311K, committed 15832K, reserved 1048576K
}
Event: 47.876 GC heap before
{Heap before GC invocations=52 (full 0):
 garbage-first heap   total 225280K, used 143267K [0x0000000080000000, 0x0000000100000000)
  region size 1024K, 27 young (27648K), 5 survivors (5120K)
 Metaspace       used 109329K, capacity 112429K, committed 113624K, reserved 1146880K
  class space    used 14198K, capacity 15379K, committed 15832K, reserved 1048576K
}
Event: 47.889 GC heap after
{Heap after GC invocations=53 (full 0):
 garbage-first heap   total 225280K, used 118856K [0x0000000080000000, 0x0000000100000000)
  region size 1024K, 4 young (4096K), 4 survivors (4096K)
 Metaspace       used 109329K, capacity 112429K, committed 113624K, reserved 1146880K
  class space    used 14198K, capacity 15379K, committed 15832K, reserved 1048576K
}

Deoptimization events (20 events):
Event: 49.523 Thread 0x0000021175262000 Uncommon trap: trap_request=0xffffff4d fr.pc=0x000002115e9c900c relative=0x000000000000034c
Event: 49.523 Thread 0x0000021175262000 Uncommon trap: reason=unstable_if action=reinterpret pc=0x000002115e9c900c method=java.io.BufferedOutputStream.write([BII)V @ 6 c2
Event: 49.523 Thread 0x0000021175262000 DEOPT PACKING pc=0x000002115e9c900c sp=0x0000009c028fe130
Event: 49.523 Thread 0x0000021175262000 DEOPT UNPACKING pc=0x000002115661a1af sp=0x0000009c028fe0d8 mode 2
Event: 49.526 Thread 0x0000021175262000 Uncommon trap: trap_request=0xffffff4d fr.pc=0x000002115e66ca68 relative=0x0000000000000d48
Event: 49.526 Thread 0x0000021175262000 Uncommon trap: reason=unstable_if action=reinterpret pc=0x000002115e66ca68 method=com.google.common.collect.MapMakerInternalMap$Segment.drainKeyReferenceQueue(Ljava/lang/ref/ReferenceQueue;)V @ 8 c2
Event: 49.526 Thread 0x0000021175262000 DEOPT PACKING pc=0x000002115e66ca68 sp=0x0000009c028fdcd0
Event: 49.526 Thread 0x0000021175262000 DEOPT UNPACKING pc=0x000002115661a1af sp=0x0000009c028fdbd0 mode 2
Event: 49.533 Thread 0x000002117525f800 Uncommon trap: trap_request=0xffffffde fr.pc=0x000002115e797e98 relative=0x0000000000000f18
Event: 49.533 Thread 0x000002117525f800 Uncommon trap: reason=class_check action=maybe_recompile pc=0x000002115e797e98 method=org.gradle.internal.snapshot.ChildMap$Entry.handleAncestorDescendantOrExactMatch(Lorg/gradle/internal/snapshot/VfsRelativePath;Lorg/gradle/internal/snapshot/CaseSensitiv
Event: 49.533 Thread 0x000002117525f800 DEOPT PACKING pc=0x000002115e797e98 sp=0x0000009c026fc710
Event: 49.533 Thread 0x000002117525f800 DEOPT UNPACKING pc=0x000002115661a1af sp=0x0000009c026fc6e0 mode 2
Event: 49.533 Thread 0x000002117525f800 Uncommon trap: trap_request=0xffffffde fr.pc=0x000002115e797e98 relative=0x0000000000000f18
Event: 49.533 Thread 0x000002117525f800 Uncommon trap: reason=class_check action=maybe_recompile pc=0x000002115e797e98 method=org.gradle.internal.snapshot.ChildMap$Entry.handleAncestorDescendantOrExactMatch(Lorg/gradle/internal/snapshot/VfsRelativePath;Lorg/gradle/internal/snapshot/CaseSensitiv
Event: 49.533 Thread 0x000002117525f800 DEOPT PACKING pc=0x000002115e797e98 sp=0x0000009c026fc710
Event: 49.533 Thread 0x000002117525f800 DEOPT UNPACKING pc=0x000002115661a1af sp=0x0000009c026fc6e0 mode 2
Event: 49.889 Thread 0x000002117525f800 Uncommon trap: trap_request=0xffffff4d fr.pc=0x000002115ea0ed00 relative=0x0000000000000760
Event: 49.889 Thread 0x000002117525f800 Uncommon trap: reason=unstable_if action=reinterpret pc=0x000002115ea0ed00 method=java.io.ObjectOutputStream$ReplaceTable.lookup(Ljava/lang/Object;)Ljava/lang/Object; @ 10 c2
Event: 49.889 Thread 0x000002117525f800 DEOPT PACKING pc=0x000002115ea0ed00 sp=0x0000009c026f9dc0
Event: 49.889 Thread 0x000002117525f800 DEOPT UNPACKING pc=0x000002115661a1af sp=0x0000009c026f9db0 mode 2

Classes redefined (0 events):
No events

Internal exceptions (20 events):
Event: 46.878 Thread 0x000002117525c000 Exception <a 'sun/nio/fs/WindowsException'{0x000000008b142fe0}> (0x000000008b142fe0) thrown at [./src/hotspot/share/prims/jni.cpp, line 615]
Event: 47.544 Thread 0x000002117525f800 Exception <a 'java/lang/NoSuchMethodError'{0x000000008d9b0e38}: 'java.lang.Object java.lang.invoke.DirectMethodHandle$Holder.newInvokeSpecial(java.lang.Object, java.lang.Object, java.lang.Object, java.lang.Object)'> (0x000000008d9b0e38) thrown at [./src/hotspot/share/interpreter/linkResolver.cpp, line 773]
Event: 47.565 Thread 0x0000021170231000 Exception <a 'java/lang/NoSuchMethodError'{0x000000008d86a978}: <clinit>> (0x000000008d86a978) thrown at [./src/hotspot/share/prims/jni.cpp, line 1365]
Event: 47.669 Thread 0x000002117525f800 Exception <a 'java/lang/NoSuchMethodError'{0x000000008d7f0790}: <clinit>> (0x000000008d7f0790) thrown at [./src/hotspot/share/prims/jni.cpp, line 1365]
Event: 47.911 Thread 0x0000021175266800 Exception <a 'sun/nio/fs/WindowsException'{0x000000008db85fc0}> (0x000000008db85fc0) thrown at [./src/hotspot/share/prims/jni.cpp, line 615]
Event: 47.937 Thread 0x000002117526b000 Exception <a 'sun/nio/fs/WindowsException'{0x000000008da7e5f0}> (0x000000008da7e5f0) thrown at [./src/hotspot/share/prims/jni.cpp, line 615]
Event: 47.970 Thread 0x0000021175269000 Exception <a 'sun/nio/fs/WindowsException'{0x000000008d9ab4e0}> (0x000000008d9ab4e0) thrown at [./src/hotspot/share/prims/jni.cpp, line 615]
Event: 48.009 Thread 0x0000021175265000 Exception <a 'sun/nio/fs/WindowsException'{0x000000008d59a6a8}> (0x000000008d59a6a8) thrown at [./src/hotspot/share/prims/jni.cpp, line 615]
Event: 48.018 Thread 0x000002117525d000 Exception <a 'sun/nio/fs/WindowsException'{0x000000008d481fb8}> (0x000000008d481fb8) thrown at [./src/hotspot/share/prims/jni.cpp, line 615]
Event: 48.025 Thread 0x000002117525c000 Exception <a 'sun/nio/fs/WindowsException'{0x000000008d884368}> (0x000000008d884368) thrown at [./src/hotspot/share/prims/jni.cpp, line 615]
Event: 48.052 Thread 0x0000021175263800 Exception <a 'sun/nio/fs/WindowsException'{0x000000008d3a2620}> (0x000000008d3a2620) thrown at [./src/hotspot/share/prims/jni.cpp, line 615]
Event: 48.202 Thread 0x0000021175263800 Exception <a 'sun/nio/fs/WindowsException'{0x000000008c92a760}> (0x000000008c92a760) thrown at [./src/hotspot/share/prims/jni.cpp, line 615]
Event: 48.207 Thread 0x000002117525d000 Exception <a 'sun/nio/fs/WindowsException'{0x000000008c9ef0b8}> (0x000000008c9ef0b8) thrown at [./src/hotspot/share/prims/jni.cpp, line 615]
Event: 48.247 Thread 0x000002117525c000 Exception <a 'sun/nio/fs/WindowsException'{0x000000008c693d58}> (0x000000008c693d58) thrown at [./src/hotspot/share/prims/jni.cpp, line 615]
Event: 48.258 Thread 0x0000021175265000 Exception <a 'sun/nio/fs/WindowsException'{0x000000008d46a0b0}> (0x000000008d46a0b0) thrown at [./src/hotspot/share/prims/jni.cpp, line 615]
Event: 48.315 Thread 0x000002117526b000 Exception <a 'sun/nio/fs/WindowsException'{0x000000008bff0040}> (0x000000008bff0040) thrown at [./src/hotspot/share/prims/jni.cpp, line 615]
Event: 48.339 Thread 0x0000021175269000 Exception <a 'sun/nio/fs/WindowsException'{0x000000008be9bbf8}> (0x000000008be9bbf8) thrown at [./src/hotspot/share/prims/jni.cpp, line 615]
Event: 49.495 Thread 0x0000021175266800 Exception <a 'sun/nio/fs/WindowsException'{0x000000008ac37c30}> (0x000000008ac37c30) thrown at [./src/hotspot/share/prims/jni.cpp, line 615]
Event: 49.898 Thread 0x000002117525f800 Exception <a 'java/lang/NoSuchMethodError'{0x000000008a2347c0}: <clinit>> (0x000000008a2347c0) thrown at [./src/hotspot/share/prims/jni.cpp, line 1365]
Event: 49.900 Thread 0x000002117525f800 Exception <a 'java/lang/NoSuchMethodError'{0x000000008a2471b0}: <clinit>> (0x000000008a2471b0) thrown at [./src/hotspot/share/prims/jni.cpp, line 1365]

Events (20 events):
Event: 49.847 loading class com/android/build/gradle/internal/packaging/IncrementalPackagerBuilder$BuildType
Event: 49.847 loading class com/android/build/gradle/internal/packaging/IncrementalPackagerBuilder$BuildType done
Event: 49.854 loading class com/android/build/api/variant/impl/VariantOutputListKt
Event: 49.854 loading class com/android/build/api/variant/impl/VariantOutputListKt done
Event: 49.858 loading class com/android/builder/files/SerializableInputChanges$Companion
Event: 49.858 loading class com/android/builder/files/SerializableInputChanges$Companion done
Event: 49.860 loading class com/android/build/gradle/internal/signing/SigningConfigProviderParams$Companion
Event: 49.860 loading class com/android/build/gradle/internal/signing/SigningConfigProviderParams$Companion done
Event: 49.882 loading class com/google/common/collect/ImmutableList$SerializedForm
Event: 49.882 loading class com/google/common/collect/ImmutableList$SerializedForm done
Event: 49.912 loading class kotlin/collections/EmptyList
Event: 49.912 loading class kotlin/collections/EmptyList done
Event: 49.912 loading class com/android/build/api/artifact/impl/ArtifactTransformationRequestImpl$submit$4
Event: 49.912 loading class com/android/build/api/artifact/impl/ArtifactTransformationRequestImpl$submit$4 done
Event: 49.914 loading class org/gradle/internal/work/DefaultAsyncWorkTracker$2
Event: 49.914 loading class org/gradle/internal/work/DefaultAsyncWorkTracker$2 done
Event: 49.915 loading class org/gradle/internal/work/DefaultAsyncWorkTracker$1
Event: 49.915 loading class org/gradle/internal/work/DefaultAsyncWorkTracker$1 done
Event: 49.916 loading class org/gradle/internal/work/DefaultWorkerLeaseService$4
Event: 49.916 loading class org/gradle/internal/work/DefaultWorkerLeaseService$4 done


Dynamic libraries:
0x00007ff65d8d0000 - 0x00007ff65d8da000 	C:\Program Files\Android\Android Studio\jre\bin\java.exe
0x00007ffa74a60000 - 0x00007ffa74c69000 	C:\WINDOWS\SYSTEM32\ntdll.dll
0x00007ffa739f0000 - 0x00007ffa73aae000 	C:\WINDOWS\System32\KERNEL32.DLL
0x00007ffa72000000 - 0x00007ffa7237b000 	C:\WINDOWS\System32\KERNELBASE.dll
0x00007ffa727c0000 - 0x00007ffa728d1000 	C:\WINDOWS\System32\ucrtbase.dll
0x00007ffa5d9a0000 - 0x00007ffa5d9b9000 	C:\Program Files\Android\Android Studio\jre\bin\jli.dll
0x00007ffa58360000 - 0x00007ffa58377000 	C:\Program Files\Android\Android Studio\jre\bin\VCRUNTIME140.dll
0x00007ffa72940000 - 0x00007ffa72aed000 	C:\WINDOWS\System32\USER32.dll
0x00007ffa71f30000 - 0x00007ffa71f56000 	C:\WINDOWS\System32\win32u.dll
0x00007ffa73df0000 - 0x00007ffa73e19000 	C:\WINDOWS\System32\GDI32.dll
0x00007ffa58510000 - 0x00007ffa587b5000 	C:\WINDOWS\WinSxS\amd64_microsoft.windows.common-controls_6595b64144ccf1df_6.0.22000.120_none_9d947278b86cc467\COMCTL32.dll
0x00007ffa72400000 - 0x00007ffa72518000 	C:\WINDOWS\System32\gdi32full.dll
0x00007ffa736f0000 - 0x00007ffa73793000 	C:\WINDOWS\System32\msvcrt.dll
0x00007ffa71f60000 - 0x00007ffa71ffd000 	C:\WINDOWS\System32\msvcp_win.dll
0x00007ffa748c0000 - 0x00007ffa748f2000 	C:\WINDOWS\System32\IMM32.DLL
0x00007ffa34320000 - 0x00007ffa343bd000 	C:\Program Files\Android\Android Studio\jre\bin\msvcp140.dll
0x00007ffa31740000 - 0x00007ffa32225000 	C:\Program Files\Android\Android Studio\jre\bin\server\jvm.dll
0x00007ffa73d40000 - 0x00007ffa73dee000 	C:\WINDOWS\System32\ADVAPI32.dll
0x00007ffa73880000 - 0x00007ffa7391e000 	C:\WINDOWS\System32\sechost.dll
0x00007ffa747a0000 - 0x00007ffa748c0000 	C:\WINDOWS\System32\RPCRT4.dll
0x00007ffa72ed0000 - 0x00007ffa72ed8000 	C:\WINDOWS\System32\PSAPI.DLL
0x00007ffa5b5a0000 - 0x00007ffa5b5a9000 	C:\WINDOWS\SYSTEM32\WSOCK32.dll
0x00007ffa6bb40000 - 0x00007ffa6bb73000 	C:\WINDOWS\SYSTEM32\WINMM.dll
0x00007ffa72b00000 - 0x00007ffa72b6f000 	C:\WINDOWS\System32\WS2_32.dll
0x00007ffa64e30000 - 0x00007ffa64e3a000 	C:\WINDOWS\SYSTEM32\VERSION.dll
0x00007ffa70f70000 - 0x00007ffa70f88000 	C:\WINDOWS\SYSTEM32\kernel.appcore.dll
0x00007ffa6c280000 - 0x00007ffa6c291000 	C:\Program Files\Android\Android Studio\jre\bin\verify.dll
0x00007ffa6fa00000 - 0x00007ffa6fc21000 	C:\WINDOWS\SYSTEM32\DBGHELP.DLL
0x00007ffa6ee70000 - 0x00007ffa6eea1000 	C:\WINDOWS\SYSTEM32\dbgcore.DLL
0x00007ffa72380000 - 0x00007ffa723ff000 	C:\WINDOWS\System32\bcryptPrimitives.dll
0x00007ffa6bdf0000 - 0x00007ffa6be19000 	C:\Program Files\Android\Android Studio\jre\bin\java.dll
0x00007ffa6dba0000 - 0x00007ffa6dbab000 	C:\Program Files\Android\Android Studio\jre\bin\jimage.dll
0x00007ffa69690000 - 0x00007ffa696a8000 	C:\Program Files\Android\Android Studio\jre\bin\zip.dll
0x00007ffa73fe0000 - 0x00007ffa74798000 	C:\WINDOWS\System32\SHELL32.dll
0x00007ffa6ffe0000 - 0x00007ffa70845000 	C:\WINDOWS\SYSTEM32\windows.storage.dll
0x00007ffa73370000 - 0x00007ffa736e8000 	C:\WINDOWS\System32\combase.dll
0x00007ffa6fe70000 - 0x00007ffa6ffd6000 	C:\WINDOWS\SYSTEM32\wintypes.dll
0x00007ffa72de0000 - 0x00007ffa72eca000 	C:\WINDOWS\System32\SHCORE.dll
0x00007ffa73ce0000 - 0x00007ffa73d3d000 	C:\WINDOWS\System32\shlwapi.dll
0x00007ffa71e60000 - 0x00007ffa71e81000 	C:\WINDOWS\SYSTEM32\profapi.dll
0x00007ffa629a0000 - 0x00007ffa629ba000 	C:\Program Files\Android\Android Studio\jre\bin\net.dll
0x00007ffa6e940000 - 0x00007ffa6ea54000 	C:\WINDOWS\SYSTEM32\WINHTTP.dll
0x00007ffa71450000 - 0x00007ffa714b7000 	C:\WINDOWS\system32\mswsock.dll
0x00007ffa62110000 - 0x00007ffa62124000 	C:\Program Files\Android\Android Studio\jre\bin\nio.dll
0x00007ffa5dd50000 - 0x00007ffa5dd77000 	C:\Users\82105\.gradle\native\e1d6ef7f7dcc3fd88c89a11ec53ec762bb8ba0a96d01ffa2cd45eb1d1d8dd5c5\windows-amd64\native-platform.dll
0x00007ffa337d0000 - 0x00007ffa33914000 	C:\Users\82105\.gradle\native\5664cfc778a61ccfe75a443a1ab52a65af34e5dc3c78e0209fed803814484fcb\windows-amd64\native-platform-file-events.dll
0x00007ffa6d3d0000 - 0x00007ffa6d3da000 	C:\Program Files\Android\Android Studio\jre\bin\management.dll
0x00007ffa6c540000 - 0x00007ffa6c54d000 	C:\Program Files\Android\Android Studio\jre\bin\management_ext.dll
0x00007ffa71700000 - 0x00007ffa71718000 	C:\WINDOWS\SYSTEM32\CRYPTSP.dll
0x00007ffa70ed0000 - 0x00007ffa70f05000 	C:\WINDOWS\system32\rsaenh.dll
0x00007ffa715b0000 - 0x00007ffa715d9000 	C:\WINDOWS\SYSTEM32\USERENV.dll
0x00007ffa71880000 - 0x00007ffa718a7000 	C:\WINDOWS\SYSTEM32\bcrypt.dll
0x00007ffa71b70000 - 0x00007ffa71b7c000 	C:\WINDOWS\SYSTEM32\CRYPTBASE.dll
0x00007ffa70aa0000 - 0x00007ffa70acd000 	C:\WINDOWS\SYSTEM32\IPHLPAPI.DLL
0x00007ffa72dc0000 - 0x00007ffa72dc9000 	C:\WINDOWS\System32\NSI.dll
0x00007ffa69b30000 - 0x00007ffa69b49000 	C:\WINDOWS\SYSTEM32\dhcpcsvc6.DLL
0x00007ffa6b8e0000 - 0x00007ffa6b8fe000 	C:\WINDOWS\SYSTEM32\dhcpcsvc.DLL
0x00007ffa70ad0000 - 0x00007ffa70bb8000 	C:\WINDOWS\SYSTEM32\DNSAPI.dll
0x00007ffa61020000 - 0x00007ffa61047000 	C:\Program Files\Android\Android Studio\jre\bin\sunec.dll

dbghelp: loaded successfully - version: 4.0.5 - missing functions: none
symbol engine: initialized successfully - sym options: 0x614 - pdb path: .;C:\Program Files\Android\Android Studio\jre\bin;C:\WINDOWS\SYSTEM32;C:\WINDOWS\WinSxS\amd64_microsoft.windows.common-controls_6595b64144ccf1df_6.0.22000.120_none_9d947278b86cc467;C:\Program Files\Android\Android Studio\jre\bin\server;C:\Users\82105\.gradle\native\e1d6ef7f7dcc3fd88c89a11ec53ec762bb8ba0a96d01ffa2cd45eb1d1d8dd5c5\windows-amd64;C:\Users\82105\.gradle\native\5664cfc778a61ccfe75a443a1ab52a65af34e5dc3c78e0209fed803814484fcb\windows-amd64

VM Arguments:
jvm_args: --add-opens=java.base/java.util=ALL-UNNAMED --add-opens=java.base/java.lang=ALL-UNNAMED --add-opens=java.base/java.lang.invoke=ALL-UNNAMED --add-opens=java.base/java.util=ALL-UNNAMED --add-opens=java.prefs/java.util.prefs=ALL-UNNAMED --add-opens=java.prefs/java.util.prefs=ALL-UNNAMED --add-opens=java.base/java.nio.charset=ALL-UNNAMED --add-opens=java.base/java.net=ALL-UNNAMED --add-opens=java.base/java.util.concurrent.atomic=ALL-UNNAMED -Xmx2048m -Dfile.encoding=UTF-8 -Duser.country=KR -Duser.language=ko -Duser.variant 
java_command: org.gradle.launcher.daemon.bootstrap.GradleDaemon 7.3.3
java_class_path (initial): C:\Users\82105\.gradle\wrapper\dists\gradle-7.3.3-bin\6a41zxkdtcxs8rphpq6y0069z\gradle-7.3.3\lib\gradle-launcher-7.3.3.jar
Launcher Type: SUN_STANDARD

[Global flags]
     intx CICompilerCount                          = 4                                         {product} {ergonomic}
     uint ConcGCThreads                            = 2                                         {product} {ergonomic}
     uint G1ConcRefinementThreads                  = 8                                         {product} {ergonomic}
   size_t G1HeapRegionSize                         = 1048576                                   {product} {ergonomic}
    uintx GCDrainStackTargetSize                   = 64                                        {product} {ergonomic}
   size_t InitialHeapSize                          = 132120576                                 {product} {ergonomic}
   size_t MarkStackSize                            = 4194304                                   {product} {ergonomic}
   size_t MaxHeapSize                              = 2147483648                                {product} {command line}
   size_t MaxNewSize                               = 1287651328                                {product} {ergonomic}
   size_t MinHeapDeltaBytes                        = 1048576                                   {product} {ergonomic}
    uintx NonNMethodCodeHeapSize                   = 5836300                                {pd product} {ergonomic}
    uintx NonProfiledCodeHeapSize                  = 122910970                              {pd product} {ergonomic}
    uintx ProfiledCodeHeapSize                     = 122910970                              {pd product} {ergonomic}
    uintx ReservedCodeCacheSize                    = 251658240                              {pd product} {ergonomic}
     bool SegmentedCodeCache                       = true                                      {product} {ergonomic}
     bool UseCompressedClassPointers               = true                                 {lp64_product} {ergonomic}
     bool UseCompressedOops                        = true                                 {lp64_product} {ergonomic}
     bool UseG1GC                                  = true                                      {product} {ergonomic}
     bool UseLargePagesIndividualAllocation        = false                                  {pd product} {ergonomic}

Logging:
Log output configuration:
 #0: stdout all=warning uptime,level,tags
 #1: stderr all=off uptime,level,tags

Environment Variables:
JAVA_HOME=C:\Program Files\Java\jdk-11.0.14
CLASSPATH=C:\Program Files\Java\jdk-11.0.14\lib
PATH=C:\oraclexe\app\oracle\product\11.2.0\server\bin;C:\Program Files (x86)\Intel\Intel(R) Management Engine Components\iCLS\;C:\Program Files\Intel\Intel(R) Management Engine Components\iCLS\;C:\WINDOWS\system32;C:\WINDOWS;C:\WINDOWS\System32\Wbem;C:\WINDOWS\System32\WindowsPowerShell\v1.0\;C:\WINDOWS\System32\OpenSSH\;C:\Program Files (x86)\Intel\Intel(R) Management Engine Components\DAL;C:\Program Files\Intel\Intel(R) Management Engine Components\DAL;C:\Program Files (x86)\PuTTY\;C:\Program Files\Java\jdk-11.0.14\bin;C:\Program Files\Git\cmd;C:\MinGW\bin;C:\Program Files\nodejs\;C:\Bitnami\wampstack-8.0.5-0\mysql\bin;C:\dev\apache-maven-3.8.5\bin;C:\dev\gradle-7.4\bin;C:\Program Files\PuTTY\;C:\Program Files\Docker\Docker\resources\bin;C:\ProgramData\DockerDesktop\version-bin;C:\Program Files\MySQL\MySQL Shell 8.0\bin\;C:\Users\82105\anaconda3;C:\Users\82105\anaconda3\Library\mingw-w64\bin;C:\Users\82105\anaconda3\Library\usr\bin;C:\Users\82105\anaconda3\Library\bin;C:\Users\82105\anaconda3\Scripts;C:\Python39\Scripts\;C:\Python39\;C:\Users\82105\AppData\Local\Microsoft\WindowsApps;C:\Program Files\Multipass\bin;"C:\Program Files\JetBrains\IntelliJ IDEA Community Edition 2021.3.1\bin;C:\Windows\System32";;C:\Users\82105\AppData\Local\Programs\Microsoft VS Code\bin;C:\Users\82105\AppData\Roaming\npm;C:\Users\82105\AppData\Local\Google\Cloud SDK\google-cloud-sdk\bin
USERNAME=82105
OS=Windows_NT
PROCESSOR_IDENTIFIER=Intel64 Family 6 Model 142 Stepping 12, GenuineIntel



---------------  S Y S T E M  ---------------

OS: Windows 10 , 64 bit Build 22000 (10.0.22000.1219)
OS uptime: 8 days 19:05 hours
Hyper-V role detected

CPU:total 8 (initial active 8) (4 cores per cpu, 2 threads per core) family 6 model 142 stepping 12 microcode 0xde, cmov, cx8, fxsr, mmx, sse, sse2, sse3, ssse3, sse4.1, sse4.2, popcnt, avx, avx2, aes, clmul, erms, 3dnowpref, lzcnt, ht, tsc, tscinvbit, bmi1, bmi2, adx, fma

Memory: 4k page, system-wide physical 7986M (513M free)
TotalPageFile size 16178M (AvailPageFile size 7M)
current process WorkingSet (physical memory assigned to process): 557M, peak: 561M
current process commit charge ("private bytes"): 600M, peak: 603M

vm_info: OpenJDK 64-Bit Server VM (11.0.12+7-b1504.28-7817840) for windows-amd64 JRE (11.0.12+7-b1504.28-7817840), built on Oct 13 2021 22:12:33 by "builder" with MS VC++ 14.0 (VS2015)

END.
